<resultados>
	<mundos>
		<mundo nombre="mundo_0">
			<linea fila="42" compresionDeCeros="true">(1) 1 1 1 1 1 1 1 (9) 1 1 1 1 1 1 1 (17) 1 1 1 1 1 1 (24) 1 1 1 1 1 (30) 1 1 1 1 (35) 1 1 1 (39) 1 1 (42) 1 </linea>
			<linea fila="41" compresionDeCeros="true">(1) 1 1 1 1 1 1 1 (9) 1 1 1 1 1 1 1 (17) 1 1 1 1 1 1 (24) 1 1 1 1 1 (30) 1 1 1 1 (35) 1 1 1 (39) 1 1 (42) 1 </linea>
			<linea fila="40" compresionDeCeros="true">(1) 1 1 1 1 1 1 1 (9) 1 1 1 1 1 1 1 (17) 1 1 1 1 1 1 (24) 1 1 1 1 1 (30) 1 1 1 1 (35) 1 1 1 (39) 1 1 (42) 1 </linea>
			<linea fila="39" compresionDeCeros="true">(1) 1 1 1 1 1 1 1 (9) 1 1 1 1 1 1 1 (17) 1 1 1 1 1 1 (24) 1 1 1 1 1 (30) 1 1 1 1 (35) 1 1 1 (39) 1 1 (42) 1 </linea>
			<linea fila="38" compresionDeCeros="true">(1) 1 1 1 1 1 1 1 (9) 1 1 1 1 1 1 1 (17) 1 1 1 1 1 1 (24) 1 1 1 1 1 (30) 1 1 1 1 (35) 1 1 1 (39) 1 1 (42) 1 </linea>
			<linea fila="37" compresionDeCeros="true">(1) 1 1 1 1 1 1 1 (9) 1 1 1 1 1 1 1 (17) 1 1 1 1 1 1 (24) 1 1 1 1 1 (30) 1 1 1 1 (35) 1 1 1 (39) 1 1 (42) 1 </linea>
			<linea fila="36" compresionDeCeros="true">(1) 1 1 1 1 1 1 1 (9) 1 1 1 1 1 1 1 (17) 1 1 1 1 1 1 (24) 1 1 1 1 1 (30) 1 1 1 1 (35) 1 1 1 (39) 1 1 (42) 1 </linea>
			<linea fila="34" compresionDeCeros="true">(1) 1 1 1 1 1 1 1 (9) 1 1 1 1 1 1 1 (17) 1 1 1 1 1 1 (24) 1 1 1 1 1 (30) 1 1 1 1 (35) 1 1 1 (39) 1 1 (42) 1 </linea>
			<linea fila="33" compresionDeCeros="true">(1) 1 1 1 1 1 1 1 (9) 1 1 1 1 1 1 1 (17) 1 1 1 1 1 1 (24) 1 1 1 1 1 (30) 1 1 1 1 (35) 1 1 1 (39) 1 1 (42) 1 </linea>
			<linea fila="32" compresionDeCeros="true">(1) 1 1 1 1 1 1 1 (9) 1 1 1 1 1 1 1 (17) 1 1 1 1 1 1 (24) 1 1 1 1 1 (30) 1 1 1 1 (35) 1 1 1 (39) 1 1 (42) 1 </linea>
			<linea fila="31" compresionDeCeros="true">(1) 1 1 1 1 1 1 1 (9) 1 1 1 1 1 1 1 (17) 1 1 1 1 1 1 (24) 1 1 1 1 1 (30) 1 1 1 1 (35) 1 1 1 (39) 1 1 (42) 1 </linea>
			<linea fila="30" compresionDeCeros="true">(1) 1 1 1 1 1 1 1 (9) 1 1 1 1 1 1 1 (17) 1 1 1 1 1 1 (24) 1 1 1 1 1 (30) 1 1 1 1 (35) 1 1 1 (39) 1 1 (42) 1 </linea>
			<linea fila="29" compresionDeCeros="true">(1) 1 1 1 1 1 1 1 (9) 1 1 1 1 1 1 1 (17) 1 1 1 1 1 1 (24) 1 1 1 1 1 (30) 1 1 1 1 (35) 1 1 1 (39) 1 1 (42) 1 </linea>
			<linea fila="28" compresionDeCeros="true">(1) 1 1 1 1 1 1 1 (9) 1 1 1 1 1 1 1 (17) 1 1 1 1 1 1 (24) 1 1 1 1 1 (30) 1 1 1 1 (35) 1 1 1 (39) 1 1 (42) 1 </linea>
			<linea fila="26" compresionDeCeros="true">(1) 1 1 1 1 1 1 1 (9) 1 1 1 1 1 1 1 (17) 1 1 1 1 1 1 (24) 1 1 1 1 1 (30) 1 1 1 1 (35) 1 1 1 (39) 1 1 (42) 1 </linea>
			<linea fila="25" compresionDeCeros="true">(1) 1 1 1 1 1 1 1 (9) 1 1 1 1 1 1 1 (17) 1 1 1 1 1 1 (24) 1 1 1 1 1 (30) 1 1 1 1 (35) 1 1 1 (39) 1 1 (42) 1 </linea>
			<linea fila="24" compresionDeCeros="true">(1) 1 1 1 1 1 1 1 (9) 1 1 1 1 1 1 1 (17) 1 1 1 1 1 1 (24) 1 1 1 1 1 (30) 1 1 1 1 (35) 1 1 1 (39) 1 1 (42) 1 </linea>
			<linea fila="23" compresionDeCeros="true">(1) 1 1 1 1 1 1 1 (9) 1 1 1 1 1 1 1 (17) 1 1 1 1 1 1 (24) 1 1 1 1 1 (30) 1 1 1 1 (35) 1 1 1 (39) 1 1 (42) 1 </linea>
			<linea fila="22" compresionDeCeros="true">(1) 1 1 1 1 1 1 1 (9) 1 1 1 1 1 1 1 (17) 1 1 1 1 1 1 (24) 1 1 1 1 1 (30) 1 1 1 1 (35) 1 1 1 (39) 1 1 (42) 1 </linea>
			<linea fila="21" compresionDeCeros="true">(1) 1 1 1 1 1 1 1 (9) 1 1 1 1 1 1 1 (17) 1 1 1 1 1 1 (24) 1 1 1 1 1 (30) 1 1 1 1 (35) 1 1 1 (39) 1 1 (42) 1 </linea>
			<linea fila="19" compresionDeCeros="true">(1) 1 1 1 1 1 1 1 (9) 1 1 1 1 1 1 1 (17) 1 1 1 1 1 1 (24) 1 1 1 1 1 (30) 1 1 1 1 (35) 1 1 1 (39) 1 1 (42) 1 </linea>
			<linea fila="18" compresionDeCeros="true">(1) 1 1 1 1 1 1 1 (9) 1 1 1 1 1 1 1 (17) 1 1 1 1 1 1 (24) 1 1 1 1 1 (30) 1 1 1 1 (35) 1 1 1 (39) 1 1 (42) 1 </linea>
			<linea fila="17" compresionDeCeros="true">(1) 1 1 1 1 1 1 1 (9) 1 1 1 1 1 1 1 (17) 1 1 1 1 1 1 (24) 1 1 1 1 1 (30) 1 1 1 1 (35) 1 1 1 (39) 1 1 (42) 1 </linea>
			<linea fila="16" compresionDeCeros="true">(1) 1 1 1 1 1 1 1 (9) 1 1 1 1 1 1 1 (17) 1 1 1 1 1 1 (24) 1 1 1 1 1 (30) 1 1 1 1 (35) 1 1 1 (39) 1 1 (42) 1 </linea>
			<linea fila="15" compresionDeCeros="true">(1) 1 1 1 1 1 1 1 (9) 1 1 1 1 1 1 1 (17) 1 1 1 1 1 1 (24) 1 1 1 1 1 (30) 1 1 1 1 (35) 1 1 1 (39) 1 1 (42) 1 </linea>
			<linea fila="13" compresionDeCeros="true">(1) 1 1 1 1 1 1 1 (9) 1 1 1 1 1 1 1 (17) 1 1 1 1 1 1 (24) 1 1 1 1 1 (30) 1 1 1 1 (35) 1 1 1 (39) 1 1 (42) 1 </linea>
			<linea fila="12" compresionDeCeros="true">(1) 1 1 1 1 1 1 1 (9) 1 1 1 1 1 1 1 (17) 1 1 1 1 1 1 (24) 1 1 1 1 1 (30) 1 1 1 1 (35) 1 1 1 (39) 1 1 (42) 1 </linea>
			<linea fila="11" compresionDeCeros="true">(1) 1 1 1 1 1 1 1 (9) 1 1 1 1 1 1 1 (17) 1 1 1 1 1 1 (24) 1 1 1 1 1 (30) 1 1 1 1 (35) 1 1 1 (39) 1 1 (42) 1 </linea>
			<linea fila="10" compresionDeCeros="true">(1) 1 1 1 1 1 1 1 (9) 1 1 1 1 1 1 1 (17) 1 1 1 1 1 1 (24) 1 1 1 1 1 (30) 1 1 1 1 (35) 1 1 1 (39) 1 1 (42) 1 </linea>
			<linea fila="8" compresionDeCeros="true">(1) 1 1 1 1 1 1 1 (9) 1 1 1 1 1 1 1 (17) 1 1 1 1 1 1 (24) 1 1 1 1 1 (30) 1 1 1 1 (35) 1 1 1 (39) 1 1 (42) 1 </linea>
			<linea fila="7" compresionDeCeros="true">(1) 1 1 1 1 1 1 1 (9) 1 1 1 1 1 1 1 (17) 1 1 1 1 1 1 (24) 1 1 1 1 1 (30) 1 1 1 1 (35) 1 1 1 (39) 1 1 (42) 1 </linea>
			<linea fila="6" compresionDeCeros="true">(1) 1 1 1 1 1 1 1 (9) 1 1 1 1 1 1 1 (17) 1 1 1 1 1 1 (24) 1 1 1 1 1 (30) 1 1 1 1 (35) 1 1 1 (39) 1 1 (42) 1 </linea>
			<linea fila="4" compresionDeCeros="true">(1) 1 1 1 1 1 1 1 (9) 1 1 1 1 1 1 1 (17) 1 1 1 1 1 1 (24) 1 1 1 1 1 (30) 1 1 1 1 (35) 1 1 1 (39) 1 1 (42) 1 </linea>
			<linea fila="3" compresionDeCeros="true">(1) 1 1 1 1 1 1 1 (9) 1 1 1 1 1 1 1 (17) 1 1 1 1 1 1 (24) 1 1 1 1 1 (30) 1 1 1 1 (35) 1 1 1 (39) 1 1 (42) 1 </linea>
			<linea fila="1" compresionDeCeros="true">(1) 1 1 1 1 1 1 1 (9) 1 1 1 1 1 1 1 (17) 1 1 1 1 1 1 (24) 1 1 1 1 1 (30) 1 1 1 1 (35) 1 1 1 (39) 1 1 (42) 1 </linea>
		</mundo>
	</mundos>
	<programas>
		<programa nombre="p1" resultadoEjecucion="FIN PROGRAMA"/>
	</programas>
</resultados>

