96
1 1 1 1
3 1 4 1
6 1 8 1
10 1 13 1
15 1 19 1
21 1 26 1
28 1 34 1
36 1 43 1
1 3 1 4
3 3 4 4
6 3 8 4
10 3 13 4
15 3 19 4
21 3 26 4
28 3 34 4
36 3 43 4
1 6 1 8
3 6 4 8
6 6 8 8
10 6 13 8
15 6 19 8
21 6 26 8
28 6 34 8
36 6 43 8
1 10 1 13
3 10 4 13
6 10 8 13
10 10 13 13
15 10 19 13
21 10 26 13
28 10 34 13
36 10 43 13
1 15 1 19
3 15 4 19
6 15 8 19
10 15 13 19
15 15 19 19
21 15 26 19
28 15 34 19
36 15 43 19
1 21 1 26
3 21 4 26
6 21 8 26
10 21 13 26
15 21 19 26
21 21 26 26
28 21 34 26
36 21 43 26
1 28 1 34
3 28 4 34
6 28 8 34
10 28 13 34
15 28 19 34
21 28 26 34
28 28 34 34
36 28 43 34
1 36 1 43
3 36 4 43
6 36 8 43
10 36 13 43
15 36 19 43
21 36 26 43
28 36 34 43
36 36 43 43
1 45 1 53
3 45 4 53
6 45 8 53
10 45 13 53
15 45 19 53
21 45 26 53
28 45 34 53
36 45 43 53
1 55 1 64
3 55 4 64
6 55 8 64
10 55 13 64
15 55 19 64
21 55 26 64
28 55 34 64
36 55 43 64
1 66 1 76
3 66 4 76
6 66 8 76
10 66 13 76
15 66 19 76
21 66 26 76
28 66 34 76
36 66 43 76
1 78 1 89
3 78 4 89
6 78 8 89
10 78 13 89
15 78 19 89
21 78 26 89
28 78 34 89
36 78 43 89
