496
1 1 1 1
3 1 4 1
6 1 8 1
10 1 13 1
15 1 19 1
21 1 26 1
28 1 34 1
36 1 43 1
45 1 53 1
55 1 64 1
66 1 76 1
78 1 89 1
91 1 103 1
105 1 118 1
120 1 134 1
136 1 151 1
153 1 169 1
171 1 188 1
190 1 208 1
210 1 229 1
231 1 251 1
253 1 274 1
276 1 298 1
300 1 323 1
325 1 349 1
351 1 376 1
378 1 404 1
406 1 433 1
435 1 463 1
465 1 494 1
496 1 526 1
528 1 559 1
561 1 593 1
1 3 1 4
3 3 4 4
6 3 8 4
10 3 13 4
15 3 19 4
21 3 26 4
28 3 34 4
36 3 43 4
45 3 53 4
55 3 64 4
66 3 76 4
78 3 89 4
91 3 103 4
105 3 118 4
120 3 134 4
136 3 151 4
153 3 169 4
171 3 188 4
190 3 208 4
210 3 229 4
231 3 251 4
253 3 274 4
276 3 298 4
300 3 323 4
325 3 349 4
351 3 376 4
378 3 404 4
406 3 433 4
435 3 463 4
465 3 494 4
496 3 526 4
528 3 559 4
561 3 593 4
1 6 1 8
3 6 4 8
6 6 8 8
10 6 13 8
15 6 19 8
21 6 26 8
28 6 34 8
36 6 43 8
45 6 53 8
55 6 64 8
66 6 76 8
78 6 89 8
91 6 103 8
105 6 118 8
120 6 134 8
136 6 151 8
153 6 169 8
171 6 188 8
190 6 208 8
210 6 229 8
231 6 251 8
253 6 274 8
276 6 298 8
300 6 323 8
325 6 349 8
351 6 376 8
378 6 404 8
406 6 433 8
435 6 463 8
465 6 494 8
496 6 526 8
528 6 559 8
561 6 593 8
1 10 1 13
3 10 4 13
6 10 8 13
10 10 13 13
15 10 19 13
21 10 26 13
28 10 34 13
36 10 43 13
45 10 53 13
55 10 64 13
66 10 76 13
78 10 89 13
91 10 103 13
105 10 118 13
120 10 134 13
136 10 151 13
153 10 169 13
171 10 188 13
190 10 208 13
210 10 229 13
231 10 251 13
253 10 274 13
276 10 298 13
300 10 323 13
325 10 349 13
351 10 376 13
378 10 404 13
406 10 433 13
435 10 463 13
465 10 494 13
496 10 526 13
528 10 559 13
561 10 593 13
1 15 1 19
3 15 4 19
6 15 8 19
10 15 13 19
15 15 19 19
21 15 26 19
28 15 34 19
36 15 43 19
45 15 53 19
55 15 64 19
66 15 76 19
78 15 89 19
91 15 103 19
105 15 118 19
120 15 134 19
136 15 151 19
153 15 169 19
171 15 188 19
190 15 208 19
210 15 229 19
231 15 251 19
253 15 274 19
276 15 298 19
300 15 323 19
325 15 349 19
351 15 376 19
378 15 404 19
406 15 433 19
435 15 463 19
465 15 494 19
496 15 526 19
528 15 559 19
561 15 593 19
1 21 1 26
3 21 4 26
6 21 8 26
10 21 13 26
15 21 19 26
21 21 26 26
28 21 34 26
36 21 43 26
45 21 53 26
55 21 64 26
66 21 76 26
78 21 89 26
91 21 103 26
105 21 118 26
120 21 134 26
136 21 151 26
153 21 169 26
171 21 188 26
190 21 208 26
210 21 229 26
231 21 251 26
253 21 274 26
276 21 298 26
300 21 323 26
325 21 349 26
351 21 376 26
378 21 404 26
406 21 433 26
435 21 463 26
465 21 494 26
496 21 526 26
528 21 559 26
561 21 593 26
1 28 1 34
3 28 4 34
6 28 8 34
10 28 13 34
15 28 19 34
21 28 26 34
28 28 34 34
36 28 43 34
45 28 53 34
55 28 64 34
66 28 76 34
78 28 89 34
91 28 103 34
105 28 118 34
120 28 134 34
136 28 151 34
153 28 169 34
171 28 188 34
190 28 208 34
210 28 229 34
231 28 251 34
253 28 274 34
276 28 298 34
300 28 323 34
325 28 349 34
351 28 376 34
378 28 404 34
406 28 433 34
435 28 463 34
465 28 494 34
496 28 526 34
528 28 559 34
561 28 593 34
1 36 1 43
3 36 4 43
6 36 8 43
10 36 13 43
15 36 19 43
21 36 26 43
28 36 34 43
36 36 43 43
45 36 53 43
55 36 64 43
66 36 76 43
78 36 89 43
91 36 103 43
105 36 118 43
120 36 134 43
136 36 151 43
153 36 169 43
171 36 188 43
190 36 208 43
210 36 229 43
231 36 251 43
253 36 274 43
276 36 298 43
300 36 323 43
325 36 349 43
351 36 376 43
378 36 404 43
406 36 433 43
435 36 463 43
465 36 494 43
496 36 526 43
528 36 559 43
561 36 593 43
1 45 1 53
3 45 4 53
6 45 8 53
10 45 13 53
15 45 19 53
21 45 26 53
28 45 34 53
36 45 43 53
45 45 53 53
55 45 64 53
66 45 76 53
78 45 89 53
91 45 103 53
105 45 118 53
120 45 134 53
136 45 151 53
153 45 169 53
171 45 188 53
190 45 208 53
210 45 229 53
231 45 251 53
253 45 274 53
276 45 298 53
300 45 323 53
325 45 349 53
351 45 376 53
378 45 404 53
406 45 433 53
435 45 463 53
465 45 494 53
496 45 526 53
528 45 559 53
561 45 593 53
1 55 1 64
3 55 4 64
6 55 8 64
10 55 13 64
15 55 19 64
21 55 26 64
28 55 34 64
36 55 43 64
45 55 53 64
55 55 64 64
66 55 76 64
78 55 89 64
91 55 103 64
105 55 118 64
120 55 134 64
136 55 151 64
153 55 169 64
171 55 188 64
190 55 208 64
210 55 229 64
231 55 251 64
253 55 274 64
276 55 298 64
300 55 323 64
325 55 349 64
351 55 376 64
378 55 404 64
406 55 433 64
435 55 463 64
465 55 494 64
496 55 526 64
528 55 559 64
561 55 593 64
1 66 1 76
3 66 4 76
6 66 8 76
10 66 13 76
15 66 19 76
21 66 26 76
28 66 34 76
36 66 43 76
45 66 53 76
55 66 64 76
66 66 76 76
78 66 89 76
91 66 103 76
105 66 118 76
120 66 134 76
136 66 151 76
153 66 169 76
171 66 188 76
190 66 208 76
210 66 229 76
231 66 251 76
253 66 274 76
276 66 298 76
300 66 323 76
325 66 349 76
351 66 376 76
378 66 404 76
406 66 433 76
435 66 463 76
465 66 494 76
496 66 526 76
528 66 559 76
561 66 593 76
1 78 1 89
3 78 4 89
6 78 8 89
10 78 13 89
15 78 19 89
21 78 26 89
28 78 34 89
36 78 43 89
45 78 53 89
55 78 64 89
66 78 76 89
78 78 89 89
91 78 103 89
105 78 118 89
120 78 134 89
136 78 151 89
153 78 169 89
171 78 188 89
190 78 208 89
210 78 229 89
231 78 251 89
253 78 274 89
276 78 298 89
300 78 323 89
325 78 349 89
351 78 376 89
378 78 404 89
406 78 433 89
435 78 463 89
465 78 494 89
496 78 526 89
528 78 559 89
561 78 593 89
1 91 1 103
3 91 4 103
6 91 8 103
10 91 13 103
15 91 19 103
21 91 26 103
28 91 34 103
36 91 43 103
45 91 53 103
55 91 64 103
66 91 76 103
78 91 89 103
91 91 103 103
105 91 118 103
120 91 134 103
136 91 151 103
153 91 169 103
171 91 188 103
190 91 208 103
210 91 229 103
231 91 251 103
253 91 274 103
276 91 298 103
300 91 323 103
325 91 349 103
351 91 376 103
378 91 404 103
406 91 433 103
435 91 463 103
465 91 494 103
496 91 526 103
528 91 559 103
561 91 593 103
1 105 34 105
36 105 70 105
72 105 107 105
109 105 145 105
147 105 184 105
186 105 224 105
226 105 265 105
267 105 307 105
309 105 350 105
352 105 394 105
396 105 439 105
441 105 485 105
487 105 532 105
534 105 613 105
1 107 34 108
36 107 70 108
72 107 107 108
109 107 145 108
147 107 184 108
186 107 224 108
226 107 265 108
267 107 307 108
309 107 350 108
352 107 394 108
396 107 439 108
441 107 485 108
487 107 532 108
534 107 613 108
1 110 34 113
36 110 70 113
72 110 107 113
109 110 145 113
147 110 184 113
186 110 224 113
226 110 265 113
267 110 307 113
309 110 350 113
352 110 394 113
396 110 439 113
441 110 485 113
487 110 532 113
534 110 613 113
595 1 595 14
595 16 595 30
595 32 595 47
595 49 595 65
595 67 595 103
597 1 598 14
597 16 598 30
597 32 598 47
597 49 598 65
597 67 598 103
600 1 602 14
600 16 602 30
600 32 602 47
600 49 602 65
600 67 602 103
604 1 607 14
604 16 607 30
604 32 607 47
604 49 607 65
604 67 607 103
609 1 613 14
609 16 613 30
609 32 613 47
609 49 613 65
609 67 613 103
