1545
1 1 1 1
3 1 4 1
6 1 8 1
10 1 13 1
15 1 19 1
21 1 26 1
28 1 34 1
36 1 43 1
45 1 53 1
55 1 64 1
66 1 76 1
78 1 89 1
91 1 103 1
105 1 118 1
120 1 134 1
136 1 151 1
153 1 169 1
171 1 188 1
190 1 208 1
210 1 229 1
231 1 251 1
253 1 274 1
276 1 298 1
300 1 323 1
325 1 349 1
351 1 376 1
378 1 404 1
406 1 433 1
435 1 463 1
465 1 494 1
496 1 526 1
528 1 559 1
561 1 593 1
595 1 628 1
630 1 664 1
666 1 701 1
703 1 740 1
1 3 1 4
3 3 4 4
6 3 8 4
10 3 13 4
15 3 19 4
21 3 26 4
28 3 34 4
36 3 43 4
45 3 53 4
55 3 64 4
66 3 76 4
78 3 89 4
91 3 103 4
105 3 118 4
120 3 134 4
136 3 151 4
153 3 169 4
171 3 188 4
190 3 208 4
210 3 229 4
231 3 251 4
253 3 274 4
276 3 298 4
300 3 323 4
325 3 349 4
351 3 376 4
378 3 404 4
406 3 433 4
435 3 463 4
465 3 494 4
496 3 526 4
528 3 559 4
561 3 593 4
595 3 628 4
630 3 664 4
666 3 701 4
703 3 740 4
1 6 1 8
3 6 4 8
6 6 8 8
10 6 13 8
15 6 19 8
21 6 26 8
28 6 34 8
36 6 43 8
45 6 53 8
55 6 64 8
66 6 76 8
78 6 89 8
91 6 103 8
105 6 118 8
120 6 134 8
136 6 151 8
153 6 169 8
171 6 188 8
190 6 208 8
210 6 229 8
231 6 251 8
253 6 274 8
276 6 298 8
300 6 323 8
325 6 349 8
351 6 376 8
378 6 404 8
406 6 433 8
435 6 463 8
465 6 494 8
496 6 526 8
528 6 559 8
561 6 593 8
595 6 628 8
630 6 664 8
666 6 701 8
703 6 740 8
1 10 1 13
3 10 4 13
6 10 8 13
10 10 13 13
15 10 19 13
21 10 26 13
28 10 34 13
36 10 43 13
45 10 53 13
55 10 64 13
66 10 76 13
78 10 89 13
91 10 103 13
105 10 118 13
120 10 134 13
136 10 151 13
153 10 169 13
171 10 188 13
190 10 208 13
210 10 229 13
231 10 251 13
253 10 274 13
276 10 298 13
300 10 323 13
325 10 349 13
351 10 376 13
378 10 404 13
406 10 433 13
435 10 463 13
465 10 494 13
496 10 526 13
528 10 559 13
561 10 593 13
595 10 628 13
630 10 664 13
666 10 701 13
703 10 740 13
1 15 1 19
3 15 4 19
6 15 8 19
10 15 13 19
15 15 19 19
21 15 26 19
28 15 34 19
36 15 43 19
45 15 53 19
55 15 64 19
66 15 76 19
78 15 89 19
91 15 103 19
105 15 118 19
120 15 134 19
136 15 151 19
153 15 169 19
171 15 188 19
190 15 208 19
210 15 229 19
231 15 251 19
253 15 274 19
276 15 298 19
300 15 323 19
325 15 349 19
351 15 376 19
378 15 404 19
406 15 433 19
435 15 463 19
465 15 494 19
496 15 526 19
528 15 559 19
561 15 593 19
595 15 628 19
630 15 664 19
666 15 701 19
703 15 740 19
1 21 1 26
3 21 4 26
6 21 8 26
10 21 13 26
15 21 19 26
21 21 26 26
28 21 34 26
36 21 43 26
45 21 53 26
55 21 64 26
66 21 76 26
78 21 89 26
91 21 103 26
105 21 118 26
120 21 134 26
136 21 151 26
153 21 169 26
171 21 188 26
190 21 208 26
210 21 229 26
231 21 251 26
253 21 274 26
276 21 298 26
300 21 323 26
325 21 349 26
351 21 376 26
378 21 404 26
406 21 433 26
435 21 463 26
465 21 494 26
496 21 526 26
528 21 559 26
561 21 593 26
595 21 628 26
630 21 664 26
666 21 701 26
703 21 740 26
1 28 1 34
3 28 4 34
6 28 8 34
10 28 13 34
15 28 19 34
21 28 26 34
28 28 34 34
36 28 43 34
45 28 53 34
55 28 64 34
66 28 76 34
78 28 89 34
91 28 103 34
105 28 118 34
120 28 134 34
136 28 151 34
153 28 169 34
171 28 188 34
190 28 208 34
210 28 229 34
231 28 251 34
253 28 274 34
276 28 298 34
300 28 323 34
325 28 349 34
351 28 376 34
378 28 404 34
406 28 433 34
435 28 463 34
465 28 494 34
496 28 526 34
528 28 559 34
561 28 593 34
595 28 628 34
630 28 664 34
666 28 701 34
703 28 740 34
1 36 1 43
3 36 4 43
6 36 8 43
10 36 13 43
15 36 19 43
21 36 26 43
28 36 34 43
36 36 43 43
45 36 53 43
55 36 64 43
66 36 76 43
78 36 89 43
91 36 103 43
105 36 118 43
120 36 134 43
136 36 151 43
153 36 169 43
171 36 188 43
190 36 208 43
210 36 229 43
231 36 251 43
253 36 274 43
276 36 298 43
300 36 323 43
325 36 349 43
351 36 376 43
378 36 404 43
406 36 433 43
435 36 463 43
465 36 494 43
496 36 526 43
528 36 559 43
561 36 593 43
595 36 628 43
630 36 664 43
666 36 701 43
703 36 740 43
1 45 1 53
3 45 4 53
6 45 8 53
10 45 13 53
15 45 19 53
21 45 26 53
28 45 34 53
36 45 43 53
45 45 53 53
55 45 64 53
66 45 76 53
78 45 89 53
91 45 103 53
105 45 118 53
120 45 134 53
136 45 151 53
153 45 169 53
171 45 188 53
190 45 208 53
210 45 229 53
231 45 251 53
253 45 274 53
276 45 298 53
300 45 323 53
325 45 349 53
351 45 376 53
378 45 404 53
406 45 433 53
435 45 463 53
465 45 494 53
496 45 526 53
528 45 559 53
561 45 593 53
595 45 628 53
630 45 664 53
666 45 701 53
703 45 740 53
1 55 1 64
3 55 4 64
6 55 8 64
10 55 13 64
15 55 19 64
21 55 26 64
28 55 34 64
36 55 43 64
45 55 53 64
55 55 64 64
66 55 76 64
78 55 89 64
91 55 103 64
105 55 118 64
120 55 134 64
136 55 151 64
153 55 169 64
171 55 188 64
190 55 208 64
210 55 229 64
231 55 251 64
253 55 274 64
276 55 298 64
300 55 323 64
325 55 349 64
351 55 376 64
378 55 404 64
406 55 433 64
435 55 463 64
465 55 494 64
496 55 526 64
528 55 559 64
561 55 593 64
595 55 628 64
630 55 664 64
666 55 701 64
703 55 740 64
1 66 1 76
3 66 4 76
6 66 8 76
10 66 13 76
15 66 19 76
21 66 26 76
28 66 34 76
36 66 43 76
45 66 53 76
55 66 64 76
66 66 76 76
78 66 89 76
91 66 103 76
105 66 118 76
120 66 134 76
136 66 151 76
153 66 169 76
171 66 188 76
190 66 208 76
210 66 229 76
231 66 251 76
253 66 274 76
276 66 298 76
300 66 323 76
325 66 349 76
351 66 376 76
378 66 404 76
406 66 433 76
435 66 463 76
465 66 494 76
496 66 526 76
528 66 559 76
561 66 593 76
595 66 628 76
630 66 664 76
666 66 701 76
703 66 740 76
1 78 1 89
3 78 4 89
6 78 8 89
10 78 13 89
15 78 19 89
21 78 26 89
28 78 34 89
36 78 43 89
45 78 53 89
55 78 64 89
66 78 76 89
78 78 89 89
91 78 103 89
105 78 118 89
120 78 134 89
136 78 151 89
153 78 169 89
171 78 188 89
190 78 208 89
210 78 229 89
231 78 251 89
253 78 274 89
276 78 298 89
300 78 323 89
325 78 349 89
351 78 376 89
378 78 404 89
406 78 433 89
435 78 463 89
465 78 494 89
496 78 526 89
528 78 559 89
561 78 593 89
595 78 628 89
630 78 664 89
666 78 701 89
703 78 740 89
1 91 1 103
3 91 4 103
6 91 8 103
10 91 13 103
15 91 19 103
21 91 26 103
28 91 34 103
36 91 43 103
45 91 53 103
55 91 64 103
66 91 76 103
78 91 89 103
91 91 103 103
105 91 118 103
120 91 134 103
136 91 151 103
153 91 169 103
171 91 188 103
190 91 208 103
210 91 229 103
231 91 251 103
253 91 274 103
276 91 298 103
300 91 323 103
325 91 349 103
351 91 376 103
378 91 404 103
406 91 433 103
435 91 463 103
465 91 494 103
496 91 526 103
528 91 559 103
561 91 593 103
595 91 628 103
630 91 664 103
666 91 701 103
703 91 740 103
1 105 1 118
3 105 4 118
6 105 8 118
10 105 13 118
15 105 19 118
21 105 26 118
28 105 34 118
36 105 43 118
45 105 53 118
55 105 64 118
66 105 76 118
78 105 89 118
91 105 103 118
105 105 118 118
120 105 134 118
136 105 151 118
153 105 169 118
171 105 188 118
190 105 208 118
210 105 229 118
231 105 251 118
253 105 274 118
276 105 298 118
300 105 323 118
325 105 349 118
351 105 376 118
378 105 404 118
406 105 433 118
435 105 463 118
465 105 494 118
496 105 526 118
528 105 559 118
561 105 593 118
595 105 628 118
630 105 664 118
666 105 701 118
703 105 740 118
1 120 1 134
3 120 4 134
6 120 8 134
10 120 13 134
15 120 19 134
21 120 26 134
28 120 34 134
36 120 43 134
45 120 53 134
55 120 64 134
66 120 76 134
78 120 89 134
91 120 103 134
105 120 118 134
120 120 134 134
136 120 151 134
153 120 169 134
171 120 188 134
190 120 208 134
210 120 229 134
231 120 251 134
253 120 274 134
276 120 298 134
300 120 323 134
325 120 349 134
351 120 376 134
378 120 404 134
406 120 433 134
435 120 463 134
465 120 494 134
496 120 526 134
528 120 559 134
561 120 593 134
595 120 628 134
630 120 664 134
666 120 701 134
703 120 740 134
1 136 1 151
3 136 4 151
6 136 8 151
10 136 13 151
15 136 19 151
21 136 26 151
28 136 34 151
36 136 43 151
45 136 53 151
55 136 64 151
66 136 76 151
78 136 89 151
91 136 103 151
105 136 118 151
120 136 134 151
136 136 151 151
153 136 169 151
171 136 188 151
190 136 208 151
210 136 229 151
231 136 251 151
253 136 274 151
276 136 298 151
300 136 323 151
325 136 349 151
351 136 376 151
378 136 404 151
406 136 433 151
435 136 463 151
465 136 494 151
496 136 526 151
528 136 559 151
561 136 593 151
595 136 628 151
630 136 664 151
666 136 701 151
703 136 740 151
1 153 1 169
3 153 4 169
6 153 8 169
10 153 13 169
15 153 19 169
21 153 26 169
28 153 34 169
36 153 43 169
45 153 53 169
55 153 64 169
66 153 76 169
78 153 89 169
91 153 103 169
105 153 118 169
120 153 134 169
136 153 151 169
153 153 169 169
171 153 188 169
190 153 208 169
210 153 229 169
231 153 251 169
253 153 274 169
276 153 298 169
300 153 323 169
325 153 349 169
351 153 376 169
378 153 404 169
406 153 433 169
435 153 463 169
465 153 494 169
496 153 526 169
528 153 559 169
561 153 593 169
595 153 628 169
630 153 664 169
666 153 701 169
703 153 740 169
1 171 1 188
3 171 4 188
6 171 8 188
10 171 13 188
15 171 19 188
21 171 26 188
28 171 34 188
36 171 43 188
45 171 53 188
55 171 64 188
66 171 76 188
78 171 89 188
91 171 103 188
105 171 118 188
120 171 134 188
136 171 151 188
153 171 169 188
171 171 188 188
190 171 208 188
210 171 229 188
231 171 251 188
253 171 274 188
276 171 298 188
300 171 323 188
325 171 349 188
351 171 376 188
378 171 404 188
406 171 433 188
435 171 463 188
465 171 494 188
496 171 526 188
528 171 559 188
561 171 593 188
595 171 628 188
630 171 664 188
666 171 701 188
703 171 740 188
1 190 1 208
3 190 4 208
6 190 8 208
10 190 13 208
15 190 19 208
21 190 26 208
28 190 34 208
36 190 43 208
45 190 53 208
55 190 64 208
66 190 76 208
78 190 89 208
91 190 103 208
105 190 118 208
120 190 134 208
136 190 151 208
153 190 169 208
171 190 188 208
190 190 208 208
210 190 229 208
231 190 251 208
253 190 274 208
276 190 298 208
300 190 323 208
325 190 349 208
351 190 376 208
378 190 404 208
406 190 433 208
435 190 463 208
465 190 494 208
496 190 526 208
528 190 559 208
561 190 593 208
595 190 628 208
630 190 664 208
666 190 701 208
703 190 740 208
1 210 1 229
3 210 4 229
6 210 8 229
10 210 13 229
15 210 19 229
21 210 26 229
28 210 34 229
36 210 43 229
45 210 53 229
55 210 64 229
66 210 76 229
78 210 89 229
91 210 103 229
105 210 118 229
120 210 134 229
136 210 151 229
153 210 169 229
171 210 188 229
190 210 208 229
210 210 229 229
231 210 251 229
253 210 274 229
276 210 298 229
300 210 323 229
325 210 349 229
351 210 376 229
378 210 404 229
406 210 433 229
435 210 463 229
465 210 494 229
496 210 526 229
528 210 559 229
561 210 593 229
595 210 628 229
630 210 664 229
666 210 701 229
703 210 740 229
1 231 1 251
3 231 4 251
6 231 8 251
10 231 13 251
15 231 19 251
21 231 26 251
28 231 34 251
36 231 43 251
45 231 53 251
55 231 64 251
66 231 76 251
78 231 89 251
91 231 103 251
105 231 118 251
120 231 134 251
136 231 151 251
153 231 169 251
171 231 188 251
190 231 208 251
210 231 229 251
231 231 251 251
253 231 274 251
276 231 298 251
300 231 323 251
325 231 349 251
351 231 376 251
378 231 404 251
406 231 433 251
435 231 463 251
465 231 494 251
496 231 526 251
528 231 559 251
561 231 593 251
595 231 628 251
630 231 664 251
666 231 701 251
703 231 740 251
1 253 1 274
3 253 4 274
6 253 8 274
10 253 13 274
15 253 19 274
21 253 26 274
28 253 34 274
36 253 43 274
45 253 53 274
55 253 64 274
66 253 76 274
78 253 89 274
91 253 103 274
105 253 118 274
120 253 134 274
136 253 151 274
153 253 169 274
171 253 188 274
190 253 208 274
210 253 229 274
231 253 251 274
253 253 274 274
276 253 298 274
300 253 323 274
325 253 349 274
351 253 376 274
378 253 404 274
406 253 433 274
435 253 463 274
465 253 494 274
496 253 526 274
528 253 559 274
561 253 593 274
595 253 628 274
630 253 664 274
666 253 701 274
703 253 740 274
1 276 1 298
3 276 4 298
6 276 8 298
10 276 13 298
15 276 19 298
21 276 26 298
28 276 34 298
36 276 43 298
45 276 53 298
55 276 64 298
66 276 76 298
78 276 89 298
91 276 103 298
105 276 118 298
120 276 134 298
136 276 151 298
153 276 169 298
171 276 188 298
190 276 208 298
210 276 229 298
231 276 251 298
253 276 274 298
276 276 298 298
300 276 323 298
325 276 349 298
351 276 376 298
378 276 404 298
406 276 433 298
435 276 463 298
465 276 494 298
496 276 526 298
528 276 559 298
561 276 593 298
595 276 628 298
630 276 664 298
666 276 701 298
703 276 740 298
1 300 1 323
3 300 4 323
6 300 8 323
10 300 13 323
15 300 19 323
21 300 26 323
28 300 34 323
36 300 43 323
45 300 53 323
55 300 64 323
66 300 76 323
78 300 89 323
91 300 103 323
105 300 118 323
120 300 134 323
136 300 151 323
153 300 169 323
171 300 188 323
190 300 208 323
210 300 229 323
231 300 251 323
253 300 274 323
276 300 298 323
300 300 323 323
325 300 349 323
351 300 376 323
378 300 404 323
406 300 433 323
435 300 463 323
465 300 494 323
496 300 526 323
528 300 559 323
561 300 593 323
595 300 628 323
630 300 664 323
666 300 701 323
703 300 740 323
1 325 1 349
3 325 4 349
6 325 8 349
10 325 13 349
15 325 19 349
21 325 26 349
28 325 34 349
36 325 43 349
45 325 53 349
55 325 64 349
66 325 76 349
78 325 89 349
91 325 103 349
105 325 118 349
120 325 134 349
136 325 151 349
153 325 169 349
171 325 188 349
190 325 208 349
210 325 229 349
231 325 251 349
253 325 274 349
276 325 298 349
300 325 323 349
325 325 349 349
351 325 376 349
378 325 404 349
406 325 433 349
435 325 463 349
465 325 494 349
496 325 526 349
528 325 559 349
561 325 593 349
595 325 628 349
630 325 664 349
666 325 701 349
703 325 740 349
1 351 1 376
3 351 4 376
6 351 8 376
10 351 13 376
15 351 19 376
21 351 26 376
28 351 34 376
36 351 43 376
45 351 53 376
55 351 64 376
66 351 76 376
78 351 89 376
91 351 103 376
105 351 118 376
120 351 134 376
136 351 151 376
153 351 169 376
171 351 188 376
190 351 208 376
210 351 229 376
231 351 251 376
253 351 274 376
276 351 298 376
300 351 323 376
325 351 349 376
351 351 376 376
378 351 404 376
406 351 433 376
435 351 463 376
465 351 494 376
496 351 526 376
528 351 559 376
561 351 593 376
595 351 628 376
630 351 664 376
666 351 701 376
703 351 740 376
1 378 1 404
3 378 4 404
6 378 8 404
10 378 13 404
15 378 19 404
21 378 26 404
28 378 34 404
36 378 43 404
45 378 53 404
55 378 64 404
66 378 76 404
78 378 89 404
91 378 103 404
105 378 118 404
120 378 134 404
136 378 151 404
153 378 169 404
171 378 188 404
190 378 208 404
210 378 229 404
231 378 251 404
253 378 274 404
276 378 298 404
300 378 323 404
325 378 349 404
351 378 376 404
378 378 404 404
406 378 433 404
435 378 463 404
465 378 494 404
496 378 526 404
528 378 559 404
561 378 593 404
595 378 628 404
630 378 664 404
666 378 701 404
703 378 740 404
1 406 1 433
3 406 4 433
6 406 8 433
10 406 13 433
15 406 19 433
21 406 26 433
28 406 34 433
36 406 43 433
45 406 53 433
55 406 64 433
66 406 76 433
78 406 89 433
91 406 103 433
105 406 118 433
120 406 134 433
136 406 151 433
153 406 169 433
171 406 188 433
190 406 208 433
210 406 229 433
231 406 251 433
253 406 274 433
276 406 298 433
300 406 323 433
325 406 349 433
351 406 376 433
378 406 404 433
406 406 433 433
435 406 463 433
465 406 494 433
496 406 526 433
528 406 559 433
561 406 593 433
595 406 628 433
630 406 664 433
666 406 701 433
703 406 740 433
1 435 1 463
3 435 4 463
6 435 8 463
10 435 13 463
15 435 19 463
21 435 26 463
28 435 34 463
36 435 43 463
45 435 53 463
55 435 64 463
66 435 76 463
78 435 89 463
91 435 103 463
105 435 118 463
120 435 134 463
136 435 151 463
153 435 169 463
171 435 188 463
190 435 208 463
210 435 229 463
231 435 251 463
253 435 274 463
276 435 298 463
300 435 323 463
325 435 349 463
351 435 376 463
378 435 404 463
406 435 433 463
435 435 463 463
465 435 494 463
496 435 526 463
528 435 559 463
561 435 593 463
595 435 628 463
630 435 664 463
666 435 701 463
703 435 740 463
1 465 1 494
3 465 4 494
6 465 8 494
10 465 13 494
15 465 19 494
21 465 26 494
28 465 34 494
36 465 43 494
45 465 53 494
55 465 64 494
66 465 76 494
78 465 89 494
91 465 103 494
105 465 118 494
120 465 134 494
136 465 151 494
153 465 169 494
171 465 188 494
190 465 208 494
210 465 229 494
231 465 251 494
253 465 274 494
276 465 298 494
300 465 323 494
325 465 349 494
351 465 376 494
378 465 404 494
406 465 433 494
435 465 463 494
465 465 494 494
496 465 526 494
528 465 559 494
561 465 593 494
595 465 628 494
630 465 664 494
666 465 701 494
703 465 740 494
1 496 1 526
3 496 4 526
6 496 8 526
10 496 13 526
15 496 19 526
21 496 26 526
28 496 34 526
36 496 43 526
45 496 53 526
55 496 64 526
66 496 76 526
78 496 89 526
91 496 103 526
105 496 118 526
120 496 134 526
136 496 151 526
153 496 169 526
171 496 188 526
190 496 208 526
210 496 229 526
231 496 251 526
253 496 274 526
276 496 298 526
300 496 323 526
325 496 349 526
351 496 376 526
378 496 404 526
406 496 433 526
435 496 463 526
465 496 494 526
496 496 526 526
528 496 559 526
561 496 593 526
595 496 628 526
630 496 664 526
666 496 701 526
703 496 740 526
1 528 1 559
3 528 4 559
6 528 8 559
10 528 13 559
15 528 19 559
21 528 26 559
28 528 34 559
36 528 43 559
45 528 53 559
55 528 64 559
66 528 76 559
78 528 89 559
91 528 103 559
105 528 118 559
120 528 134 559
136 528 151 559
153 528 169 559
171 528 188 559
190 528 208 559
210 528 229 559
231 528 251 559
253 528 274 559
276 528 298 559
300 528 323 559
325 528 349 559
351 528 376 559
378 528 404 559
406 528 433 559
435 528 463 559
465 528 494 559
496 528 526 559
528 528 559 559
561 528 593 559
595 528 628 559
630 528 664 559
666 528 701 559
703 528 740 559
1 561 1 593
3 561 4 593
6 561 8 593
10 561 13 593
15 561 19 593
21 561 26 593
28 561 34 593
36 561 43 593
45 561 53 593
55 561 64 593
66 561 76 593
78 561 89 593
91 561 103 593
105 561 118 593
120 561 134 593
136 561 151 593
153 561 169 593
171 561 188 593
190 561 208 593
210 561 229 593
231 561 251 593
253 561 274 593
276 561 298 593
300 561 323 593
325 561 349 593
351 561 376 593
378 561 404 593
406 561 433 593
435 561 463 593
465 561 494 593
496 561 526 593
528 561 559 593
561 561 593 593
595 561 628 593
630 561 664 593
666 561 701 593
703 561 740 593
1 595 1 628
3 595 4 628
6 595 8 628
10 595 13 628
15 595 19 628
21 595 26 628
28 595 34 628
36 595 43 628
45 595 53 628
55 595 64 628
66 595 76 628
78 595 89 628
91 595 103 628
105 595 118 628
120 595 134 628
136 595 151 628
153 595 169 628
171 595 188 628
190 595 208 628
210 595 229 628
231 595 251 628
253 595 274 628
276 595 298 628
300 595 323 628
325 595 349 628
351 595 376 628
378 595 404 628
406 595 433 628
435 595 463 628
465 595 494 628
496 595 526 628
528 595 559 628
561 595 593 628
595 595 628 628
630 595 664 628
666 595 701 628
703 595 740 628
1 630 1 664
3 630 4 664
6 630 8 664
10 630 13 664
15 630 19 664
21 630 26 664
28 630 34 664
36 630 43 664
45 630 53 664
55 630 64 664
66 630 76 664
78 630 89 664
91 630 103 664
105 630 118 664
120 630 134 664
136 630 151 664
153 630 169 664
171 630 188 664
190 630 208 664
210 630 229 664
231 630 251 664
253 630 274 664
276 630 298 664
300 630 323 664
325 630 349 664
351 630 376 664
378 630 404 664
406 630 433 664
435 630 463 664
465 630 494 664
496 630 526 664
528 630 559 664
561 630 593 664
595 630 628 664
630 630 664 664
666 630 701 664
703 630 740 664
1 666 1 701
3 666 4 701
6 666 8 701
10 666 13 701
15 666 19 701
21 666 26 701
28 666 34 701
36 666 43 701
45 666 53 701
55 666 64 701
66 666 76 701
78 666 89 701
91 666 103 701
105 666 118 701
120 666 134 701
136 666 151 701
153 666 169 701
171 666 188 701
190 666 208 701
210 666 229 701
231 666 251 701
253 666 274 701
276 666 298 701
300 666 323 701
325 666 349 701
351 666 376 701
378 666 404 701
406 666 433 701
435 666 463 701
465 666 494 701
496 666 526 701
528 666 559 701
561 666 593 701
595 666 628 701
630 666 664 701
666 666 701 701
703 666 740 701
1 703 1 739
3 703 4 739
6 703 8 739
10 703 13 739
15 703 19 739
21 703 26 739
28 703 34 739
36 703 43 739
45 703 53 739
55 703 64 739
66 703 76 739
78 703 89 739
91 703 103 739
105 703 118 739
120 703 134 739
136 703 151 739
153 703 169 739
171 703 188 739
190 703 208 739
210 703 229 739
231 703 251 739
253 703 274 739
276 703 298 739
300 703 323 739
325 703 349 739
351 703 376 739
378 703 404 739
406 703 433 739
435 703 463 739
465 703 494 739
496 703 526 739
528 703 559 739
561 703 593 739
595 703 628 739
630 703 664 739
666 703 701 739
703 703 740 739
1 741 1 778
3 741 4 778
6 741 8 778
10 741 13 778
15 741 19 778
21 741 26 778
28 741 34 778
36 741 43 778
45 741 53 778
55 741 64 778
66 741 76 778
78 741 89 778
91 741 103 778
105 741 118 778
120 741 134 778
136 741 151 778
153 741 169 778
171 741 188 778
190 741 208 778
210 741 229 778
231 741 251 778
253 741 274 778
276 741 298 778
300 741 323 778
325 741 349 778
351 741 376 778
378 741 404 778
406 741 433 778
435 741 463 778
465 741 494 778
496 741 526 778
528 741 559 778
561 741 593 778
595 741 628 778
630 741 664 778
666 741 701 778
703 741 740 778
1 780 1 818
3 780 4 818
6 780 8 818
10 780 13 818
15 780 19 818
21 780 26 818
28 780 34 818
36 780 43 818
45 780 53 818
55 780 64 818
66 780 76 818
78 780 89 818
91 780 103 818
105 780 118 818
120 780 134 818
136 780 151 818
153 780 169 818
171 780 188 818
190 780 208 818
210 780 229 818
231 780 251 818
253 780 274 818
276 780 298 818
300 780 323 818
325 780 349 818
351 780 376 818
378 780 404 818
406 780 433 818
435 780 463 818
465 780 494 818
496 780 526 818
528 780 559 818
561 780 593 818
595 780 628 818
630 780 664 818
666 780 701 818
703 780 740 818
1 820 37 820
39 820 77 820
79 820 118 820
120 820 160 820
162 820 203 820
205 820 247 820
249 820 292 820
294 820 338 820
340 820 385 820
387 820 433 820
435 820 482 820
484 820 532 820
534 820 583 820
585 820 635 820
637 820 740 820
1 822 37 823
39 822 77 823
79 822 118 823
120 822 160 823
162 822 203 823
205 822 247 823
249 822 292 823
294 822 338 823
340 822 385 823
387 822 433 823
435 822 482 823
484 822 532 823
534 822 583 823
585 822 635 823
637 822 740 823
1 825 37 827
39 825 77 827
79 825 118 827
120 825 160 827
162 825 203 827
205 825 247 827
249 825 292 827
294 825 338 827
340 825 385 827
387 825 433 827
435 825 482 827
484 825 532 827
534 825 583 827
585 825 635 827
637 825 740 827
1 829 37 832
39 829 77 832
79 829 118 832
120 829 160 832
162 829 203 832
205 829 247 832
249 829 292 832
294 829 338 832
340 829 385 832
387 829 433 832
435 829 482 832
484 829 532 832
534 829 583 832
585 829 635 832
637 829 740 832
1 834 37 838
39 834 77 838
79 834 118 838
120 834 160 838
162 834 203 838
205 834 247 838
249 834 292 838
294 834 338 838
340 834 385 838
387 834 433 838
435 834 482 838
484 834 532 838
534 834 583 838
585 834 635 838
637 834 740 838
1 840 37 845
39 840 77 845
79 840 118 845
120 840 160 845
162 840 203 845
205 840 247 845
249 840 292 845
294 840 338 845
340 840 385 845
387 840 433 845
435 840 482 845
484 840 532 845
534 840 583 845
585 840 635 845
637 840 740 845
1 847 52 848
54 847 106 848
108 847 161 848
163 847 217 848
219 847 274 848
276 847 332 848
334 847 391 848
393 847 451 848
453 847 512 848
514 847 574 848
576 847 637 848
639 847 740 848
