3249
1 1 1 1
3 1 4 1
6 1 8 1
10 1 13 1
15 1 19 1
21 1 26 1
28 1 34 1
36 1 43 1
45 1 53 1
55 1 64 1
66 1 76 1
78 1 89 1
91 1 103 1
105 1 118 1
120 1 134 1
136 1 151 1
153 1 169 1
171 1 188 1
190 1 208 1
210 1 229 1
231 1 251 1
253 1 274 1
276 1 298 1
300 1 323 1
325 1 349 1
351 1 376 1
378 1 404 1
406 1 433 1
435 1 463 1
465 1 494 1
496 1 526 1
528 1 559 1
561 1 593 1
595 1 628 1
630 1 664 1
666 1 701 1
703 1 739 1
741 1 778 1
780 1 818 1
820 1 859 1
861 1 901 1
903 1 944 1
946 1 988 1
990 1 1033 1
1035 1 1079 1
1081 1 1126 1
1128 1 1174 1
1176 1 1223 1
1 3 1 4
3 3 4 4
6 3 8 4
10 3 13 4
15 3 19 4
21 3 26 4
28 3 34 4
36 3 43 4
45 3 53 4
55 3 64 4
66 3 76 4
78 3 89 4
91 3 103 4
105 3 118 4
120 3 134 4
136 3 151 4
153 3 169 4
171 3 188 4
190 3 208 4
210 3 229 4
231 3 251 4
253 3 274 4
276 3 298 4
300 3 323 4
325 3 349 4
351 3 376 4
378 3 404 4
406 3 433 4
435 3 463 4
465 3 494 4
496 3 526 4
528 3 559 4
561 3 593 4
595 3 628 4
630 3 664 4
666 3 701 4
703 3 739 4
741 3 778 4
780 3 818 4
820 3 859 4
861 3 901 4
903 3 944 4
946 3 988 4
990 3 1033 4
1035 3 1079 4
1081 3 1126 4
1128 3 1174 4
1176 3 1223 4
1 6 1 8
3 6 4 8
6 6 8 8
10 6 13 8
15 6 19 8
21 6 26 8
28 6 34 8
36 6 43 8
45 6 53 8
55 6 64 8
66 6 76 8
78 6 89 8
91 6 103 8
105 6 118 8
120 6 134 8
136 6 151 8
153 6 169 8
171 6 188 8
190 6 208 8
210 6 229 8
231 6 251 8
253 6 274 8
276 6 298 8
300 6 323 8
325 6 349 8
351 6 376 8
378 6 404 8
406 6 433 8
435 6 463 8
465 6 494 8
496 6 526 8
528 6 559 8
561 6 593 8
595 6 628 8
630 6 664 8
666 6 701 8
703 6 739 8
741 6 778 8
780 6 818 8
820 6 859 8
861 6 901 8
903 6 944 8
946 6 988 8
990 6 1033 8
1035 6 1079 8
1081 6 1126 8
1128 6 1174 8
1176 6 1223 8
1 10 1 13
3 10 4 13
6 10 8 13
10 10 13 13
15 10 19 13
21 10 26 13
28 10 34 13
36 10 43 13
45 10 53 13
55 10 64 13
66 10 76 13
78 10 89 13
91 10 103 13
105 10 118 13
120 10 134 13
136 10 151 13
153 10 169 13
171 10 188 13
190 10 208 13
210 10 229 13
231 10 251 13
253 10 274 13
276 10 298 13
300 10 323 13
325 10 349 13
351 10 376 13
378 10 404 13
406 10 433 13
435 10 463 13
465 10 494 13
496 10 526 13
528 10 559 13
561 10 593 13
595 10 628 13
630 10 664 13
666 10 701 13
703 10 739 13
741 10 778 13
780 10 818 13
820 10 859 13
861 10 901 13
903 10 944 13
946 10 988 13
990 10 1033 13
1035 10 1079 13
1081 10 1126 13
1128 10 1174 13
1176 10 1223 13
1 15 1 19
3 15 4 19
6 15 8 19
10 15 13 19
15 15 19 19
21 15 26 19
28 15 34 19
36 15 43 19
45 15 53 19
55 15 64 19
66 15 76 19
78 15 89 19
91 15 103 19
105 15 118 19
120 15 134 19
136 15 151 19
153 15 169 19
171 15 188 19
190 15 208 19
210 15 229 19
231 15 251 19
253 15 274 19
276 15 298 19
300 15 323 19
325 15 349 19
351 15 376 19
378 15 404 19
406 15 433 19
435 15 463 19
465 15 494 19
496 15 526 19
528 15 559 19
561 15 593 19
595 15 628 19
630 15 664 19
666 15 701 19
703 15 739 19
741 15 778 19
780 15 818 19
820 15 859 19
861 15 901 19
903 15 944 19
946 15 988 19
990 15 1033 19
1035 15 1079 19
1081 15 1126 19
1128 15 1174 19
1176 15 1223 19
1 21 1 26
3 21 4 26
6 21 8 26
10 21 13 26
15 21 19 26
21 21 26 26
28 21 34 26
36 21 43 26
45 21 53 26
55 21 64 26
66 21 76 26
78 21 89 26
91 21 103 26
105 21 118 26
120 21 134 26
136 21 151 26
153 21 169 26
171 21 188 26
190 21 208 26
210 21 229 26
231 21 251 26
253 21 274 26
276 21 298 26
300 21 323 26
325 21 349 26
351 21 376 26
378 21 404 26
406 21 433 26
435 21 463 26
465 21 494 26
496 21 526 26
528 21 559 26
561 21 593 26
595 21 628 26
630 21 664 26
666 21 701 26
703 21 739 26
741 21 778 26
780 21 818 26
820 21 859 26
861 21 901 26
903 21 944 26
946 21 988 26
990 21 1033 26
1035 21 1079 26
1081 21 1126 26
1128 21 1174 26
1176 21 1223 26
1 28 1 34
3 28 4 34
6 28 8 34
10 28 13 34
15 28 19 34
21 28 26 34
28 28 34 34
36 28 43 34
45 28 53 34
55 28 64 34
66 28 76 34
78 28 89 34
91 28 103 34
105 28 118 34
120 28 134 34
136 28 151 34
153 28 169 34
171 28 188 34
190 28 208 34
210 28 229 34
231 28 251 34
253 28 274 34
276 28 298 34
300 28 323 34
325 28 349 34
351 28 376 34
378 28 404 34
406 28 433 34
435 28 463 34
465 28 494 34
496 28 526 34
528 28 559 34
561 28 593 34
595 28 628 34
630 28 664 34
666 28 701 34
703 28 739 34
741 28 778 34
780 28 818 34
820 28 859 34
861 28 901 34
903 28 944 34
946 28 988 34
990 28 1033 34
1035 28 1079 34
1081 28 1126 34
1128 28 1174 34
1176 28 1223 34
1 36 1 43
3 36 4 43
6 36 8 43
10 36 13 43
15 36 19 43
21 36 26 43
28 36 34 43
36 36 43 43
45 36 53 43
55 36 64 43
66 36 76 43
78 36 89 43
91 36 103 43
105 36 118 43
120 36 134 43
136 36 151 43
153 36 169 43
171 36 188 43
190 36 208 43
210 36 229 43
231 36 251 43
253 36 274 43
276 36 298 43
300 36 323 43
325 36 349 43
351 36 376 43
378 36 404 43
406 36 433 43
435 36 463 43
465 36 494 43
496 36 526 43
528 36 559 43
561 36 593 43
595 36 628 43
630 36 664 43
666 36 701 43
703 36 739 43
741 36 778 43
780 36 818 43
820 36 859 43
861 36 901 43
903 36 944 43
946 36 988 43
990 36 1033 43
1035 36 1079 43
1081 36 1126 43
1128 36 1174 43
1176 36 1223 43
1 45 1 53
3 45 4 53
6 45 8 53
10 45 13 53
15 45 19 53
21 45 26 53
28 45 34 53
36 45 43 53
45 45 53 53
55 45 64 53
66 45 76 53
78 45 89 53
91 45 103 53
105 45 118 53
120 45 134 53
136 45 151 53
153 45 169 53
171 45 188 53
190 45 208 53
210 45 229 53
231 45 251 53
253 45 274 53
276 45 298 53
300 45 323 53
325 45 349 53
351 45 376 53
378 45 404 53
406 45 433 53
435 45 463 53
465 45 494 53
496 45 526 53
528 45 559 53
561 45 593 53
595 45 628 53
630 45 664 53
666 45 701 53
703 45 739 53
741 45 778 53
780 45 818 53
820 45 859 53
861 45 901 53
903 45 944 53
946 45 988 53
990 45 1033 53
1035 45 1079 53
1081 45 1126 53
1128 45 1174 53
1176 45 1223 53
1 55 1 64
3 55 4 64
6 55 8 64
10 55 13 64
15 55 19 64
21 55 26 64
28 55 34 64
36 55 43 64
45 55 53 64
55 55 64 64
66 55 76 64
78 55 89 64
91 55 103 64
105 55 118 64
120 55 134 64
136 55 151 64
153 55 169 64
171 55 188 64
190 55 208 64
210 55 229 64
231 55 251 64
253 55 274 64
276 55 298 64
300 55 323 64
325 55 349 64
351 55 376 64
378 55 404 64
406 55 433 64
435 55 463 64
465 55 494 64
496 55 526 64
528 55 559 64
561 55 593 64
595 55 628 64
630 55 664 64
666 55 701 64
703 55 739 64
741 55 778 64
780 55 818 64
820 55 859 64
861 55 901 64
903 55 944 64
946 55 988 64
990 55 1033 64
1035 55 1079 64
1081 55 1126 64
1128 55 1174 64
1176 55 1223 64
1 66 1 76
3 66 4 76
6 66 8 76
10 66 13 76
15 66 19 76
21 66 26 76
28 66 34 76
36 66 43 76
45 66 53 76
55 66 64 76
66 66 76 76
78 66 89 76
91 66 103 76
105 66 118 76
120 66 134 76
136 66 151 76
153 66 169 76
171 66 188 76
190 66 208 76
210 66 229 76
231 66 251 76
253 66 274 76
276 66 298 76
300 66 323 76
325 66 349 76
351 66 376 76
378 66 404 76
406 66 433 76
435 66 463 76
465 66 494 76
496 66 526 76
528 66 559 76
561 66 593 76
595 66 628 76
630 66 664 76
666 66 701 76
703 66 739 76
741 66 778 76
780 66 818 76
820 66 859 76
861 66 901 76
903 66 944 76
946 66 988 76
990 66 1033 76
1035 66 1079 76
1081 66 1126 76
1128 66 1174 76
1176 66 1223 76
1 78 1 89
3 78 4 89
6 78 8 89
10 78 13 89
15 78 19 89
21 78 26 89
28 78 34 89
36 78 43 89
45 78 53 89
55 78 64 89
66 78 76 89
78 78 89 89
91 78 103 89
105 78 118 89
120 78 134 89
136 78 151 89
153 78 169 89
171 78 188 89
190 78 208 89
210 78 229 89
231 78 251 89
253 78 274 89
276 78 298 89
300 78 323 89
325 78 349 89
351 78 376 89
378 78 404 89
406 78 433 89
435 78 463 89
465 78 494 89
496 78 526 89
528 78 559 89
561 78 593 89
595 78 628 89
630 78 664 89
666 78 701 89
703 78 739 89
741 78 778 89
780 78 818 89
820 78 859 89
861 78 901 89
903 78 944 89
946 78 988 89
990 78 1033 89
1035 78 1079 89
1081 78 1126 89
1128 78 1174 89
1176 78 1223 89
1 91 1 103
3 91 4 103
6 91 8 103
10 91 13 103
15 91 19 103
21 91 26 103
28 91 34 103
36 91 43 103
45 91 53 103
55 91 64 103
66 91 76 103
78 91 89 103
91 91 103 103
105 91 118 103
120 91 134 103
136 91 151 103
153 91 169 103
171 91 188 103
190 91 208 103
210 91 229 103
231 91 251 103
253 91 274 103
276 91 298 103
300 91 323 103
325 91 349 103
351 91 376 103
378 91 404 103
406 91 433 103
435 91 463 103
465 91 494 103
496 91 526 103
528 91 559 103
561 91 593 103
595 91 628 103
630 91 664 103
666 91 701 103
703 91 739 103
741 91 778 103
780 91 818 103
820 91 859 103
861 91 901 103
903 91 944 103
946 91 988 103
990 91 1033 103
1035 91 1079 103
1081 91 1126 103
1128 91 1174 103
1176 91 1223 103
1 105 1 118
3 105 4 118
6 105 8 118
10 105 13 118
15 105 19 118
21 105 26 118
28 105 34 118
36 105 43 118
45 105 53 118
55 105 64 118
66 105 76 118
78 105 89 118
91 105 103 118
105 105 118 118
120 105 134 118
136 105 151 118
153 105 169 118
171 105 188 118
190 105 208 118
210 105 229 118
231 105 251 118
253 105 274 118
276 105 298 118
300 105 323 118
325 105 349 118
351 105 376 118
378 105 404 118
406 105 433 118
435 105 463 118
465 105 494 118
496 105 526 118
528 105 559 118
561 105 593 118
595 105 628 118
630 105 664 118
666 105 701 118
703 105 739 118
741 105 778 118
780 105 818 118
820 105 859 118
861 105 901 118
903 105 944 118
946 105 988 118
990 105 1033 118
1035 105 1079 118
1081 105 1126 118
1128 105 1174 118
1176 105 1223 118
1 120 1 134
3 120 4 134
6 120 8 134
10 120 13 134
15 120 19 134
21 120 26 134
28 120 34 134
36 120 43 134
45 120 53 134
55 120 64 134
66 120 76 134
78 120 89 134
91 120 103 134
105 120 118 134
120 120 134 134
136 120 151 134
153 120 169 134
171 120 188 134
190 120 208 134
210 120 229 134
231 120 251 134
253 120 274 134
276 120 298 134
300 120 323 134
325 120 349 134
351 120 376 134
378 120 404 134
406 120 433 134
435 120 463 134
465 120 494 134
496 120 526 134
528 120 559 134
561 120 593 134
595 120 628 134
630 120 664 134
666 120 701 134
703 120 739 134
741 120 778 134
780 120 818 134
820 120 859 134
861 120 901 134
903 120 944 134
946 120 988 134
990 120 1033 134
1035 120 1079 134
1081 120 1126 134
1128 120 1174 134
1176 120 1223 134
1 136 1 151
3 136 4 151
6 136 8 151
10 136 13 151
15 136 19 151
21 136 26 151
28 136 34 151
36 136 43 151
45 136 53 151
55 136 64 151
66 136 76 151
78 136 89 151
91 136 103 151
105 136 118 151
120 136 134 151
136 136 151 151
153 136 169 151
171 136 188 151
190 136 208 151
210 136 229 151
231 136 251 151
253 136 274 151
276 136 298 151
300 136 323 151
325 136 349 151
351 136 376 151
378 136 404 151
406 136 433 151
435 136 463 151
465 136 494 151
496 136 526 151
528 136 559 151
561 136 593 151
595 136 628 151
630 136 664 151
666 136 701 151
703 136 739 151
741 136 778 151
780 136 818 151
820 136 859 151
861 136 901 151
903 136 944 151
946 136 988 151
990 136 1033 151
1035 136 1079 151
1081 136 1126 151
1128 136 1174 151
1176 136 1223 151
1 153 1 169
3 153 4 169
6 153 8 169
10 153 13 169
15 153 19 169
21 153 26 169
28 153 34 169
36 153 43 169
45 153 53 169
55 153 64 169
66 153 76 169
78 153 89 169
91 153 103 169
105 153 118 169
120 153 134 169
136 153 151 169
153 153 169 169
171 153 188 169
190 153 208 169
210 153 229 169
231 153 251 169
253 153 274 169
276 153 298 169
300 153 323 169
325 153 349 169
351 153 376 169
378 153 404 169
406 153 433 169
435 153 463 169
465 153 494 169
496 153 526 169
528 153 559 169
561 153 593 169
595 153 628 169
630 153 664 169
666 153 701 169
703 153 739 169
741 153 778 169
780 153 818 169
820 153 859 169
861 153 901 169
903 153 944 169
946 153 988 169
990 153 1033 169
1035 153 1079 169
1081 153 1126 169
1128 153 1174 169
1176 153 1223 169
1 171 1 188
3 171 4 188
6 171 8 188
10 171 13 188
15 171 19 188
21 171 26 188
28 171 34 188
36 171 43 188
45 171 53 188
55 171 64 188
66 171 76 188
78 171 89 188
91 171 103 188
105 171 118 188
120 171 134 188
136 171 151 188
153 171 169 188
171 171 188 188
190 171 208 188
210 171 229 188
231 171 251 188
253 171 274 188
276 171 298 188
300 171 323 188
325 171 349 188
351 171 376 188
378 171 404 188
406 171 433 188
435 171 463 188
465 171 494 188
496 171 526 188
528 171 559 188
561 171 593 188
595 171 628 188
630 171 664 188
666 171 701 188
703 171 739 188
741 171 778 188
780 171 818 188
820 171 859 188
861 171 901 188
903 171 944 188
946 171 988 188
990 171 1033 188
1035 171 1079 188
1081 171 1126 188
1128 171 1174 188
1176 171 1223 188
1 190 1 208
3 190 4 208
6 190 8 208
10 190 13 208
15 190 19 208
21 190 26 208
28 190 34 208
36 190 43 208
45 190 53 208
55 190 64 208
66 190 76 208
78 190 89 208
91 190 103 208
105 190 118 208
120 190 134 208
136 190 151 208
153 190 169 208
171 190 188 208
190 190 208 208
210 190 229 208
231 190 251 208
253 190 274 208
276 190 298 208
300 190 323 208
325 190 349 208
351 190 376 208
378 190 404 208
406 190 433 208
435 190 463 208
465 190 494 208
496 190 526 208
528 190 559 208
561 190 593 208
595 190 628 208
630 190 664 208
666 190 701 208
703 190 739 208
741 190 778 208
780 190 818 208
820 190 859 208
861 190 901 208
903 190 944 208
946 190 988 208
990 190 1033 208
1035 190 1079 208
1081 190 1126 208
1128 190 1174 208
1176 190 1223 208
1 210 1 229
3 210 4 229
6 210 8 229
10 210 13 229
15 210 19 229
21 210 26 229
28 210 34 229
36 210 43 229
45 210 53 229
55 210 64 229
66 210 76 229
78 210 89 229
91 210 103 229
105 210 118 229
120 210 134 229
136 210 151 229
153 210 169 229
171 210 188 229
190 210 208 229
210 210 229 229
231 210 251 229
253 210 274 229
276 210 298 229
300 210 323 229
325 210 349 229
351 210 376 229
378 210 404 229
406 210 433 229
435 210 463 229
465 210 494 229
496 210 526 229
528 210 559 229
561 210 593 229
595 210 628 229
630 210 664 229
666 210 701 229
703 210 739 229
741 210 778 229
780 210 818 229
820 210 859 229
861 210 901 229
903 210 944 229
946 210 988 229
990 210 1033 229
1035 210 1079 229
1081 210 1126 229
1128 210 1174 229
1176 210 1223 229
1 231 1 251
3 231 4 251
6 231 8 251
10 231 13 251
15 231 19 251
21 231 26 251
28 231 34 251
36 231 43 251
45 231 53 251
55 231 64 251
66 231 76 251
78 231 89 251
91 231 103 251
105 231 118 251
120 231 134 251
136 231 151 251
153 231 169 251
171 231 188 251
190 231 208 251
210 231 229 251
231 231 251 251
253 231 274 251
276 231 298 251
300 231 323 251
325 231 349 251
351 231 376 251
378 231 404 251
406 231 433 251
435 231 463 251
465 231 494 251
496 231 526 251
528 231 559 251
561 231 593 251
595 231 628 251
630 231 664 251
666 231 701 251
703 231 739 251
741 231 778 251
780 231 818 251
820 231 859 251
861 231 901 251
903 231 944 251
946 231 988 251
990 231 1033 251
1035 231 1079 251
1081 231 1126 251
1128 231 1174 251
1176 231 1223 251
1 253 1 274
3 253 4 274
6 253 8 274
10 253 13 274
15 253 19 274
21 253 26 274
28 253 34 274
36 253 43 274
45 253 53 274
55 253 64 274
66 253 76 274
78 253 89 274
91 253 103 274
105 253 118 274
120 253 134 274
136 253 151 274
153 253 169 274
171 253 188 274
190 253 208 274
210 253 229 274
231 253 251 274
253 253 274 274
276 253 298 274
300 253 323 274
325 253 349 274
351 253 376 274
378 253 404 274
406 253 433 274
435 253 463 274
465 253 494 274
496 253 526 274
528 253 559 274
561 253 593 274
595 253 628 274
630 253 664 274
666 253 701 274
703 253 739 274
741 253 778 274
780 253 818 274
820 253 859 274
861 253 901 274
903 253 944 274
946 253 988 274
990 253 1033 274
1035 253 1079 274
1081 253 1126 274
1128 253 1174 274
1176 253 1223 274
1 276 1 298
3 276 4 298
6 276 8 298
10 276 13 298
15 276 19 298
21 276 26 298
28 276 34 298
36 276 43 298
45 276 53 298
55 276 64 298
66 276 76 298
78 276 89 298
91 276 103 298
105 276 118 298
120 276 134 298
136 276 151 298
153 276 169 298
171 276 188 298
190 276 208 298
210 276 229 298
231 276 251 298
253 276 274 298
276 276 298 298
300 276 323 298
325 276 349 298
351 276 376 298
378 276 404 298
406 276 433 298
435 276 463 298
465 276 494 298
496 276 526 298
528 276 559 298
561 276 593 298
595 276 628 298
630 276 664 298
666 276 701 298
703 276 739 298
741 276 778 298
780 276 818 298
820 276 859 298
861 276 901 298
903 276 944 298
946 276 988 298
990 276 1033 298
1035 276 1079 298
1081 276 1126 298
1128 276 1174 298
1176 276 1223 298
1 300 1 323
3 300 4 323
6 300 8 323
10 300 13 323
15 300 19 323
21 300 26 323
28 300 34 323
36 300 43 323
45 300 53 323
55 300 64 323
66 300 76 323
78 300 89 323
91 300 103 323
105 300 118 323
120 300 134 323
136 300 151 323
153 300 169 323
171 300 188 323
190 300 208 323
210 300 229 323
231 300 251 323
253 300 274 323
276 300 298 323
300 300 323 323
325 300 349 323
351 300 376 323
378 300 404 323
406 300 433 323
435 300 463 323
465 300 494 323
496 300 526 323
528 300 559 323
561 300 593 323
595 300 628 323
630 300 664 323
666 300 701 323
703 300 739 323
741 300 778 323
780 300 818 323
820 300 859 323
861 300 901 323
903 300 944 323
946 300 988 323
990 300 1033 323
1035 300 1079 323
1081 300 1126 323
1128 300 1174 323
1176 300 1223 323
1 325 1 349
3 325 4 349
6 325 8 349
10 325 13 349
15 325 19 349
21 325 26 349
28 325 34 349
36 325 43 349
45 325 53 349
55 325 64 349
66 325 76 349
78 325 89 349
91 325 103 349
105 325 118 349
120 325 134 349
136 325 151 349
153 325 169 349
171 325 188 349
190 325 208 349
210 325 229 349
231 325 251 349
253 325 274 349
276 325 298 349
300 325 323 349
325 325 349 349
351 325 376 349
378 325 404 349
406 325 433 349
435 325 463 349
465 325 494 349
496 325 526 349
528 325 559 349
561 325 593 349
595 325 628 349
630 325 664 349
666 325 701 349
703 325 739 349
741 325 778 349
780 325 818 349
820 325 859 349
861 325 901 349
903 325 944 349
946 325 988 349
990 325 1033 349
1035 325 1079 349
1081 325 1126 349
1128 325 1174 349
1176 325 1223 349
1 351 1 376
3 351 4 376
6 351 8 376
10 351 13 376
15 351 19 376
21 351 26 376
28 351 34 376
36 351 43 376
45 351 53 376
55 351 64 376
66 351 76 376
78 351 89 376
91 351 103 376
105 351 118 376
120 351 134 376
136 351 151 376
153 351 169 376
171 351 188 376
190 351 208 376
210 351 229 376
231 351 251 376
253 351 274 376
276 351 298 376
300 351 323 376
325 351 349 376
351 351 376 376
378 351 404 376
406 351 433 376
435 351 463 376
465 351 494 376
496 351 526 376
528 351 559 376
561 351 593 376
595 351 628 376
630 351 664 376
666 351 701 376
703 351 739 376
741 351 778 376
780 351 818 376
820 351 859 376
861 351 901 376
903 351 944 376
946 351 988 376
990 351 1033 376
1035 351 1079 376
1081 351 1126 376
1128 351 1174 376
1176 351 1223 376
1 378 1 404
3 378 4 404
6 378 8 404
10 378 13 404
15 378 19 404
21 378 26 404
28 378 34 404
36 378 43 404
45 378 53 404
55 378 64 404
66 378 76 404
78 378 89 404
91 378 103 404
105 378 118 404
120 378 134 404
136 378 151 404
153 378 169 404
171 378 188 404
190 378 208 404
210 378 229 404
231 378 251 404
253 378 274 404
276 378 298 404
300 378 323 404
325 378 349 404
351 378 376 404
378 378 404 404
406 378 433 404
435 378 463 404
465 378 494 404
496 378 526 404
528 378 559 404
561 378 593 404
595 378 628 404
630 378 664 404
666 378 701 404
703 378 739 404
741 378 778 404
780 378 818 404
820 378 859 404
861 378 901 404
903 378 944 404
946 378 988 404
990 378 1033 404
1035 378 1079 404
1081 378 1126 404
1128 378 1174 404
1176 378 1223 404
1 406 1 433
3 406 4 433
6 406 8 433
10 406 13 433
15 406 19 433
21 406 26 433
28 406 34 433
36 406 43 433
45 406 53 433
55 406 64 433
66 406 76 433
78 406 89 433
91 406 103 433
105 406 118 433
120 406 134 433
136 406 151 433
153 406 169 433
171 406 188 433
190 406 208 433
210 406 229 433
231 406 251 433
253 406 274 433
276 406 298 433
300 406 323 433
325 406 349 433
351 406 376 433
378 406 404 433
406 406 433 433
435 406 463 433
465 406 494 433
496 406 526 433
528 406 559 433
561 406 593 433
595 406 628 433
630 406 664 433
666 406 701 433
703 406 739 433
741 406 778 433
780 406 818 433
820 406 859 433
861 406 901 433
903 406 944 433
946 406 988 433
990 406 1033 433
1035 406 1079 433
1081 406 1126 433
1128 406 1174 433
1176 406 1223 433
1 435 1 463
3 435 4 463
6 435 8 463
10 435 13 463
15 435 19 463
21 435 26 463
28 435 34 463
36 435 43 463
45 435 53 463
55 435 64 463
66 435 76 463
78 435 89 463
91 435 103 463
105 435 118 463
120 435 134 463
136 435 151 463
153 435 169 463
171 435 188 463
190 435 208 463
210 435 229 463
231 435 251 463
253 435 274 463
276 435 298 463
300 435 323 463
325 435 349 463
351 435 376 463
378 435 404 463
406 435 433 463
435 435 463 463
465 435 494 463
496 435 526 463
528 435 559 463
561 435 593 463
595 435 628 463
630 435 664 463
666 435 701 463
703 435 739 463
741 435 778 463
780 435 818 463
820 435 859 463
861 435 901 463
903 435 944 463
946 435 988 463
990 435 1033 463
1035 435 1079 463
1081 435 1126 463
1128 435 1174 463
1176 435 1223 463
1 465 1 494
3 465 4 494
6 465 8 494
10 465 13 494
15 465 19 494
21 465 26 494
28 465 34 494
36 465 43 494
45 465 53 494
55 465 64 494
66 465 76 494
78 465 89 494
91 465 103 494
105 465 118 494
120 465 134 494
136 465 151 494
153 465 169 494
171 465 188 494
190 465 208 494
210 465 229 494
231 465 251 494
253 465 274 494
276 465 298 494
300 465 323 494
325 465 349 494
351 465 376 494
378 465 404 494
406 465 433 494
435 465 463 494
465 465 494 494
496 465 526 494
528 465 559 494
561 465 593 494
595 465 628 494
630 465 664 494
666 465 701 494
703 465 739 494
741 465 778 494
780 465 818 494
820 465 859 494
861 465 901 494
903 465 944 494
946 465 988 494
990 465 1033 494
1035 465 1079 494
1081 465 1126 494
1128 465 1174 494
1176 465 1223 494
1 496 1 526
3 496 4 526
6 496 8 526
10 496 13 526
15 496 19 526
21 496 26 526
28 496 34 526
36 496 43 526
45 496 53 526
55 496 64 526
66 496 76 526
78 496 89 526
91 496 103 526
105 496 118 526
120 496 134 526
136 496 151 526
153 496 169 526
171 496 188 526
190 496 208 526
210 496 229 526
231 496 251 526
253 496 274 526
276 496 298 526
300 496 323 526
325 496 349 526
351 496 376 526
378 496 404 526
406 496 433 526
435 496 463 526
465 496 494 526
496 496 526 526
528 496 559 526
561 496 593 526
595 496 628 526
630 496 664 526
666 496 701 526
703 496 739 526
741 496 778 526
780 496 818 526
820 496 859 526
861 496 901 526
903 496 944 526
946 496 988 526
990 496 1033 526
1035 496 1079 526
1081 496 1126 526
1128 496 1174 526
1176 496 1223 526
1 528 1 559
3 528 4 559
6 528 8 559
10 528 13 559
15 528 19 559
21 528 26 559
28 528 34 559
36 528 43 559
45 528 53 559
55 528 64 559
66 528 76 559
78 528 89 559
91 528 103 559
105 528 118 559
120 528 134 559
136 528 151 559
153 528 169 559
171 528 188 559
190 528 208 559
210 528 229 559
231 528 251 559
253 528 274 559
276 528 298 559
300 528 323 559
325 528 349 559
351 528 376 559
378 528 404 559
406 528 433 559
435 528 463 559
465 528 494 559
496 528 526 559
528 528 559 559
561 528 593 559
595 528 628 559
630 528 664 559
666 528 701 559
703 528 739 559
741 528 778 559
780 528 818 559
820 528 859 559
861 528 901 559
903 528 944 559
946 528 988 559
990 528 1033 559
1035 528 1079 559
1081 528 1126 559
1128 528 1174 559
1176 528 1223 559
1 561 1 593
3 561 4 593
6 561 8 593
10 561 13 593
15 561 19 593
21 561 26 593
28 561 34 593
36 561 43 593
45 561 53 593
55 561 64 593
66 561 76 593
78 561 89 593
91 561 103 593
105 561 118 593
120 561 134 593
136 561 151 593
153 561 169 593
171 561 188 593
190 561 208 593
210 561 229 593
231 561 251 593
253 561 274 593
276 561 298 593
300 561 323 593
325 561 349 593
351 561 376 593
378 561 404 593
406 561 433 593
435 561 463 593
465 561 494 593
496 561 526 593
528 561 559 593
561 561 593 593
595 561 628 593
630 561 664 593
666 561 701 593
703 561 739 593
741 561 778 593
780 561 818 593
820 561 859 593
861 561 901 593
903 561 944 593
946 561 988 593
990 561 1033 593
1035 561 1079 593
1081 561 1126 593
1128 561 1174 593
1176 561 1223 593
1 595 1 628
3 595 4 628
6 595 8 628
10 595 13 628
15 595 19 628
21 595 26 628
28 595 34 628
36 595 43 628
45 595 53 628
55 595 64 628
66 595 76 628
78 595 89 628
91 595 103 628
105 595 118 628
120 595 134 628
136 595 151 628
153 595 169 628
171 595 188 628
190 595 208 628
210 595 229 628
231 595 251 628
253 595 274 628
276 595 298 628
300 595 323 628
325 595 349 628
351 595 376 628
378 595 404 628
406 595 433 628
435 595 463 628
465 595 494 628
496 595 526 628
528 595 559 628
561 595 593 628
595 595 628 628
630 595 664 628
666 595 701 628
703 595 739 628
741 595 778 628
780 595 818 628
820 595 859 628
861 595 901 628
903 595 944 628
946 595 988 628
990 595 1033 628
1035 595 1079 628
1081 595 1126 628
1128 595 1174 628
1176 595 1223 628
1 630 1 664
3 630 4 664
6 630 8 664
10 630 13 664
15 630 19 664
21 630 26 664
28 630 34 664
36 630 43 664
45 630 53 664
55 630 64 664
66 630 76 664
78 630 89 664
91 630 103 664
105 630 118 664
120 630 134 664
136 630 151 664
153 630 169 664
171 630 188 664
190 630 208 664
210 630 229 664
231 630 251 664
253 630 274 664
276 630 298 664
300 630 323 664
325 630 349 664
351 630 376 664
378 630 404 664
406 630 433 664
435 630 463 664
465 630 494 664
496 630 526 664
528 630 559 664
561 630 593 664
595 630 628 664
630 630 664 664
666 630 701 664
703 630 739 664
741 630 778 664
780 630 818 664
820 630 859 664
861 630 901 664
903 630 944 664
946 630 988 664
990 630 1033 664
1035 630 1079 664
1081 630 1126 664
1128 630 1174 664
1176 630 1223 664
1 666 1 701
3 666 4 701
6 666 8 701
10 666 13 701
15 666 19 701
21 666 26 701
28 666 34 701
36 666 43 701
45 666 53 701
55 666 64 701
66 666 76 701
78 666 89 701
91 666 103 701
105 666 118 701
120 666 134 701
136 666 151 701
153 666 169 701
171 666 188 701
190 666 208 701
210 666 229 701
231 666 251 701
253 666 274 701
276 666 298 701
300 666 323 701
325 666 349 701
351 666 376 701
378 666 404 701
406 666 433 701
435 666 463 701
465 666 494 701
496 666 526 701
528 666 559 701
561 666 593 701
595 666 628 701
630 666 664 701
666 666 701 701
703 666 739 701
741 666 778 701
780 666 818 701
820 666 859 701
861 666 901 701
903 666 944 701
946 666 988 701
990 666 1033 701
1035 666 1079 701
1081 666 1126 701
1128 666 1174 701
1176 666 1223 701
1 703 1 739
3 703 4 739
6 703 8 739
10 703 13 739
15 703 19 739
21 703 26 739
28 703 34 739
36 703 43 739
45 703 53 739
55 703 64 739
66 703 76 739
78 703 89 739
91 703 103 739
105 703 118 739
120 703 134 739
136 703 151 739
153 703 169 739
171 703 188 739
190 703 208 739
210 703 229 739
231 703 251 739
253 703 274 739
276 703 298 739
300 703 323 739
325 703 349 739
351 703 376 739
378 703 404 739
406 703 433 739
435 703 463 739
465 703 494 739
496 703 526 739
528 703 559 739
561 703 593 739
595 703 628 739
630 703 664 739
666 703 701 739
703 703 739 739
741 703 778 739
780 703 818 739
820 703 859 739
861 703 901 739
903 703 944 739
946 703 988 739
990 703 1033 739
1035 703 1079 739
1081 703 1126 739
1128 703 1174 739
1176 703 1223 739
1 741 1 778
3 741 4 778
6 741 8 778
10 741 13 778
15 741 19 778
21 741 26 778
28 741 34 778
36 741 43 778
45 741 53 778
55 741 64 778
66 741 76 778
78 741 89 778
91 741 103 778
105 741 118 778
120 741 134 778
136 741 151 778
153 741 169 778
171 741 188 778
190 741 208 778
210 741 229 778
231 741 251 778
253 741 274 778
276 741 298 778
300 741 323 778
325 741 349 778
351 741 376 778
378 741 404 778
406 741 433 778
435 741 463 778
465 741 494 778
496 741 526 778
528 741 559 778
561 741 593 778
595 741 628 778
630 741 664 778
666 741 701 778
703 741 739 778
741 741 778 778
780 741 818 778
820 741 859 778
861 741 901 778
903 741 944 778
946 741 988 778
990 741 1033 778
1035 741 1079 778
1081 741 1126 778
1128 741 1174 778
1176 741 1223 778
1 780 1 818
3 780 4 818
6 780 8 818
10 780 13 818
15 780 19 818
21 780 26 818
28 780 34 818
36 780 43 818
45 780 53 818
55 780 64 818
66 780 76 818
78 780 89 818
91 780 103 818
105 780 118 818
120 780 134 818
136 780 151 818
153 780 169 818
171 780 188 818
190 780 208 818
210 780 229 818
231 780 251 818
253 780 274 818
276 780 298 818
300 780 323 818
325 780 349 818
351 780 376 818
378 780 404 818
406 780 433 818
435 780 463 818
465 780 494 818
496 780 526 818
528 780 559 818
561 780 593 818
595 780 628 818
630 780 664 818
666 780 701 818
703 780 739 818
741 780 778 818
780 780 818 818
820 780 859 818
861 780 901 818
903 780 944 818
946 780 988 818
990 780 1033 818
1035 780 1079 818
1081 780 1126 818
1128 780 1174 818
1176 780 1223 818
1 820 1 859
3 820 4 859
6 820 8 859
10 820 13 859
15 820 19 859
21 820 26 859
28 820 34 859
36 820 43 859
45 820 53 859
55 820 64 859
66 820 76 859
78 820 89 859
91 820 103 859
105 820 118 859
120 820 134 859
136 820 151 859
153 820 169 859
171 820 188 859
190 820 208 859
210 820 229 859
231 820 251 859
253 820 274 859
276 820 298 859
300 820 323 859
325 820 349 859
351 820 376 859
378 820 404 859
406 820 433 859
435 820 463 859
465 820 494 859
496 820 526 859
528 820 559 859
561 820 593 859
595 820 628 859
630 820 664 859
666 820 701 859
703 820 739 859
741 820 778 859
780 820 818 859
820 820 859 859
861 820 901 859
903 820 944 859
946 820 988 859
990 820 1033 859
1035 820 1079 859
1081 820 1126 859
1128 820 1174 859
1176 820 1223 859
1 861 1 901
3 861 4 901
6 861 8 901
10 861 13 901
15 861 19 901
21 861 26 901
28 861 34 901
36 861 43 901
45 861 53 901
55 861 64 901
66 861 76 901
78 861 89 901
91 861 103 901
105 861 118 901
120 861 134 901
136 861 151 901
153 861 169 901
171 861 188 901
190 861 208 901
210 861 229 901
231 861 251 901
253 861 274 901
276 861 298 901
300 861 323 901
325 861 349 901
351 861 376 901
378 861 404 901
406 861 433 901
435 861 463 901
465 861 494 901
496 861 526 901
528 861 559 901
561 861 593 901
595 861 628 901
630 861 664 901
666 861 701 901
703 861 739 901
741 861 778 901
780 861 818 901
820 861 859 901
861 861 901 901
903 861 944 901
946 861 988 901
990 861 1033 901
1035 861 1079 901
1081 861 1126 901
1128 861 1174 901
1176 861 1223 901
1 903 1 944
3 903 4 944
6 903 8 944
10 903 13 944
15 903 19 944
21 903 26 944
28 903 34 944
36 903 43 944
45 903 53 944
55 903 64 944
66 903 76 944
78 903 89 944
91 903 103 944
105 903 118 944
120 903 134 944
136 903 151 944
153 903 169 944
171 903 188 944
190 903 208 944
210 903 229 944
231 903 251 944
253 903 274 944
276 903 298 944
300 903 323 944
325 903 349 944
351 903 376 944
378 903 404 944
406 903 433 944
435 903 463 944
465 903 494 944
496 903 526 944
528 903 559 944
561 903 593 944
595 903 628 944
630 903 664 944
666 903 701 944
703 903 739 944
741 903 778 944
780 903 818 944
820 903 859 944
861 903 901 944
903 903 944 944
946 903 988 944
990 903 1033 944
1035 903 1079 944
1081 903 1126 944
1128 903 1174 944
1176 903 1223 944
1 946 1 988
3 946 4 988
6 946 8 988
10 946 13 988
15 946 19 988
21 946 26 988
28 946 34 988
36 946 43 988
45 946 53 988
55 946 64 988
66 946 76 988
78 946 89 988
91 946 103 988
105 946 118 988
120 946 134 988
136 946 151 988
153 946 169 988
171 946 188 988
190 946 208 988
210 946 229 988
231 946 251 988
253 946 274 988
276 946 298 988
300 946 323 988
325 946 349 988
351 946 376 988
378 946 404 988
406 946 433 988
435 946 463 988
465 946 494 988
496 946 526 988
528 946 559 988
561 946 593 988
595 946 628 988
630 946 664 988
666 946 701 988
703 946 739 988
741 946 778 988
780 946 818 988
820 946 859 988
861 946 901 988
903 946 944 988
946 946 988 988
990 946 1033 988
1035 946 1079 988
1081 946 1126 988
1128 946 1174 988
1176 946 1223 988
1 990 1 1033
3 990 4 1033
6 990 8 1033
10 990 13 1033
15 990 19 1033
21 990 26 1033
28 990 34 1033
36 990 43 1033
45 990 53 1033
55 990 64 1033
66 990 76 1033
78 990 89 1033
91 990 103 1033
105 990 118 1033
120 990 134 1033
136 990 151 1033
153 990 169 1033
171 990 188 1033
190 990 208 1033
210 990 229 1033
231 990 251 1033
253 990 274 1033
276 990 298 1033
300 990 323 1033
325 990 349 1033
351 990 376 1033
378 990 404 1033
406 990 433 1033
435 990 463 1033
465 990 494 1033
496 990 526 1033
528 990 559 1033
561 990 593 1033
595 990 628 1033
630 990 664 1033
666 990 701 1033
703 990 739 1033
741 990 778 1033
780 990 818 1033
820 990 859 1033
861 990 901 1033
903 990 944 1033
946 990 988 1033
990 990 1033 1033
1035 990 1079 1033
1081 990 1126 1033
1128 990 1174 1033
1176 990 1223 1033
1 1035 1 1079
3 1035 4 1079
6 1035 8 1079
10 1035 13 1079
15 1035 19 1079
21 1035 26 1079
28 1035 34 1079
36 1035 43 1079
45 1035 53 1079
55 1035 64 1079
66 1035 76 1079
78 1035 89 1079
91 1035 103 1079
105 1035 118 1079
120 1035 134 1079
136 1035 151 1079
153 1035 169 1079
171 1035 188 1079
190 1035 208 1079
210 1035 229 1079
231 1035 251 1079
253 1035 274 1079
276 1035 298 1079
300 1035 323 1079
325 1035 349 1079
351 1035 376 1079
378 1035 404 1079
406 1035 433 1079
435 1035 463 1079
465 1035 494 1079
496 1035 526 1079
528 1035 559 1079
561 1035 593 1079
595 1035 628 1079
630 1035 664 1079
666 1035 701 1079
703 1035 739 1079
741 1035 778 1079
780 1035 818 1079
820 1035 859 1079
861 1035 901 1079
903 1035 944 1079
946 1035 988 1079
990 1035 1033 1079
1035 1035 1079 1079
1081 1035 1126 1079
1128 1035 1174 1079
1176 1035 1223 1079
1 1081 1 1126
3 1081 4 1126
6 1081 8 1126
10 1081 13 1126
15 1081 19 1126
21 1081 26 1126
28 1081 34 1126
36 1081 43 1126
45 1081 53 1126
55 1081 64 1126
66 1081 76 1126
78 1081 89 1126
91 1081 103 1126
105 1081 118 1126
120 1081 134 1126
136 1081 151 1126
153 1081 169 1126
171 1081 188 1126
190 1081 208 1126
210 1081 229 1126
231 1081 251 1126
253 1081 274 1126
276 1081 298 1126
300 1081 323 1126
325 1081 349 1126
351 1081 376 1126
378 1081 404 1126
406 1081 433 1126
435 1081 463 1126
465 1081 494 1126
496 1081 526 1126
528 1081 559 1126
561 1081 593 1126
595 1081 628 1126
630 1081 664 1126
666 1081 701 1126
703 1081 739 1126
741 1081 778 1126
780 1081 818 1126
820 1081 859 1126
861 1081 901 1126
903 1081 944 1126
946 1081 988 1126
990 1081 1033 1126
1035 1081 1079 1126
1081 1081 1126 1126
1128 1081 1174 1126
1176 1081 1223 1126
1 1128 1 1174
3 1128 4 1174
6 1128 8 1174
10 1128 13 1174
15 1128 19 1174
21 1128 26 1174
28 1128 34 1174
36 1128 43 1174
45 1128 53 1174
55 1128 64 1174
66 1128 76 1174
78 1128 89 1174
91 1128 103 1174
105 1128 118 1174
120 1128 134 1174
136 1128 151 1174
153 1128 169 1174
171 1128 188 1174
190 1128 208 1174
210 1128 229 1174
231 1128 251 1174
253 1128 274 1174
276 1128 298 1174
300 1128 323 1174
325 1128 349 1174
351 1128 376 1174
378 1128 404 1174
406 1128 433 1174
435 1128 463 1174
465 1128 494 1174
496 1128 526 1174
528 1128 559 1174
561 1128 593 1174
595 1128 628 1174
630 1128 664 1174
666 1128 701 1174
703 1128 739 1174
741 1128 778 1174
780 1128 818 1174
820 1128 859 1174
861 1128 901 1174
903 1128 944 1174
946 1128 988 1174
990 1128 1033 1174
1035 1128 1079 1174
1081 1128 1126 1174
1128 1128 1174 1174
1176 1128 1223 1174
1 1176 1 1223
3 1176 4 1223
6 1176 8 1223
10 1176 13 1223
15 1176 19 1223
21 1176 26 1223
28 1176 34 1223
36 1176 43 1223
45 1176 53 1223
55 1176 64 1223
66 1176 76 1223
78 1176 89 1223
91 1176 103 1223
105 1176 118 1223
120 1176 134 1223
136 1176 151 1223
153 1176 169 1223
171 1176 188 1223
190 1176 208 1223
210 1176 229 1223
231 1176 251 1223
253 1176 274 1223
276 1176 298 1223
300 1176 323 1223
325 1176 349 1223
351 1176 376 1223
378 1176 404 1223
406 1176 433 1223
435 1176 463 1223
465 1176 494 1223
496 1176 526 1223
528 1176 559 1223
561 1176 593 1223
595 1176 628 1223
630 1176 664 1223
666 1176 701 1223
703 1176 739 1223
741 1176 778 1223
780 1176 818 1223
820 1176 859 1223
861 1176 901 1223
903 1176 944 1223
946 1176 988 1223
990 1176 1033 1223
1035 1176 1079 1223
1081 1176 1126 1223
1128 1176 1174 1223
1176 1176 1223 1223
1 1225 1 1273
3 1225 4 1273
6 1225 8 1273
10 1225 13 1273
15 1225 19 1273
21 1225 26 1273
28 1225 34 1273
36 1225 43 1273
45 1225 53 1273
55 1225 64 1273
66 1225 76 1273
78 1225 89 1273
91 1225 103 1273
105 1225 118 1273
120 1225 134 1273
136 1225 151 1273
153 1225 169 1273
171 1225 188 1273
190 1225 208 1273
210 1225 229 1273
231 1225 251 1273
253 1225 274 1273
276 1225 298 1273
300 1225 323 1273
325 1225 349 1273
351 1225 376 1273
378 1225 404 1273
406 1225 433 1273
435 1225 463 1273
465 1225 494 1273
496 1225 526 1273
528 1225 559 1273
561 1225 593 1273
595 1225 628 1273
630 1225 664 1273
666 1225 701 1273
703 1225 739 1273
741 1225 778 1273
780 1225 818 1273
820 1225 859 1273
861 1225 901 1273
903 1225 944 1273
946 1225 988 1273
990 1225 1033 1273
1035 1225 1079 1273
1081 1225 1126 1273
1128 1225 1174 1273
1176 1225 1223 1273
1 1275 1 1324
3 1275 4 1324
6 1275 8 1324
10 1275 13 1324
15 1275 19 1324
21 1275 26 1324
28 1275 34 1324
36 1275 43 1324
45 1275 53 1324
55 1275 64 1324
66 1275 76 1324
78 1275 89 1324
91 1275 103 1324
105 1275 118 1324
120 1275 134 1324
136 1275 151 1324
153 1275 169 1324
171 1275 188 1324
190 1275 208 1324
210 1275 229 1324
231 1275 251 1324
253 1275 274 1324
276 1275 298 1324
300 1275 323 1324
325 1275 349 1324
351 1275 376 1324
378 1275 404 1324
406 1275 433 1324
435 1275 463 1324
465 1275 494 1324
496 1275 526 1324
528 1275 559 1324
561 1275 593 1324
595 1275 628 1324
630 1275 664 1324
666 1275 701 1324
703 1275 739 1324
741 1275 778 1324
780 1275 818 1324
820 1275 859 1324
861 1275 901 1324
903 1275 944 1324
946 1275 988 1324
990 1275 1033 1324
1035 1275 1079 1324
1081 1275 1126 1324
1128 1275 1174 1324
1176 1275 1223 1324
1 1326 1 1376
3 1326 4 1376
6 1326 8 1376
10 1326 13 1376
15 1326 19 1376
21 1326 26 1376
28 1326 34 1376
36 1326 43 1376
45 1326 53 1376
55 1326 64 1376
66 1326 76 1376
78 1326 89 1376
91 1326 103 1376
105 1326 118 1376
120 1326 134 1376
136 1326 151 1376
153 1326 169 1376
171 1326 188 1376
190 1326 208 1376
210 1326 229 1376
231 1326 251 1376
253 1326 274 1376
276 1326 298 1376
300 1326 323 1376
325 1326 349 1376
351 1326 376 1376
378 1326 404 1376
406 1326 433 1376
435 1326 463 1376
465 1326 494 1376
496 1326 526 1376
528 1326 559 1376
561 1326 593 1376
595 1326 628 1376
630 1326 664 1376
666 1326 701 1376
703 1326 739 1376
741 1326 778 1376
780 1326 818 1376
820 1326 859 1376
861 1326 901 1376
903 1326 944 1376
946 1326 988 1376
990 1326 1033 1376
1035 1326 1079 1376
1081 1326 1126 1376
1128 1326 1174 1376
1176 1326 1223 1376
1 1378 1 1429
3 1378 4 1429
6 1378 8 1429
10 1378 13 1429
15 1378 19 1429
21 1378 26 1429
28 1378 34 1429
36 1378 43 1429
45 1378 53 1429
55 1378 64 1429
66 1378 76 1429
78 1378 89 1429
91 1378 103 1429
105 1378 118 1429
120 1378 134 1429
136 1378 151 1429
153 1378 169 1429
171 1378 188 1429
190 1378 208 1429
210 1378 229 1429
231 1378 251 1429
253 1378 274 1429
276 1378 298 1429
300 1378 323 1429
325 1378 349 1429
351 1378 376 1429
378 1378 404 1429
406 1378 433 1429
435 1378 463 1429
465 1378 494 1429
496 1378 526 1429
528 1378 559 1429
561 1378 593 1429
595 1378 628 1429
630 1378 664 1429
666 1378 701 1429
703 1378 739 1429
741 1378 778 1429
780 1378 818 1429
820 1378 859 1429
861 1378 901 1429
903 1378 944 1429
946 1378 988 1429
990 1378 1033 1429
1035 1378 1079 1429
1081 1378 1126 1429
1128 1378 1174 1429
1176 1378 1223 1429
1 1431 1 1483
3 1431 4 1483
6 1431 8 1483
10 1431 13 1483
15 1431 19 1483
21 1431 26 1483
28 1431 34 1483
36 1431 43 1483
45 1431 53 1483
55 1431 64 1483
66 1431 76 1483
78 1431 89 1483
91 1431 103 1483
105 1431 118 1483
120 1431 134 1483
136 1431 151 1483
153 1431 169 1483
171 1431 188 1483
190 1431 208 1483
210 1431 229 1483
231 1431 251 1483
253 1431 274 1483
276 1431 298 1483
300 1431 323 1483
325 1431 349 1483
351 1431 376 1483
378 1431 404 1483
406 1431 433 1483
435 1431 463 1483
465 1431 494 1483
496 1431 526 1483
528 1431 559 1483
561 1431 593 1483
595 1431 628 1483
630 1431 664 1483
666 1431 701 1483
703 1431 739 1483
741 1431 778 1483
780 1431 818 1483
820 1431 859 1483
861 1431 901 1483
903 1431 944 1483
946 1431 988 1483
990 1431 1033 1483
1035 1431 1079 1483
1081 1431 1126 1483
1128 1431 1174 1483
1176 1431 1223 1483
1 1485 1 1538
3 1485 4 1538
6 1485 8 1538
10 1485 13 1538
15 1485 19 1538
21 1485 26 1538
28 1485 34 1538
36 1485 43 1538
45 1485 53 1538
55 1485 64 1538
66 1485 76 1538
78 1485 89 1538
91 1485 103 1538
105 1485 118 1538
120 1485 134 1538
136 1485 151 1538
153 1485 169 1538
171 1485 188 1538
190 1485 208 1538
210 1485 229 1538
231 1485 251 1538
253 1485 274 1538
276 1485 298 1538
300 1485 323 1538
325 1485 349 1538
351 1485 376 1538
378 1485 404 1538
406 1485 433 1538
435 1485 463 1538
465 1485 494 1538
496 1485 526 1538
528 1485 559 1538
561 1485 593 1538
595 1485 628 1538
630 1485 664 1538
666 1485 701 1538
703 1485 739 1538
741 1485 778 1538
780 1485 818 1538
820 1485 859 1538
861 1485 901 1538
903 1485 944 1538
946 1485 988 1538
990 1485 1033 1538
1035 1485 1079 1538
1081 1485 1126 1538
1128 1485 1174 1538
1176 1485 1223 1538
1 1540 1 1594
3 1540 4 1594
6 1540 8 1594
10 1540 13 1594
15 1540 19 1594
21 1540 26 1594
28 1540 34 1594
36 1540 43 1594
45 1540 53 1594
55 1540 64 1594
66 1540 76 1594
78 1540 89 1594
91 1540 103 1594
105 1540 118 1594
120 1540 134 1594
136 1540 151 1594
153 1540 169 1594
171 1540 188 1594
190 1540 208 1594
210 1540 229 1594
231 1540 251 1594
253 1540 274 1594
276 1540 298 1594
300 1540 323 1594
325 1540 349 1594
351 1540 376 1594
378 1540 404 1594
406 1540 433 1594
435 1540 463 1594
465 1540 494 1594
496 1540 526 1594
528 1540 559 1594
561 1540 593 1594
595 1540 628 1594
630 1540 664 1594
666 1540 701 1594
703 1540 739 1594
741 1540 778 1594
780 1540 818 1594
820 1540 859 1594
861 1540 901 1594
903 1540 944 1594
946 1540 988 1594
990 1540 1033 1594
1035 1540 1079 1594
1081 1540 1126 1594
1128 1540 1174 1594
1176 1540 1223 1594
1 1596 1 1651
3 1596 4 1651
6 1596 8 1651
10 1596 13 1651
15 1596 19 1651
21 1596 26 1651
28 1596 34 1651
36 1596 43 1651
45 1596 53 1651
55 1596 64 1651
66 1596 76 1651
78 1596 89 1651
91 1596 103 1651
105 1596 118 1651
120 1596 134 1651
136 1596 151 1651
153 1596 169 1651
171 1596 188 1651
190 1596 208 1651
210 1596 229 1651
231 1596 251 1651
253 1596 274 1651
276 1596 298 1651
300 1596 323 1651
325 1596 349 1651
351 1596 376 1651
378 1596 404 1651
406 1596 433 1651
435 1596 463 1651
465 1596 494 1651
496 1596 526 1651
528 1596 559 1651
561 1596 593 1651
595 1596 628 1651
630 1596 664 1651
666 1596 701 1651
703 1596 739 1651
741 1596 778 1651
780 1596 818 1651
820 1596 859 1651
861 1596 901 1651
903 1596 944 1651
946 1596 988 1651
990 1596 1033 1651
1035 1596 1079 1651
1081 1596 1126 1651
1128 1596 1174 1651
1176 1596 1223 1651
1 1653 1 1709
3 1653 4 1709
6 1653 8 1709
10 1653 13 1709
15 1653 19 1709
21 1653 26 1709
28 1653 34 1709
36 1653 43 1709
45 1653 53 1709
55 1653 64 1709
66 1653 76 1709
78 1653 89 1709
91 1653 103 1709
105 1653 118 1709
120 1653 134 1709
136 1653 151 1709
153 1653 169 1709
171 1653 188 1709
190 1653 208 1709
210 1653 229 1709
231 1653 251 1709
253 1653 274 1709
276 1653 298 1709
300 1653 323 1709
325 1653 349 1709
351 1653 376 1709
378 1653 404 1709
406 1653 433 1709
435 1653 463 1709
465 1653 494 1709
496 1653 526 1709
528 1653 559 1709
561 1653 593 1709
595 1653 628 1709
630 1653 664 1709
666 1653 701 1709
703 1653 739 1709
741 1653 778 1709
780 1653 818 1709
820 1653 859 1709
861 1653 901 1709
903 1653 944 1709
946 1653 988 1709
990 1653 1033 1709
1035 1653 1079 1709
1081 1653 1126 1709
1128 1653 1174 1709
1176 1653 1223 1709
1 1711 1 1768
3 1711 4 1768
6 1711 8 1768
10 1711 13 1768
15 1711 19 1768
21 1711 26 1768
28 1711 34 1768
36 1711 43 1768
45 1711 53 1768
55 1711 64 1768
66 1711 76 1768
78 1711 89 1768
91 1711 103 1768
105 1711 118 1768
120 1711 134 1768
136 1711 151 1768
153 1711 169 1768
171 1711 188 1768
190 1711 208 1768
210 1711 229 1768
231 1711 251 1768
253 1711 274 1768
276 1711 298 1768
300 1711 323 1768
325 1711 349 1768
351 1711 376 1768
378 1711 404 1768
406 1711 433 1768
435 1711 463 1768
465 1711 494 1768
496 1711 526 1768
528 1711 559 1768
561 1711 593 1768
595 1711 628 1768
630 1711 664 1768
666 1711 701 1768
703 1711 739 1768
741 1711 778 1768
780 1711 818 1768
820 1711 859 1768
861 1711 901 1768
903 1711 944 1768
946 1711 988 1768
990 1711 1033 1768
1035 1711 1079 1768
1081 1711 1126 1768
1128 1711 1174 1768
1176 1711 1223 1768
1 1770 1 1828
3 1770 4 1828
6 1770 8 1828
10 1770 13 1828
15 1770 19 1828
21 1770 26 1828
28 1770 34 1828
36 1770 43 1828
45 1770 53 1828
55 1770 64 1828
66 1770 76 1828
78 1770 89 1828
91 1770 103 1828
105 1770 118 1828
120 1770 134 1828
136 1770 151 1828
153 1770 169 1828
171 1770 188 1828
190 1770 208 1828
210 1770 229 1828
231 1770 251 1828
253 1770 274 1828
276 1770 298 1828
300 1770 323 1828
325 1770 349 1828
351 1770 376 1828
378 1770 404 1828
406 1770 433 1828
435 1770 463 1828
465 1770 494 1828
496 1770 526 1828
528 1770 559 1828
561 1770 593 1828
595 1770 628 1828
630 1770 664 1828
666 1770 701 1828
703 1770 739 1828
741 1770 778 1828
780 1770 818 1828
820 1770 859 1828
861 1770 901 1828
903 1770 944 1828
946 1770 988 1828
990 1770 1033 1828
1035 1770 1079 1828
1081 1770 1126 1828
1128 1770 1174 1828
1176 1770 1223 1828
1 1830 1 1889
3 1830 4 1889
6 1830 8 1889
10 1830 13 1889
15 1830 19 1889
21 1830 26 1889
28 1830 34 1889
36 1830 43 1889
45 1830 53 1889
55 1830 64 1889
66 1830 76 1889
78 1830 89 1889
91 1830 103 1889
105 1830 118 1889
120 1830 134 1889
136 1830 151 1889
153 1830 169 1889
171 1830 188 1889
190 1830 208 1889
210 1830 229 1889
231 1830 251 1889
253 1830 274 1889
276 1830 298 1889
300 1830 323 1889
325 1830 349 1889
351 1830 376 1889
378 1830 404 1889
406 1830 433 1889
435 1830 463 1889
465 1830 494 1889
496 1830 526 1889
528 1830 559 1889
561 1830 593 1889
595 1830 628 1889
630 1830 664 1889
666 1830 701 1889
703 1830 739 1889
741 1830 778 1889
780 1830 818 1889
820 1830 859 1889
861 1830 901 1889
903 1830 944 1889
946 1830 988 1889
990 1830 1033 1889
1035 1830 1079 1889
1081 1830 1126 1889
1128 1830 1174 1889
1176 1830 1223 1889
1 1891 49 1891
51 1891 100 1891
102 1891 152 1891
154 1891 205 1891
207 1891 259 1891
261 1891 314 1891
316 1891 370 1891
372 1891 427 1891
429 1891 485 1891
487 1891 544 1891
546 1891 604 1891
606 1891 665 1891
667 1891 727 1891
729 1891 790 1891
792 1891 854 1891
856 1891 919 1891
921 1891 985 1891
987 1891 1052 1891
1054 1891 1120 1891
1122 1891 1246 1891
1 1893 49 1894
51 1893 100 1894
102 1893 152 1894
154 1893 205 1894
207 1893 259 1894
261 1893 314 1894
316 1893 370 1894
372 1893 427 1894
429 1893 485 1894
487 1893 544 1894
546 1893 604 1894
606 1893 665 1894
667 1893 727 1894
729 1893 790 1894
792 1893 854 1894
856 1893 919 1894
921 1893 985 1894
987 1893 1052 1894
1054 1893 1120 1894
1122 1893 1246 1894
1 1896 49 1898
51 1896 100 1898
102 1896 152 1898
154 1896 205 1898
207 1896 259 1898
261 1896 314 1898
316 1896 370 1898
372 1896 427 1898
429 1896 485 1898
487 1896 544 1898
546 1896 604 1898
606 1896 665 1898
667 1896 727 1898
729 1896 790 1898
792 1896 854 1898
856 1896 919 1898
921 1896 985 1898
987 1896 1052 1898
1054 1896 1120 1898
1122 1896 1246 1898
1 1900 49 1903
51 1900 100 1903
102 1900 152 1903
154 1900 205 1903
207 1900 259 1903
261 1900 314 1903
316 1900 370 1903
372 1900 427 1903
429 1900 485 1903
487 1900 544 1903
546 1900 604 1903
606 1900 665 1903
667 1900 727 1903
729 1900 790 1903
792 1900 854 1903
856 1900 919 1903
921 1900 985 1903
987 1900 1052 1903
1054 1900 1120 1903
1122 1900 1246 1903
1 1905 49 1909
51 1905 100 1909
102 1905 152 1909
154 1905 205 1909
207 1905 259 1909
261 1905 314 1909
316 1905 370 1909
372 1905 427 1909
429 1905 485 1909
487 1905 544 1909
546 1905 604 1909
606 1905 665 1909
667 1905 727 1909
729 1905 790 1909
792 1905 854 1909
856 1905 919 1909
921 1905 985 1909
987 1905 1052 1909
1054 1905 1120 1909
1122 1905 1246 1909
1 1911 49 1916
51 1911 100 1916
102 1911 152 1916
154 1911 205 1916
207 1911 259 1916
261 1911 314 1916
316 1911 370 1916
372 1911 427 1916
429 1911 485 1916
487 1911 544 1916
546 1911 604 1916
606 1911 665 1916
667 1911 727 1916
729 1911 790 1916
792 1911 854 1916
856 1911 919 1916
921 1911 985 1916
987 1911 1052 1916
1054 1911 1120 1916
1122 1911 1246 1916
1 1918 49 1924
51 1918 100 1924
102 1918 152 1924
154 1918 205 1924
207 1918 259 1924
261 1918 314 1924
316 1918 370 1924
372 1918 427 1924
429 1918 485 1924
487 1918 544 1924
546 1918 604 1924
606 1918 665 1924
667 1918 727 1924
729 1918 790 1924
792 1918 854 1924
856 1918 919 1924
921 1918 985 1924
987 1918 1052 1924
1054 1918 1120 1924
1122 1918 1246 1924
1 1926 49 1933
51 1926 100 1933
102 1926 152 1933
154 1926 205 1933
207 1926 259 1933
261 1926 314 1933
316 1926 370 1933
372 1926 427 1933
429 1926 485 1933
487 1926 544 1933
546 1926 604 1933
606 1926 665 1933
667 1926 727 1933
729 1926 790 1933
792 1926 854 1933
856 1926 919 1933
921 1926 985 1933
987 1926 1052 1933
1054 1926 1120 1933
1122 1926 1246 1933
1 1935 49 1943
51 1935 100 1943
102 1935 152 1943
154 1935 205 1943
207 1935 259 1943
261 1935 314 1943
316 1935 370 1943
372 1935 427 1943
429 1935 485 1943
487 1935 544 1943
546 1935 604 1943
606 1935 665 1943
667 1935 727 1943
729 1935 790 1943
792 1935 854 1943
856 1935 919 1943
921 1935 985 1943
987 1935 1052 1943
1054 1935 1120 1943
1122 1935 1246 1943
1 1945 68 1945
70 1945 138 1945
140 1945 209 1945
211 1945 281 1945
283 1945 354 1945
356 1945 428 1945
430 1945 503 1945
505 1945 579 1945
581 1945 656 1945
658 1945 734 1945
736 1945 813 1945
815 1945 893 1945
895 1945 974 1945
976 1945 1056 1945
1058 1945 1139 1945
1141 1945 1246 1945
1 1947 68 1948
70 1947 138 1948
140 1947 209 1948
211 1947 281 1948
283 1947 354 1948
356 1947 428 1948
430 1947 503 1948
505 1947 579 1948
581 1947 656 1948
658 1947 734 1948
736 1947 813 1948
815 1947 893 1948
895 1947 974 1948
976 1947 1056 1948
1058 1947 1139 1948
1141 1947 1246 1948
1 1950 83 1950
85 1950 168 1950
170 1950 254 1950
256 1950 341 1950
343 1950 429 1950
431 1950 518 1950
520 1950 608 1950
610 1950 699 1950
701 1950 791 1950
793 1950 884 1950
886 1950 978 1950
980 1950 1073 1950
1075 1950 1246 1950
1225 1 1225 61
1225 63 1225 124
1225 126 1225 188
1225 190 1225 253
1225 255 1225 319
1225 321 1225 386
1225 388 1225 454
1225 456 1225 523
1225 525 1225 593
1225 595 1225 664
1225 666 1225 736
1225 738 1225 809
1225 811 1225 883
1225 885 1225 958
1225 960 1225 1034
1225 1036 1225 1111
1225 1113 1225 1189
1225 1191 1225 1268
1225 1270 1225 1348
1225 1350 1225 1429
1225 1431 1225 1511
1225 1513 1225 1594
1225 1596 1225 1678
1225 1680 1225 1763
1225 1765 1225 1889
1227 1 1228 61
1227 63 1228 124
1227 126 1228 188
1227 190 1228 253
1227 255 1228 319
1227 321 1228 386
1227 388 1228 454
1227 456 1228 523
1227 525 1228 593
1227 595 1228 664
1227 666 1228 736
1227 738 1228 809
1227 811 1228 883
1227 885 1228 958
1227 960 1228 1034
1227 1036 1228 1111
1227 1113 1228 1189
1227 1191 1228 1268
1227 1270 1228 1348
1227 1350 1228 1429
1227 1431 1228 1511
1227 1513 1228 1594
1227 1596 1228 1678
1227 1680 1228 1763
1227 1765 1228 1889
1230 1 1232 61
1230 63 1232 124
1230 126 1232 188
1230 190 1232 253
1230 255 1232 319
1230 321 1232 386
1230 388 1232 454
1230 456 1232 523
1230 525 1232 593
1230 595 1232 664
1230 666 1232 736
1230 738 1232 809
1230 811 1232 883
1230 885 1232 958
1230 960 1232 1034
1230 1036 1232 1111
1230 1113 1232 1189
1230 1191 1232 1268
1230 1270 1232 1348
1230 1350 1232 1429
1230 1431 1232 1511
1230 1513 1232 1594
1230 1596 1232 1678
1230 1680 1232 1763
1230 1765 1232 1889
1234 1 1237 61
1234 63 1237 124
1234 126 1237 188
1234 190 1237 253
1234 255 1237 319
1234 321 1237 386
1234 388 1237 454
1234 456 1237 523
1234 525 1237 593
1234 595 1237 664
1234 666 1237 736
1234 738 1237 809
1234 811 1237 883
1234 885 1237 958
1234 960 1237 1034
1234 1036 1237 1111
1234 1113 1237 1189
1234 1191 1237 1268
1234 1270 1237 1348
1234 1350 1237 1429
1234 1431 1237 1511
1234 1513 1237 1594
1234 1596 1237 1678
1234 1680 1237 1763
1234 1765 1237 1889
1239 1 1243 61
1239 63 1243 124
1239 126 1243 188
1239 190 1243 253
1239 255 1243 319
1239 321 1243 386
1239 388 1243 454
1239 456 1243 523
1239 525 1243 593
1239 595 1243 664
1239 666 1243 736
1239 738 1243 809
1239 811 1243 883
1239 885 1243 958
1239 960 1243 1034
1239 1036 1243 1111
1239 1113 1243 1189
1239 1191 1243 1268
1239 1270 1243 1348
1239 1350 1243 1429
1239 1431 1243 1511
1239 1513 1243 1594
1239 1596 1243 1678
1239 1680 1243 1763
1239 1765 1243 1889
1245 1 1246 85
1245 87 1246 172
1245 174 1246 260
1245 262 1246 349
1245 351 1246 439
1245 441 1246 530
1245 532 1246 622
1245 624 1246 715
1245 717 1246 809
1245 811 1246 904
1245 906 1246 1000
1245 1002 1246 1097
1245 1099 1246 1195
1245 1197 1246 1294
1245 1296 1246 1394
1245 1396 1246 1495
1245 1497 1246 1597
1245 1599 1246 1700
1245 1702 1246 1889
