1372
1 1 1 1
3 1 4 1
6 1 8 1
10 1 13 1
15 1 19 1
21 1 26 1
28 1 34 1
36 1 43 1
45 1 53 1
55 1 64 1
66 1 76 1
78 1 89 1
91 1 103 1
105 1 118 1
120 1 134 1
136 1 151 1
153 1 169 1
171 1 188 1
190 1 208 1
210 1 229 1
231 1 251 1
253 1 274 1
276 1 298 1
300 1 323 1
325 1 349 1
351 1 376 1
378 1 404 1
406 1 433 1
435 1 463 1
465 1 494 1
496 1 526 1
528 1 559 1
561 1 593 1
595 1 628 1
630 1 664 1
666 1 701 1
703 1 739 1
741 1 778 1
780 1 818 1
820 1 859 1
861 1 901 1
903 1 944 1
946 1 988 1
990 1 1033 1
1035 1 1079 1
1081 1 1126 1
1128 1 1174 1
1176 1 1223 1
1225 1 1273 1
1275 1 1324 1
1326 1 1376 1
1378 1 1429 1
1431 1 1483 1
1485 1 1538 1
1540 1 1594 1
1596 1 1651 1
1653 1 1709 1
1711 1 1768 1
1770 1 1828 1
1830 1 1889 1
1891 1 1951 1
1953 1 2014 1
2016 1 2078 1
2080 1 2143 1
2145 1 2209 1
2211 1 2276 1
2278 1 2344 1
1 3 1 4
3 3 4 4
6 3 8 4
10 3 13 4
15 3 19 4
21 3 26 4
28 3 34 4
36 3 43 4
45 3 53 4
55 3 64 4
66 3 76 4
78 3 89 4
91 3 103 4
105 3 118 4
120 3 134 4
136 3 151 4
153 3 169 4
171 3 188 4
190 3 208 4
210 3 229 4
231 3 251 4
253 3 274 4
276 3 298 4
300 3 323 4
325 3 349 4
351 3 376 4
378 3 404 4
406 3 433 4
435 3 463 4
465 3 494 4
496 3 526 4
528 3 559 4
561 3 593 4
595 3 628 4
630 3 664 4
666 3 701 4
703 3 739 4
741 3 778 4
780 3 818 4
820 3 859 4
861 3 901 4
903 3 944 4
946 3 988 4
990 3 1033 4
1035 3 1079 4
1081 3 1126 4
1128 3 1174 4
1176 3 1223 4
1225 3 1273 4
1275 3 1324 4
1326 3 1376 4
1378 3 1429 4
1431 3 1483 4
1485 3 1538 4
1540 3 1594 4
1596 3 1651 4
1653 3 1709 4
1711 3 1768 4
1770 3 1828 4
1830 3 1889 4
1891 3 1951 4
1953 3 2014 4
2016 3 2078 4
2080 3 2143 4
2145 3 2209 4
2211 3 2276 4
2278 3 2344 4
1 6 1 8
3 6 4 8
6 6 8 8
10 6 13 8
15 6 19 8
21 6 26 8
28 6 34 8
36 6 43 8
45 6 53 8
55 6 64 8
66 6 76 8
78 6 89 8
91 6 103 8
105 6 118 8
120 6 134 8
136 6 151 8
153 6 169 8
171 6 188 8
190 6 208 8
210 6 229 8
231 6 251 8
253 6 274 8
276 6 298 8
300 6 323 8
325 6 349 8
351 6 376 8
378 6 404 8
406 6 433 8
435 6 463 8
465 6 494 8
496 6 526 8
528 6 559 8
561 6 593 8
595 6 628 8
630 6 664 8
666 6 701 8
703 6 739 8
741 6 778 8
780 6 818 8
820 6 859 8
861 6 901 8
903 6 944 8
946 6 988 8
990 6 1033 8
1035 6 1079 8
1081 6 1126 8
1128 6 1174 8
1176 6 1223 8
1225 6 1273 8
1275 6 1324 8
1326 6 1376 8
1378 6 1429 8
1431 6 1483 8
1485 6 1538 8
1540 6 1594 8
1596 6 1651 8
1653 6 1709 8
1711 6 1768 8
1770 6 1828 8
1830 6 1889 8
1891 6 1951 8
1953 6 2014 8
2016 6 2078 8
2080 6 2143 8
2145 6 2209 8
2211 6 2276 8
2278 6 2344 8
1 10 1 13
3 10 4 13
6 10 8 13
10 10 13 13
15 10 19 13
21 10 26 13
28 10 34 13
36 10 43 13
45 10 53 13
55 10 64 13
66 10 76 13
78 10 89 13
91 10 103 13
105 10 118 13
120 10 134 13
136 10 151 13
153 10 169 13
171 10 188 13
190 10 208 13
210 10 229 13
231 10 251 13
253 10 274 13
276 10 298 13
300 10 323 13
325 10 349 13
351 10 376 13
378 10 404 13
406 10 433 13
435 10 463 13
465 10 494 13
496 10 526 13
528 10 559 13
561 10 593 13
595 10 628 13
630 10 664 13
666 10 701 13
703 10 739 13
741 10 778 13
780 10 818 13
820 10 859 13
861 10 901 13
903 10 944 13
946 10 988 13
990 10 1033 13
1035 10 1079 13
1081 10 1126 13
1128 10 1174 13
1176 10 1223 13
1225 10 1273 13
1275 10 1324 13
1326 10 1376 13
1378 10 1429 13
1431 10 1483 13
1485 10 1538 13
1540 10 1594 13
1596 10 1651 13
1653 10 1709 13
1711 10 1768 13
1770 10 1828 13
1830 10 1889 13
1891 10 1951 13
1953 10 2014 13
2016 10 2078 13
2080 10 2143 13
2145 10 2209 13
2211 10 2276 13
2278 10 2344 13
1 15 1 19
3 15 4 19
6 15 8 19
10 15 13 19
15 15 19 19
21 15 26 19
28 15 34 19
36 15 43 19
45 15 53 19
55 15 64 19
66 15 76 19
78 15 89 19
91 15 103 19
105 15 118 19
120 15 134 19
136 15 151 19
153 15 169 19
171 15 188 19
190 15 208 19
210 15 229 19
231 15 251 19
253 15 274 19
276 15 298 19
300 15 323 19
325 15 349 19
351 15 376 19
378 15 404 19
406 15 433 19
435 15 463 19
465 15 494 19
496 15 526 19
528 15 559 19
561 15 593 19
595 15 628 19
630 15 664 19
666 15 701 19
703 15 739 19
741 15 778 19
780 15 818 19
820 15 859 19
861 15 901 19
903 15 944 19
946 15 988 19
990 15 1033 19
1035 15 1079 19
1081 15 1126 19
1128 15 1174 19
1176 15 1223 19
1225 15 1273 19
1275 15 1324 19
1326 15 1376 19
1378 15 1429 19
1431 15 1483 19
1485 15 1538 19
1540 15 1594 19
1596 15 1651 19
1653 15 1709 19
1711 15 1768 19
1770 15 1828 19
1830 15 1889 19
1891 15 1951 19
1953 15 2014 19
2016 15 2078 19
2080 15 2143 19
2145 15 2209 19
2211 15 2276 19
2278 15 2344 19
1 21 1 26
3 21 4 26
6 21 8 26
10 21 13 26
15 21 19 26
21 21 26 26
28 21 34 26
36 21 43 26
45 21 53 26
55 21 64 26
66 21 76 26
78 21 89 26
91 21 103 26
105 21 118 26
120 21 134 26
136 21 151 26
153 21 169 26
171 21 188 26
190 21 208 26
210 21 229 26
231 21 251 26
253 21 274 26
276 21 298 26
300 21 323 26
325 21 349 26
351 21 376 26
378 21 404 26
406 21 433 26
435 21 463 26
465 21 494 26
496 21 526 26
528 21 559 26
561 21 593 26
595 21 628 26
630 21 664 26
666 21 701 26
703 21 739 26
741 21 778 26
780 21 818 26
820 21 859 26
861 21 901 26
903 21 944 26
946 21 988 26
990 21 1033 26
1035 21 1079 26
1081 21 1126 26
1128 21 1174 26
1176 21 1223 26
1225 21 1273 26
1275 21 1324 26
1326 21 1376 26
1378 21 1429 26
1431 21 1483 26
1485 21 1538 26
1540 21 1594 26
1596 21 1651 26
1653 21 1709 26
1711 21 1768 26
1770 21 1828 26
1830 21 1889 26
1891 21 1951 26
1953 21 2014 26
2016 21 2078 26
2080 21 2143 26
2145 21 2209 26
2211 21 2276 26
2278 21 2344 26
1 28 1 34
3 28 4 34
6 28 8 34
10 28 13 34
15 28 19 34
21 28 26 34
28 28 34 34
36 28 43 34
45 28 53 34
55 28 64 34
66 28 76 34
78 28 89 34
91 28 103 34
105 28 118 34
120 28 134 34
136 28 151 34
153 28 169 34
171 28 188 34
190 28 208 34
210 28 229 34
231 28 251 34
253 28 274 34
276 28 298 34
300 28 323 34
325 28 349 34
351 28 376 34
378 28 404 34
406 28 433 34
435 28 463 34
465 28 494 34
496 28 526 34
528 28 559 34
561 28 593 34
595 28 628 34
630 28 664 34
666 28 701 34
703 28 739 34
741 28 778 34
780 28 818 34
820 28 859 34
861 28 901 34
903 28 944 34
946 28 988 34
990 28 1033 34
1035 28 1079 34
1081 28 1126 34
1128 28 1174 34
1176 28 1223 34
1225 28 1273 34
1275 28 1324 34
1326 28 1376 34
1378 28 1429 34
1431 28 1483 34
1485 28 1538 34
1540 28 1594 34
1596 28 1651 34
1653 28 1709 34
1711 28 1768 34
1770 28 1828 34
1830 28 1889 34
1891 28 1951 34
1953 28 2014 34
2016 28 2078 34
2080 28 2143 34
2145 28 2209 34
2211 28 2276 34
2278 28 2344 34
1 36 1 43
3 36 4 43
6 36 8 43
10 36 13 43
15 36 19 43
21 36 26 43
28 36 34 43
36 36 43 43
45 36 53 43
55 36 64 43
66 36 76 43
78 36 89 43
91 36 103 43
105 36 118 43
120 36 134 43
136 36 151 43
153 36 169 43
171 36 188 43
190 36 208 43
210 36 229 43
231 36 251 43
253 36 274 43
276 36 298 43
300 36 323 43
325 36 349 43
351 36 376 43
378 36 404 43
406 36 433 43
435 36 463 43
465 36 494 43
496 36 526 43
528 36 559 43
561 36 593 43
595 36 628 43
630 36 664 43
666 36 701 43
703 36 739 43
741 36 778 43
780 36 818 43
820 36 859 43
861 36 901 43
903 36 944 43
946 36 988 43
990 36 1033 43
1035 36 1079 43
1081 36 1126 43
1128 36 1174 43
1176 36 1223 43
1225 36 1273 43
1275 36 1324 43
1326 36 1376 43
1378 36 1429 43
1431 36 1483 43
1485 36 1538 43
1540 36 1594 43
1596 36 1651 43
1653 36 1709 43
1711 36 1768 43
1770 36 1828 43
1830 36 1889 43
1891 36 1951 43
1953 36 2014 43
2016 36 2078 43
2080 36 2143 43
2145 36 2209 43
2211 36 2276 43
2278 36 2344 43
1 45 1 53
3 45 4 53
6 45 8 53
10 45 13 53
15 45 19 53
21 45 26 53
28 45 34 53
36 45 43 53
45 45 53 53
55 45 64 53
66 45 76 53
78 45 89 53
91 45 103 53
105 45 118 53
120 45 134 53
136 45 151 53
153 45 169 53
171 45 188 53
190 45 208 53
210 45 229 53
231 45 251 53
253 45 274 53
276 45 298 53
300 45 323 53
325 45 349 53
351 45 376 53
378 45 404 53
406 45 433 53
435 45 463 53
465 45 494 53
496 45 526 53
528 45 559 53
561 45 593 53
595 45 628 53
630 45 664 53
666 45 701 53
703 45 739 53
741 45 778 53
780 45 818 53
820 45 859 53
861 45 901 53
903 45 944 53
946 45 988 53
990 45 1033 53
1035 45 1079 53
1081 45 1126 53
1128 45 1174 53
1176 45 1223 53
1225 45 1273 53
1275 45 1324 53
1326 45 1376 53
1378 45 1429 53
1431 45 1483 53
1485 45 1538 53
1540 45 1594 53
1596 45 1651 53
1653 45 1709 53
1711 45 1768 53
1770 45 1828 53
1830 45 1889 53
1891 45 1951 53
1953 45 2014 53
2016 45 2078 53
2080 45 2143 53
2145 45 2209 53
2211 45 2276 53
2278 45 2344 53
1 55 1 64
3 55 4 64
6 55 8 64
10 55 13 64
15 55 19 64
21 55 26 64
28 55 34 64
36 55 43 64
45 55 53 64
55 55 64 64
66 55 76 64
78 55 89 64
91 55 103 64
105 55 118 64
120 55 134 64
136 55 151 64
153 55 169 64
171 55 188 64
190 55 208 64
210 55 229 64
231 55 251 64
253 55 274 64
276 55 298 64
300 55 323 64
325 55 349 64
351 55 376 64
378 55 404 64
406 55 433 64
435 55 463 64
465 55 494 64
496 55 526 64
528 55 559 64
561 55 593 64
595 55 628 64
630 55 664 64
666 55 701 64
703 55 739 64
741 55 778 64
780 55 818 64
820 55 859 64
861 55 901 64
903 55 944 64
946 55 988 64
990 55 1033 64
1035 55 1079 64
1081 55 1126 64
1128 55 1174 64
1176 55 1223 64
1225 55 1273 64
1275 55 1324 64
1326 55 1376 64
1378 55 1429 64
1431 55 1483 64
1485 55 1538 64
1540 55 1594 64
1596 55 1651 64
1653 55 1709 64
1711 55 1768 64
1770 55 1828 64
1830 55 1889 64
1891 55 1951 64
1953 55 2014 64
2016 55 2078 64
2080 55 2143 64
2145 55 2209 64
2211 55 2276 64
2278 55 2344 64
1 66 1 76
3 66 4 76
6 66 8 76
10 66 13 76
15 66 19 76
21 66 26 76
28 66 34 76
36 66 43 76
45 66 53 76
55 66 64 76
66 66 76 76
78 66 89 76
91 66 103 76
105 66 118 76
120 66 134 76
136 66 151 76
153 66 169 76
171 66 188 76
190 66 208 76
210 66 229 76
231 66 251 76
253 66 274 76
276 66 298 76
300 66 323 76
325 66 349 76
351 66 376 76
378 66 404 76
406 66 433 76
435 66 463 76
465 66 494 76
496 66 526 76
528 66 559 76
561 66 593 76
595 66 628 76
630 66 664 76
666 66 701 76
703 66 739 76
741 66 778 76
780 66 818 76
820 66 859 76
861 66 901 76
903 66 944 76
946 66 988 76
990 66 1033 76
1035 66 1079 76
1081 66 1126 76
1128 66 1174 76
1176 66 1223 76
1225 66 1273 76
1275 66 1324 76
1326 66 1376 76
1378 66 1429 76
1431 66 1483 76
1485 66 1538 76
1540 66 1594 76
1596 66 1651 76
1653 66 1709 76
1711 66 1768 76
1770 66 1828 76
1830 66 1889 76
1891 66 1951 76
1953 66 2014 76
2016 66 2078 76
2080 66 2143 76
2145 66 2209 76
2211 66 2276 76
2278 66 2344 76
1 78 1 89
3 78 4 89
6 78 8 89
10 78 13 89
15 78 19 89
21 78 26 89
28 78 34 89
36 78 43 89
45 78 53 89
55 78 64 89
66 78 76 89
78 78 89 89
91 78 103 89
105 78 118 89
120 78 134 89
136 78 151 89
153 78 169 89
171 78 188 89
190 78 208 89
210 78 229 89
231 78 251 89
253 78 274 89
276 78 298 89
300 78 323 89
325 78 349 89
351 78 376 89
378 78 404 89
406 78 433 89
435 78 463 89
465 78 494 89
496 78 526 89
528 78 559 89
561 78 593 89
595 78 628 89
630 78 664 89
666 78 701 89
703 78 739 89
741 78 778 89
780 78 818 89
820 78 859 89
861 78 901 89
903 78 944 89
946 78 988 89
990 78 1033 89
1035 78 1079 89
1081 78 1126 89
1128 78 1174 89
1176 78 1223 89
1225 78 1273 89
1275 78 1324 89
1326 78 1376 89
1378 78 1429 89
1431 78 1483 89
1485 78 1538 89
1540 78 1594 89
1596 78 1651 89
1653 78 1709 89
1711 78 1768 89
1770 78 1828 89
1830 78 1889 89
1891 78 1951 89
1953 78 2014 89
2016 78 2078 89
2080 78 2143 89
2145 78 2209 89
2211 78 2276 89
2278 78 2344 89
1 91 1 103
3 91 4 103
6 91 8 103
10 91 13 103
15 91 19 103
21 91 26 103
28 91 34 103
36 91 43 103
45 91 53 103
55 91 64 103
66 91 76 103
78 91 89 103
91 91 103 103
105 91 118 103
120 91 134 103
136 91 151 103
153 91 169 103
171 91 188 103
190 91 208 103
210 91 229 103
231 91 251 103
253 91 274 103
276 91 298 103
300 91 323 103
325 91 349 103
351 91 376 103
378 91 404 103
406 91 433 103
435 91 463 103
465 91 494 103
496 91 526 103
528 91 559 103
561 91 593 103
595 91 628 103
630 91 664 103
666 91 701 103
703 91 739 103
741 91 778 103
780 91 818 103
820 91 859 103
861 91 901 103
903 91 944 103
946 91 988 103
990 91 1033 103
1035 91 1079 103
1081 91 1126 103
1128 91 1174 103
1176 91 1223 103
1225 91 1273 103
1275 91 1324 103
1326 91 1376 103
1378 91 1429 103
1431 91 1483 103
1485 91 1538 103
1540 91 1594 103
1596 91 1651 103
1653 91 1709 103
1711 91 1768 103
1770 91 1828 103
1830 91 1889 103
1891 91 1951 103
1953 91 2014 103
2016 91 2078 103
2080 91 2143 103
2145 91 2209 103
2211 91 2276 103
2278 91 2344 103
1 105 1 118
3 105 4 118
6 105 8 118
10 105 13 118
15 105 19 118
21 105 26 118
28 105 34 118
36 105 43 118
45 105 53 118
55 105 64 118
66 105 76 118
78 105 89 118
91 105 103 118
105 105 118 118
120 105 134 118
136 105 151 118
153 105 169 118
171 105 188 118
190 105 208 118
210 105 229 118
231 105 251 118
253 105 274 118
276 105 298 118
300 105 323 118
325 105 349 118
351 105 376 118
378 105 404 118
406 105 433 118
435 105 463 118
465 105 494 118
496 105 526 118
528 105 559 118
561 105 593 118
595 105 628 118
630 105 664 118
666 105 701 118
703 105 739 118
741 105 778 118
780 105 818 118
820 105 859 118
861 105 901 118
903 105 944 118
946 105 988 118
990 105 1033 118
1035 105 1079 118
1081 105 1126 118
1128 105 1174 118
1176 105 1223 118
1225 105 1273 118
1275 105 1324 118
1326 105 1376 118
1378 105 1429 118
1431 105 1483 118
1485 105 1538 118
1540 105 1594 118
1596 105 1651 118
1653 105 1709 118
1711 105 1768 118
1770 105 1828 118
1830 105 1889 118
1891 105 1951 118
1953 105 2014 118
2016 105 2078 118
2080 105 2143 118
2145 105 2209 118
2211 105 2276 118
2278 105 2344 118
1 120 1 134
3 120 4 134
6 120 8 134
10 120 13 134
15 120 19 134
21 120 26 134
28 120 34 134
36 120 43 134
45 120 53 134
55 120 64 134
66 120 76 134
78 120 89 134
91 120 103 134
105 120 118 134
120 120 134 134
136 120 151 134
153 120 169 134
171 120 188 134
190 120 208 134
210 120 229 134
231 120 251 134
253 120 274 134
276 120 298 134
300 120 323 134
325 120 349 134
351 120 376 134
378 120 404 134
406 120 433 134
435 120 463 134
465 120 494 134
496 120 526 134
528 120 559 134
561 120 593 134
595 120 628 134
630 120 664 134
666 120 701 134
703 120 739 134
741 120 778 134
780 120 818 134
820 120 859 134
861 120 901 134
903 120 944 134
946 120 988 134
990 120 1033 134
1035 120 1079 134
1081 120 1126 134
1128 120 1174 134
1176 120 1223 134
1225 120 1273 134
1275 120 1324 134
1326 120 1376 134
1378 120 1429 134
1431 120 1483 134
1485 120 1538 134
1540 120 1594 134
1596 120 1651 134
1653 120 1709 134
1711 120 1768 134
1770 120 1828 134
1830 120 1889 134
1891 120 1951 134
1953 120 2014 134
2016 120 2078 134
2080 120 2143 134
2145 120 2209 134
2211 120 2276 134
2278 120 2344 134
1 136 1 151
3 136 4 151
6 136 8 151
10 136 13 151
15 136 19 151
21 136 26 151
28 136 34 151
36 136 43 151
45 136 53 151
55 136 64 151
66 136 76 151
78 136 89 151
91 136 103 151
105 136 118 151
120 136 134 151
136 136 151 151
153 136 169 151
171 136 188 151
190 136 208 151
210 136 229 151
231 136 251 151
253 136 274 151
276 136 298 151
300 136 323 151
325 136 349 151
351 136 376 151
378 136 404 151
406 136 433 151
435 136 463 151
465 136 494 151
496 136 526 151
528 136 559 151
561 136 593 151
595 136 628 151
630 136 664 151
666 136 701 151
703 136 739 151
741 136 778 151
780 136 818 151
820 136 859 151
861 136 901 151
903 136 944 151
946 136 988 151
990 136 1033 151
1035 136 1079 151
1081 136 1126 151
1128 136 1174 151
1176 136 1223 151
1225 136 1273 151
1275 136 1324 151
1326 136 1376 151
1378 136 1429 151
1431 136 1483 151
1485 136 1538 151
1540 136 1594 151
1596 136 1651 151
1653 136 1709 151
1711 136 1768 151
1770 136 1828 151
1830 136 1889 151
1891 136 1951 151
1953 136 2014 151
2016 136 2078 151
2080 136 2143 151
2145 136 2209 151
2211 136 2276 151
2278 136 2344 151
1 153 1 169
3 153 4 169
6 153 8 169
10 153 13 169
15 153 19 169
21 153 26 169
28 153 34 169
36 153 43 169
45 153 53 169
55 153 64 169
66 153 76 169
78 153 89 169
91 153 103 169
105 153 118 169
120 153 134 169
136 153 151 169
153 153 169 169
171 153 188 169
190 153 208 169
210 153 229 169
231 153 251 169
253 153 274 169
276 153 298 169
300 153 323 169
325 153 349 169
351 153 376 169
378 153 404 169
406 153 433 169
435 153 463 169
465 153 494 169
496 153 526 169
528 153 559 169
561 153 593 169
595 153 628 169
630 153 664 169
666 153 701 169
703 153 739 169
741 153 778 169
780 153 818 169
820 153 859 169
861 153 901 169
903 153 944 169
946 153 988 169
990 153 1033 169
1035 153 1079 169
1081 153 1126 169
1128 153 1174 169
1176 153 1223 169
1225 153 1273 169
1275 153 1324 169
1326 153 1376 169
1378 153 1429 169
1431 153 1483 169
1485 153 1538 169
1540 153 1594 169
1596 153 1651 169
1653 153 1709 169
1711 153 1768 169
1770 153 1828 169
1830 153 1889 169
1891 153 1951 169
1953 153 2014 169
2016 153 2078 169
2080 153 2143 169
2145 153 2209 169
2211 153 2276 169
2278 153 2344 169
1 171 1 188
3 171 4 188
6 171 8 188
10 171 13 188
15 171 19 188
21 171 26 188
28 171 34 188
36 171 43 188
45 171 53 188
55 171 64 188
66 171 76 188
78 171 89 188
91 171 103 188
105 171 118 188
120 171 134 188
136 171 151 188
153 171 169 188
171 171 188 188
190 171 208 188
210 171 229 188
231 171 251 188
253 171 274 188
276 171 298 188
300 171 323 188
325 171 349 188
351 171 376 188
378 171 404 188
406 171 433 188
435 171 463 188
465 171 494 188
496 171 526 188
528 171 559 188
561 171 593 188
595 171 628 188
630 171 664 188
666 171 701 188
703 171 739 188
741 171 778 188
780 171 818 188
820 171 859 188
861 171 901 188
903 171 944 188
946 171 988 188
990 171 1033 188
1035 171 1079 188
1081 171 1126 188
1128 171 1174 188
1176 171 1223 188
1225 171 1273 188
1275 171 1324 188
1326 171 1376 188
1378 171 1429 188
1431 171 1483 188
1485 171 1538 188
1540 171 1594 188
1596 171 1651 188
1653 171 1709 188
1711 171 1768 188
1770 171 1828 188
1830 171 1889 188
1891 171 1951 188
1953 171 2014 188
2016 171 2078 188
2080 171 2143 188
2145 171 2209 188
2211 171 2276 188
2278 171 2344 188
1 190 68 190
70 190 138 190
140 190 209 190
211 190 281 190
283 190 354 190
356 190 428 190
430 190 503 190
505 190 579 190
581 190 656 190
658 190 734 190
736 190 813 190
815 190 893 190
895 190 974 190
976 190 1056 190
1058 190 1139 190
1141 190 1223 190
1225 190 1308 190
1310 190 1394 190
1396 190 1481 190
1483 190 1569 190
1571 190 1658 190
1660 190 1748 190
1750 190 1839 190
1841 190 1931 190
1933 190 2024 190
2026 190 2118 190
2120 190 2213 190
2215 190 2309 190
2311 190 2412 190
1 192 68 193
70 192 138 193
140 192 209 193
211 192 281 193
283 192 354 193
356 192 428 193
430 192 503 193
505 192 579 193
581 192 656 193
658 192 734 193
736 192 813 193
815 192 893 193
895 192 974 193
976 192 1056 193
1058 192 1139 193
1141 192 1223 193
1225 192 1308 193
1310 192 1394 193
1396 192 1481 193
1483 192 1569 193
1571 192 1658 193
1660 192 1748 193
1750 192 1839 193
1841 192 1931 193
1933 192 2024 193
2026 192 2118 193
2120 192 2213 193
2215 192 2309 193
2311 192 2412 193
1 195 96 195
98 195 194 195
196 195 293 195
295 195 393 195
395 195 494 195
496 195 596 195
598 195 700 195
702 195 805 195
807 195 911 195
913 195 1018 195
1020 195 1126 195
1128 195 1235 195
1237 195 1345 195
1347 195 1456 195
1458 195 1568 195
1570 195 1681 195
1683 195 1795 195
1797 195 1910 195
1912 195 2026 195
2028 195 2143 195
2145 195 2261 195
2263 195 2412 195
2346 1 2346 19
2346 21 2346 40
2346 42 2346 62
2346 64 2346 85
2346 87 2346 109
2346 111 2346 134
2346 136 2346 160
2346 162 2346 188
2348 1 2349 19
2348 21 2349 40
2348 42 2349 62
2348 64 2349 85
2348 87 2349 109
2348 111 2349 134
2348 136 2349 160
2348 162 2349 188
2351 1 2353 19
2351 21 2353 40
2351 42 2353 62
2351 64 2353 85
2351 87 2353 109
2351 111 2353 134
2351 136 2353 160
2351 162 2353 188
2355 1 2358 19
2355 21 2358 40
2355 42 2358 62
2355 64 2358 85
2355 87 2358 109
2355 111 2358 134
2355 136 2358 160
2355 162 2358 188
2360 1 2364 19
2360 21 2364 40
2360 42 2364 62
2360 64 2364 85
2360 87 2364 109
2360 111 2364 134
2360 136 2364 160
2360 162 2364 188
2366 1 2371 19
2366 21 2371 40
2366 42 2371 62
2366 64 2371 85
2366 87 2371 109
2366 111 2371 134
2366 136 2371 160
2366 162 2371 188
2373 1 2379 19
2373 21 2379 40
2373 42 2379 62
2373 64 2379 85
2373 87 2379 109
2373 111 2379 134
2373 136 2379 160
2373 162 2379 188
2381 1 2388 19
2381 21 2388 40
2381 42 2388 62
2381 64 2388 85
2381 87 2388 109
2381 111 2388 134
2381 136 2388 160
2381 162 2388 188
2390 1 2398 19
2390 21 2398 40
2390 42 2398 62
2390 64 2398 85
2390 87 2398 109
2390 111 2398 134
2390 136 2398 160
2390 162 2398 188
2400 1 2409 19
2400 21 2409 40
2400 42 2409 62
2400 64 2409 85
2400 87 2409 109
2400 111 2409 134
2400 136 2409 160
2400 162 2409 188
2411 1 2412 26
2411 28 2412 55
2411 57 2412 85
2411 87 2412 116
2411 118 2412 148
2411 150 2412 188
