2988
1 1 1 1
3 1 4 1
6 1 8 1
10 1 13 1
15 1 19 1
21 1 26 1
28 1 34 1
36 1 43 1
45 1 53 1
55 1 64 1
66 1 76 1
78 1 89 1
91 1 103 1
105 1 118 1
120 1 134 1
136 1 151 1
153 1 169 1
171 1 188 1
190 1 208 1
210 1 229 1
231 1 251 1
253 1 274 1
276 1 298 1
300 1 323 1
325 1 349 1
351 1 376 1
378 1 404 1
406 1 433 1
435 1 463 1
465 1 494 1
496 1 526 1
528 1 559 1
561 1 593 1
595 1 628 1
630 1 664 1
666 1 701 1
703 1 739 1
741 1 778 1
780 1 818 1
820 1 859 1
861 1 901 1
903 1 944 1
946 1 988 1
990 1 1033 1
1035 1 1079 1
1081 1 1126 1
1128 1 1174 1
1176 1 1223 1
1225 1 1273 1
1275 1 1324 1
1326 1 1376 1
1378 1 1429 1
1431 1 1483 1
1485 1 1538 1
1540 1 1594 1
1596 1 1651 1
1653 1 1709 1
1 3 1 4
3 3 4 4
6 3 8 4
10 3 13 4
15 3 19 4
21 3 26 4
28 3 34 4
36 3 43 4
45 3 53 4
55 3 64 4
66 3 76 4
78 3 89 4
91 3 103 4
105 3 118 4
120 3 134 4
136 3 151 4
153 3 169 4
171 3 188 4
190 3 208 4
210 3 229 4
231 3 251 4
253 3 274 4
276 3 298 4
300 3 323 4
325 3 349 4
351 3 376 4
378 3 404 4
406 3 433 4
435 3 463 4
465 3 494 4
496 3 526 4
528 3 559 4
561 3 593 4
595 3 628 4
630 3 664 4
666 3 701 4
703 3 739 4
741 3 778 4
780 3 818 4
820 3 859 4
861 3 901 4
903 3 944 4
946 3 988 4
990 3 1033 4
1035 3 1079 4
1081 3 1126 4
1128 3 1174 4
1176 3 1223 4
1225 3 1273 4
1275 3 1324 4
1326 3 1376 4
1378 3 1429 4
1431 3 1483 4
1485 3 1538 4
1540 3 1594 4
1596 3 1651 4
1653 3 1709 4
1 6 1 8
3 6 4 8
6 6 8 8
10 6 13 8
15 6 19 8
21 6 26 8
28 6 34 8
36 6 43 8
45 6 53 8
55 6 64 8
66 6 76 8
78 6 89 8
91 6 103 8
105 6 118 8
120 6 134 8
136 6 151 8
153 6 169 8
171 6 188 8
190 6 208 8
210 6 229 8
231 6 251 8
253 6 274 8
276 6 298 8
300 6 323 8
325 6 349 8
351 6 376 8
378 6 404 8
406 6 433 8
435 6 463 8
465 6 494 8
496 6 526 8
528 6 559 8
561 6 593 8
595 6 628 8
630 6 664 8
666 6 701 8
703 6 739 8
741 6 778 8
780 6 818 8
820 6 859 8
861 6 901 8
903 6 944 8
946 6 988 8
990 6 1033 8
1035 6 1079 8
1081 6 1126 8
1128 6 1174 8
1176 6 1223 8
1225 6 1273 8
1275 6 1324 8
1326 6 1376 8
1378 6 1429 8
1431 6 1483 8
1485 6 1538 8
1540 6 1594 8
1596 6 1651 8
1653 6 1709 8
1 10 1 13
3 10 4 13
6 10 8 13
10 10 13 13
15 10 19 13
21 10 26 13
28 10 34 13
36 10 43 13
45 10 53 13
55 10 64 13
66 10 76 13
78 10 89 13
91 10 103 13
105 10 118 13
120 10 134 13
136 10 151 13
153 10 169 13
171 10 188 13
190 10 208 13
210 10 229 13
231 10 251 13
253 10 274 13
276 10 298 13
300 10 323 13
325 10 349 13
351 10 376 13
378 10 404 13
406 10 433 13
435 10 463 13
465 10 494 13
496 10 526 13
528 10 559 13
561 10 593 13
595 10 628 13
630 10 664 13
666 10 701 13
703 10 739 13
741 10 778 13
780 10 818 13
820 10 859 13
861 10 901 13
903 10 944 13
946 10 988 13
990 10 1033 13
1035 10 1079 13
1081 10 1126 13
1128 10 1174 13
1176 10 1223 13
1225 10 1273 13
1275 10 1324 13
1326 10 1376 13
1378 10 1429 13
1431 10 1483 13
1485 10 1538 13
1540 10 1594 13
1596 10 1651 13
1653 10 1709 13
1 15 1 19
3 15 4 19
6 15 8 19
10 15 13 19
15 15 19 19
21 15 26 19
28 15 34 19
36 15 43 19
45 15 53 19
55 15 64 19
66 15 76 19
78 15 89 19
91 15 103 19
105 15 118 19
120 15 134 19
136 15 151 19
153 15 169 19
171 15 188 19
190 15 208 19
210 15 229 19
231 15 251 19
253 15 274 19
276 15 298 19
300 15 323 19
325 15 349 19
351 15 376 19
378 15 404 19
406 15 433 19
435 15 463 19
465 15 494 19
496 15 526 19
528 15 559 19
561 15 593 19
595 15 628 19
630 15 664 19
666 15 701 19
703 15 739 19
741 15 778 19
780 15 818 19
820 15 859 19
861 15 901 19
903 15 944 19
946 15 988 19
990 15 1033 19
1035 15 1079 19
1081 15 1126 19
1128 15 1174 19
1176 15 1223 19
1225 15 1273 19
1275 15 1324 19
1326 15 1376 19
1378 15 1429 19
1431 15 1483 19
1485 15 1538 19
1540 15 1594 19
1596 15 1651 19
1653 15 1709 19
1 21 1 26
3 21 4 26
6 21 8 26
10 21 13 26
15 21 19 26
21 21 26 26
28 21 34 26
36 21 43 26
45 21 53 26
55 21 64 26
66 21 76 26
78 21 89 26
91 21 103 26
105 21 118 26
120 21 134 26
136 21 151 26
153 21 169 26
171 21 188 26
190 21 208 26
210 21 229 26
231 21 251 26
253 21 274 26
276 21 298 26
300 21 323 26
325 21 349 26
351 21 376 26
378 21 404 26
406 21 433 26
435 21 463 26
465 21 494 26
496 21 526 26
528 21 559 26
561 21 593 26
595 21 628 26
630 21 664 26
666 21 701 26
703 21 739 26
741 21 778 26
780 21 818 26
820 21 859 26
861 21 901 26
903 21 944 26
946 21 988 26
990 21 1033 26
1035 21 1079 26
1081 21 1126 26
1128 21 1174 26
1176 21 1223 26
1225 21 1273 26
1275 21 1324 26
1326 21 1376 26
1378 21 1429 26
1431 21 1483 26
1485 21 1538 26
1540 21 1594 26
1596 21 1651 26
1653 21 1709 26
1 28 1 34
3 28 4 34
6 28 8 34
10 28 13 34
15 28 19 34
21 28 26 34
28 28 34 34
36 28 43 34
45 28 53 34
55 28 64 34
66 28 76 34
78 28 89 34
91 28 103 34
105 28 118 34
120 28 134 34
136 28 151 34
153 28 169 34
171 28 188 34
190 28 208 34
210 28 229 34
231 28 251 34
253 28 274 34
276 28 298 34
300 28 323 34
325 28 349 34
351 28 376 34
378 28 404 34
406 28 433 34
435 28 463 34
465 28 494 34
496 28 526 34
528 28 559 34
561 28 593 34
595 28 628 34
630 28 664 34
666 28 701 34
703 28 739 34
741 28 778 34
780 28 818 34
820 28 859 34
861 28 901 34
903 28 944 34
946 28 988 34
990 28 1033 34
1035 28 1079 34
1081 28 1126 34
1128 28 1174 34
1176 28 1223 34
1225 28 1273 34
1275 28 1324 34
1326 28 1376 34
1378 28 1429 34
1431 28 1483 34
1485 28 1538 34
1540 28 1594 34
1596 28 1651 34
1653 28 1709 34
1 36 1 43
3 36 4 43
6 36 8 43
10 36 13 43
15 36 19 43
21 36 26 43
28 36 34 43
36 36 43 43
45 36 53 43
55 36 64 43
66 36 76 43
78 36 89 43
91 36 103 43
105 36 118 43
120 36 134 43
136 36 151 43
153 36 169 43
171 36 188 43
190 36 208 43
210 36 229 43
231 36 251 43
253 36 274 43
276 36 298 43
300 36 323 43
325 36 349 43
351 36 376 43
378 36 404 43
406 36 433 43
435 36 463 43
465 36 494 43
496 36 526 43
528 36 559 43
561 36 593 43
595 36 628 43
630 36 664 43
666 36 701 43
703 36 739 43
741 36 778 43
780 36 818 43
820 36 859 43
861 36 901 43
903 36 944 43
946 36 988 43
990 36 1033 43
1035 36 1079 43
1081 36 1126 43
1128 36 1174 43
1176 36 1223 43
1225 36 1273 43
1275 36 1324 43
1326 36 1376 43
1378 36 1429 43
1431 36 1483 43
1485 36 1538 43
1540 36 1594 43
1596 36 1651 43
1653 36 1709 43
1 45 1 53
3 45 4 53
6 45 8 53
10 45 13 53
15 45 19 53
21 45 26 53
28 45 34 53
36 45 43 53
45 45 53 53
55 45 64 53
66 45 76 53
78 45 89 53
91 45 103 53
105 45 118 53
120 45 134 53
136 45 151 53
153 45 169 53
171 45 188 53
190 45 208 53
210 45 229 53
231 45 251 53
253 45 274 53
276 45 298 53
300 45 323 53
325 45 349 53
351 45 376 53
378 45 404 53
406 45 433 53
435 45 463 53
465 45 494 53
496 45 526 53
528 45 559 53
561 45 593 53
595 45 628 53
630 45 664 53
666 45 701 53
703 45 739 53
741 45 778 53
780 45 818 53
820 45 859 53
861 45 901 53
903 45 944 53
946 45 988 53
990 45 1033 53
1035 45 1079 53
1081 45 1126 53
1128 45 1174 53
1176 45 1223 53
1225 45 1273 53
1275 45 1324 53
1326 45 1376 53
1378 45 1429 53
1431 45 1483 53
1485 45 1538 53
1540 45 1594 53
1596 45 1651 53
1653 45 1709 53
1 55 1 64
3 55 4 64
6 55 8 64
10 55 13 64
15 55 19 64
21 55 26 64
28 55 34 64
36 55 43 64
45 55 53 64
55 55 64 64
66 55 76 64
78 55 89 64
91 55 103 64
105 55 118 64
120 55 134 64
136 55 151 64
153 55 169 64
171 55 188 64
190 55 208 64
210 55 229 64
231 55 251 64
253 55 274 64
276 55 298 64
300 55 323 64
325 55 349 64
351 55 376 64
378 55 404 64
406 55 433 64
435 55 463 64
465 55 494 64
496 55 526 64
528 55 559 64
561 55 593 64
595 55 628 64
630 55 664 64
666 55 701 64
703 55 739 64
741 55 778 64
780 55 818 64
820 55 859 64
861 55 901 64
903 55 944 64
946 55 988 64
990 55 1033 64
1035 55 1079 64
1081 55 1126 64
1128 55 1174 64
1176 55 1223 64
1225 55 1273 64
1275 55 1324 64
1326 55 1376 64
1378 55 1429 64
1431 55 1483 64
1485 55 1538 64
1540 55 1594 64
1596 55 1651 64
1653 55 1709 64
1 66 1 76
3 66 4 76
6 66 8 76
10 66 13 76
15 66 19 76
21 66 26 76
28 66 34 76
36 66 43 76
45 66 53 76
55 66 64 76
66 66 76 76
78 66 89 76
91 66 103 76
105 66 118 76
120 66 134 76
136 66 151 76
153 66 169 76
171 66 188 76
190 66 208 76
210 66 229 76
231 66 251 76
253 66 274 76
276 66 298 76
300 66 323 76
325 66 349 76
351 66 376 76
378 66 404 76
406 66 433 76
435 66 463 76
465 66 494 76
496 66 526 76
528 66 559 76
561 66 593 76
595 66 628 76
630 66 664 76
666 66 701 76
703 66 739 76
741 66 778 76
780 66 818 76
820 66 859 76
861 66 901 76
903 66 944 76
946 66 988 76
990 66 1033 76
1035 66 1079 76
1081 66 1126 76
1128 66 1174 76
1176 66 1223 76
1225 66 1273 76
1275 66 1324 76
1326 66 1376 76
1378 66 1429 76
1431 66 1483 76
1485 66 1538 76
1540 66 1594 76
1596 66 1651 76
1653 66 1709 76
1 78 1 89
3 78 4 89
6 78 8 89
10 78 13 89
15 78 19 89
21 78 26 89
28 78 34 89
36 78 43 89
45 78 53 89
55 78 64 89
66 78 76 89
78 78 89 89
91 78 103 89
105 78 118 89
120 78 134 89
136 78 151 89
153 78 169 89
171 78 188 89
190 78 208 89
210 78 229 89
231 78 251 89
253 78 274 89
276 78 298 89
300 78 323 89
325 78 349 89
351 78 376 89
378 78 404 89
406 78 433 89
435 78 463 89
465 78 494 89
496 78 526 89
528 78 559 89
561 78 593 89
595 78 628 89
630 78 664 89
666 78 701 89
703 78 739 89
741 78 778 89
780 78 818 89
820 78 859 89
861 78 901 89
903 78 944 89
946 78 988 89
990 78 1033 89
1035 78 1079 89
1081 78 1126 89
1128 78 1174 89
1176 78 1223 89
1225 78 1273 89
1275 78 1324 89
1326 78 1376 89
1378 78 1429 89
1431 78 1483 89
1485 78 1538 89
1540 78 1594 89
1596 78 1651 89
1653 78 1709 89
1 91 1 103
3 91 4 103
6 91 8 103
10 91 13 103
15 91 19 103
21 91 26 103
28 91 34 103
36 91 43 103
45 91 53 103
55 91 64 103
66 91 76 103
78 91 89 103
91 91 103 103
105 91 118 103
120 91 134 103
136 91 151 103
153 91 169 103
171 91 188 103
190 91 208 103
210 91 229 103
231 91 251 103
253 91 274 103
276 91 298 103
300 91 323 103
325 91 349 103
351 91 376 103
378 91 404 103
406 91 433 103
435 91 463 103
465 91 494 103
496 91 526 103
528 91 559 103
561 91 593 103
595 91 628 103
630 91 664 103
666 91 701 103
703 91 739 103
741 91 778 103
780 91 818 103
820 91 859 103
861 91 901 103
903 91 944 103
946 91 988 103
990 91 1033 103
1035 91 1079 103
1081 91 1126 103
1128 91 1174 103
1176 91 1223 103
1225 91 1273 103
1275 91 1324 103
1326 91 1376 103
1378 91 1429 103
1431 91 1483 103
1485 91 1538 103
1540 91 1594 103
1596 91 1651 103
1653 91 1709 103
1 105 1 118
3 105 4 118
6 105 8 118
10 105 13 118
15 105 19 118
21 105 26 118
28 105 34 118
36 105 43 118
45 105 53 118
55 105 64 118
66 105 76 118
78 105 89 118
91 105 103 118
105 105 118 118
120 105 134 118
136 105 151 118
153 105 169 118
171 105 188 118
190 105 208 118
210 105 229 118
231 105 251 118
253 105 274 118
276 105 298 118
300 105 323 118
325 105 349 118
351 105 376 118
378 105 404 118
406 105 433 118
435 105 463 118
465 105 494 118
496 105 526 118
528 105 559 118
561 105 593 118
595 105 628 118
630 105 664 118
666 105 701 118
703 105 739 118
741 105 778 118
780 105 818 118
820 105 859 118
861 105 901 118
903 105 944 118
946 105 988 118
990 105 1033 118
1035 105 1079 118
1081 105 1126 118
1128 105 1174 118
1176 105 1223 118
1225 105 1273 118
1275 105 1324 118
1326 105 1376 118
1378 105 1429 118
1431 105 1483 118
1485 105 1538 118
1540 105 1594 118
1596 105 1651 118
1653 105 1709 118
1 120 1 134
3 120 4 134
6 120 8 134
10 120 13 134
15 120 19 134
21 120 26 134
28 120 34 134
36 120 43 134
45 120 53 134
55 120 64 134
66 120 76 134
78 120 89 134
91 120 103 134
105 120 118 134
120 120 134 134
136 120 151 134
153 120 169 134
171 120 188 134
190 120 208 134
210 120 229 134
231 120 251 134
253 120 274 134
276 120 298 134
300 120 323 134
325 120 349 134
351 120 376 134
378 120 404 134
406 120 433 134
435 120 463 134
465 120 494 134
496 120 526 134
528 120 559 134
561 120 593 134
595 120 628 134
630 120 664 134
666 120 701 134
703 120 739 134
741 120 778 134
780 120 818 134
820 120 859 134
861 120 901 134
903 120 944 134
946 120 988 134
990 120 1033 134
1035 120 1079 134
1081 120 1126 134
1128 120 1174 134
1176 120 1223 134
1225 120 1273 134
1275 120 1324 134
1326 120 1376 134
1378 120 1429 134
1431 120 1483 134
1485 120 1538 134
1540 120 1594 134
1596 120 1651 134
1653 120 1709 134
1 136 1 151
3 136 4 151
6 136 8 151
10 136 13 151
15 136 19 151
21 136 26 151
28 136 34 151
36 136 43 151
45 136 53 151
55 136 64 151
66 136 76 151
78 136 89 151
91 136 103 151
105 136 118 151
120 136 134 151
136 136 151 151
153 136 169 151
171 136 188 151
190 136 208 151
210 136 229 151
231 136 251 151
253 136 274 151
276 136 298 151
300 136 323 151
325 136 349 151
351 136 376 151
378 136 404 151
406 136 433 151
435 136 463 151
465 136 494 151
496 136 526 151
528 136 559 151
561 136 593 151
595 136 628 151
630 136 664 151
666 136 701 151
703 136 739 151
741 136 778 151
780 136 818 151
820 136 859 151
861 136 901 151
903 136 944 151
946 136 988 151
990 136 1033 151
1035 136 1079 151
1081 136 1126 151
1128 136 1174 151
1176 136 1223 151
1225 136 1273 151
1275 136 1324 151
1326 136 1376 151
1378 136 1429 151
1431 136 1483 151
1485 136 1538 151
1540 136 1594 151
1596 136 1651 151
1653 136 1709 151
1 153 1 169
3 153 4 169
6 153 8 169
10 153 13 169
15 153 19 169
21 153 26 169
28 153 34 169
36 153 43 169
45 153 53 169
55 153 64 169
66 153 76 169
78 153 89 169
91 153 103 169
105 153 118 169
120 153 134 169
136 153 151 169
153 153 169 169
171 153 188 169
190 153 208 169
210 153 229 169
231 153 251 169
253 153 274 169
276 153 298 169
300 153 323 169
325 153 349 169
351 153 376 169
378 153 404 169
406 153 433 169
435 153 463 169
465 153 494 169
496 153 526 169
528 153 559 169
561 153 593 169
595 153 628 169
630 153 664 169
666 153 701 169
703 153 739 169
741 153 778 169
780 153 818 169
820 153 859 169
861 153 901 169
903 153 944 169
946 153 988 169
990 153 1033 169
1035 153 1079 169
1081 153 1126 169
1128 153 1174 169
1176 153 1223 169
1225 153 1273 169
1275 153 1324 169
1326 153 1376 169
1378 153 1429 169
1431 153 1483 169
1485 153 1538 169
1540 153 1594 169
1596 153 1651 169
1653 153 1709 169
1 171 1 188
3 171 4 188
6 171 8 188
10 171 13 188
15 171 19 188
21 171 26 188
28 171 34 188
36 171 43 188
45 171 53 188
55 171 64 188
66 171 76 188
78 171 89 188
91 171 103 188
105 171 118 188
120 171 134 188
136 171 151 188
153 171 169 188
171 171 188 188
190 171 208 188
210 171 229 188
231 171 251 188
253 171 274 188
276 171 298 188
300 171 323 188
325 171 349 188
351 171 376 188
378 171 404 188
406 171 433 188
435 171 463 188
465 171 494 188
496 171 526 188
528 171 559 188
561 171 593 188
595 171 628 188
630 171 664 188
666 171 701 188
703 171 739 188
741 171 778 188
780 171 818 188
820 171 859 188
861 171 901 188
903 171 944 188
946 171 988 188
990 171 1033 188
1035 171 1079 188
1081 171 1126 188
1128 171 1174 188
1176 171 1223 188
1225 171 1273 188
1275 171 1324 188
1326 171 1376 188
1378 171 1429 188
1431 171 1483 188
1485 171 1538 188
1540 171 1594 188
1596 171 1651 188
1653 171 1709 188
1 190 1 208
3 190 4 208
6 190 8 208
10 190 13 208
15 190 19 208
21 190 26 208
28 190 34 208
36 190 43 208
45 190 53 208
55 190 64 208
66 190 76 208
78 190 89 208
91 190 103 208
105 190 118 208
120 190 134 208
136 190 151 208
153 190 169 208
171 190 188 208
190 190 208 208
210 190 229 208
231 190 251 208
253 190 274 208
276 190 298 208
300 190 323 208
325 190 349 208
351 190 376 208
378 190 404 208
406 190 433 208
435 190 463 208
465 190 494 208
496 190 526 208
528 190 559 208
561 190 593 208
595 190 628 208
630 190 664 208
666 190 701 208
703 190 739 208
741 190 778 208
780 190 818 208
820 190 859 208
861 190 901 208
903 190 944 208
946 190 988 208
990 190 1033 208
1035 190 1079 208
1081 190 1126 208
1128 190 1174 208
1176 190 1223 208
1225 190 1273 208
1275 190 1324 208
1326 190 1376 208
1378 190 1429 208
1431 190 1483 208
1485 190 1538 208
1540 190 1594 208
1596 190 1651 208
1653 190 1709 208
1 210 1 229
3 210 4 229
6 210 8 229
10 210 13 229
15 210 19 229
21 210 26 229
28 210 34 229
36 210 43 229
45 210 53 229
55 210 64 229
66 210 76 229
78 210 89 229
91 210 103 229
105 210 118 229
120 210 134 229
136 210 151 229
153 210 169 229
171 210 188 229
190 210 208 229
210 210 229 229
231 210 251 229
253 210 274 229
276 210 298 229
300 210 323 229
325 210 349 229
351 210 376 229
378 210 404 229
406 210 433 229
435 210 463 229
465 210 494 229
496 210 526 229
528 210 559 229
561 210 593 229
595 210 628 229
630 210 664 229
666 210 701 229
703 210 739 229
741 210 778 229
780 210 818 229
820 210 859 229
861 210 901 229
903 210 944 229
946 210 988 229
990 210 1033 229
1035 210 1079 229
1081 210 1126 229
1128 210 1174 229
1176 210 1223 229
1225 210 1273 229
1275 210 1324 229
1326 210 1376 229
1378 210 1429 229
1431 210 1483 229
1485 210 1538 229
1540 210 1594 229
1596 210 1651 229
1653 210 1709 229
1 231 1 251
3 231 4 251
6 231 8 251
10 231 13 251
15 231 19 251
21 231 26 251
28 231 34 251
36 231 43 251
45 231 53 251
55 231 64 251
66 231 76 251
78 231 89 251
91 231 103 251
105 231 118 251
120 231 134 251
136 231 151 251
153 231 169 251
171 231 188 251
190 231 208 251
210 231 229 251
231 231 251 251
253 231 274 251
276 231 298 251
300 231 323 251
325 231 349 251
351 231 376 251
378 231 404 251
406 231 433 251
435 231 463 251
465 231 494 251
496 231 526 251
528 231 559 251
561 231 593 251
595 231 628 251
630 231 664 251
666 231 701 251
703 231 739 251
741 231 778 251
780 231 818 251
820 231 859 251
861 231 901 251
903 231 944 251
946 231 988 251
990 231 1033 251
1035 231 1079 251
1081 231 1126 251
1128 231 1174 251
1176 231 1223 251
1225 231 1273 251
1275 231 1324 251
1326 231 1376 251
1378 231 1429 251
1431 231 1483 251
1485 231 1538 251
1540 231 1594 251
1596 231 1651 251
1653 231 1709 251
1 253 1 274
3 253 4 274
6 253 8 274
10 253 13 274
15 253 19 274
21 253 26 274
28 253 34 274
36 253 43 274
45 253 53 274
55 253 64 274
66 253 76 274
78 253 89 274
91 253 103 274
105 253 118 274
120 253 134 274
136 253 151 274
153 253 169 274
171 253 188 274
190 253 208 274
210 253 229 274
231 253 251 274
253 253 274 274
276 253 298 274
300 253 323 274
325 253 349 274
351 253 376 274
378 253 404 274
406 253 433 274
435 253 463 274
465 253 494 274
496 253 526 274
528 253 559 274
561 253 593 274
595 253 628 274
630 253 664 274
666 253 701 274
703 253 739 274
741 253 778 274
780 253 818 274
820 253 859 274
861 253 901 274
903 253 944 274
946 253 988 274
990 253 1033 274
1035 253 1079 274
1081 253 1126 274
1128 253 1174 274
1176 253 1223 274
1225 253 1273 274
1275 253 1324 274
1326 253 1376 274
1378 253 1429 274
1431 253 1483 274
1485 253 1538 274
1540 253 1594 274
1596 253 1651 274
1653 253 1709 274
1 276 1 298
3 276 4 298
6 276 8 298
10 276 13 298
15 276 19 298
21 276 26 298
28 276 34 298
36 276 43 298
45 276 53 298
55 276 64 298
66 276 76 298
78 276 89 298
91 276 103 298
105 276 118 298
120 276 134 298
136 276 151 298
153 276 169 298
171 276 188 298
190 276 208 298
210 276 229 298
231 276 251 298
253 276 274 298
276 276 298 298
300 276 323 298
325 276 349 298
351 276 376 298
378 276 404 298
406 276 433 298
435 276 463 298
465 276 494 298
496 276 526 298
528 276 559 298
561 276 593 298
595 276 628 298
630 276 664 298
666 276 701 298
703 276 739 298
741 276 778 298
780 276 818 298
820 276 859 298
861 276 901 298
903 276 944 298
946 276 988 298
990 276 1033 298
1035 276 1079 298
1081 276 1126 298
1128 276 1174 298
1176 276 1223 298
1225 276 1273 298
1275 276 1324 298
1326 276 1376 298
1378 276 1429 298
1431 276 1483 298
1485 276 1538 298
1540 276 1594 298
1596 276 1651 298
1653 276 1709 298
1 300 1 323
3 300 4 323
6 300 8 323
10 300 13 323
15 300 19 323
21 300 26 323
28 300 34 323
36 300 43 323
45 300 53 323
55 300 64 323
66 300 76 323
78 300 89 323
91 300 103 323
105 300 118 323
120 300 134 323
136 300 151 323
153 300 169 323
171 300 188 323
190 300 208 323
210 300 229 323
231 300 251 323
253 300 274 323
276 300 298 323
300 300 323 323
325 300 349 323
351 300 376 323
378 300 404 323
406 300 433 323
435 300 463 323
465 300 494 323
496 300 526 323
528 300 559 323
561 300 593 323
595 300 628 323
630 300 664 323
666 300 701 323
703 300 739 323
741 300 778 323
780 300 818 323
820 300 859 323
861 300 901 323
903 300 944 323
946 300 988 323
990 300 1033 323
1035 300 1079 323
1081 300 1126 323
1128 300 1174 323
1176 300 1223 323
1225 300 1273 323
1275 300 1324 323
1326 300 1376 323
1378 300 1429 323
1431 300 1483 323
1485 300 1538 323
1540 300 1594 323
1596 300 1651 323
1653 300 1709 323
1 325 1 349
3 325 4 349
6 325 8 349
10 325 13 349
15 325 19 349
21 325 26 349
28 325 34 349
36 325 43 349
45 325 53 349
55 325 64 349
66 325 76 349
78 325 89 349
91 325 103 349
105 325 118 349
120 325 134 349
136 325 151 349
153 325 169 349
171 325 188 349
190 325 208 349
210 325 229 349
231 325 251 349
253 325 274 349
276 325 298 349
300 325 323 349
325 325 349 349
351 325 376 349
378 325 404 349
406 325 433 349
435 325 463 349
465 325 494 349
496 325 526 349
528 325 559 349
561 325 593 349
595 325 628 349
630 325 664 349
666 325 701 349
703 325 739 349
741 325 778 349
780 325 818 349
820 325 859 349
861 325 901 349
903 325 944 349
946 325 988 349
990 325 1033 349
1035 325 1079 349
1081 325 1126 349
1128 325 1174 349
1176 325 1223 349
1225 325 1273 349
1275 325 1324 349
1326 325 1376 349
1378 325 1429 349
1431 325 1483 349
1485 325 1538 349
1540 325 1594 349
1596 325 1651 349
1653 325 1709 349
1 351 1 376
3 351 4 376
6 351 8 376
10 351 13 376
15 351 19 376
21 351 26 376
28 351 34 376
36 351 43 376
45 351 53 376
55 351 64 376
66 351 76 376
78 351 89 376
91 351 103 376
105 351 118 376
120 351 134 376
136 351 151 376
153 351 169 376
171 351 188 376
190 351 208 376
210 351 229 376
231 351 251 376
253 351 274 376
276 351 298 376
300 351 323 376
325 351 349 376
351 351 376 376
378 351 404 376
406 351 433 376
435 351 463 376
465 351 494 376
496 351 526 376
528 351 559 376
561 351 593 376
595 351 628 376
630 351 664 376
666 351 701 376
703 351 739 376
741 351 778 376
780 351 818 376
820 351 859 376
861 351 901 376
903 351 944 376
946 351 988 376
990 351 1033 376
1035 351 1079 376
1081 351 1126 376
1128 351 1174 376
1176 351 1223 376
1225 351 1273 376
1275 351 1324 376
1326 351 1376 376
1378 351 1429 376
1431 351 1483 376
1485 351 1538 376
1540 351 1594 376
1596 351 1651 376
1653 351 1709 376
1 378 1 404
3 378 4 404
6 378 8 404
10 378 13 404
15 378 19 404
21 378 26 404
28 378 34 404
36 378 43 404
45 378 53 404
55 378 64 404
66 378 76 404
78 378 89 404
91 378 103 404
105 378 118 404
120 378 134 404
136 378 151 404
153 378 169 404
171 378 188 404
190 378 208 404
210 378 229 404
231 378 251 404
253 378 274 404
276 378 298 404
300 378 323 404
325 378 349 404
351 378 376 404
378 378 404 404
406 378 433 404
435 378 463 404
465 378 494 404
496 378 526 404
528 378 559 404
561 378 593 404
595 378 628 404
630 378 664 404
666 378 701 404
703 378 739 404
741 378 778 404
780 378 818 404
820 378 859 404
861 378 901 404
903 378 944 404
946 378 988 404
990 378 1033 404
1035 378 1079 404
1081 378 1126 404
1128 378 1174 404
1176 378 1223 404
1225 378 1273 404
1275 378 1324 404
1326 378 1376 404
1378 378 1429 404
1431 378 1483 404
1485 378 1538 404
1540 378 1594 404
1596 378 1651 404
1653 378 1709 404
1 406 1 433
3 406 4 433
6 406 8 433
10 406 13 433
15 406 19 433
21 406 26 433
28 406 34 433
36 406 43 433
45 406 53 433
55 406 64 433
66 406 76 433
78 406 89 433
91 406 103 433
105 406 118 433
120 406 134 433
136 406 151 433
153 406 169 433
171 406 188 433
190 406 208 433
210 406 229 433
231 406 251 433
253 406 274 433
276 406 298 433
300 406 323 433
325 406 349 433
351 406 376 433
378 406 404 433
406 406 433 433
435 406 463 433
465 406 494 433
496 406 526 433
528 406 559 433
561 406 593 433
595 406 628 433
630 406 664 433
666 406 701 433
703 406 739 433
741 406 778 433
780 406 818 433
820 406 859 433
861 406 901 433
903 406 944 433
946 406 988 433
990 406 1033 433
1035 406 1079 433
1081 406 1126 433
1128 406 1174 433
1176 406 1223 433
1225 406 1273 433
1275 406 1324 433
1326 406 1376 433
1378 406 1429 433
1431 406 1483 433
1485 406 1538 433
1540 406 1594 433
1596 406 1651 433
1653 406 1709 433
1 435 1 463
3 435 4 463
6 435 8 463
10 435 13 463
15 435 19 463
21 435 26 463
28 435 34 463
36 435 43 463
45 435 53 463
55 435 64 463
66 435 76 463
78 435 89 463
91 435 103 463
105 435 118 463
120 435 134 463
136 435 151 463
153 435 169 463
171 435 188 463
190 435 208 463
210 435 229 463
231 435 251 463
253 435 274 463
276 435 298 463
300 435 323 463
325 435 349 463
351 435 376 463
378 435 404 463
406 435 433 463
435 435 463 463
465 435 494 463
496 435 526 463
528 435 559 463
561 435 593 463
595 435 628 463
630 435 664 463
666 435 701 463
703 435 739 463
741 435 778 463
780 435 818 463
820 435 859 463
861 435 901 463
903 435 944 463
946 435 988 463
990 435 1033 463
1035 435 1079 463
1081 435 1126 463
1128 435 1174 463
1176 435 1223 463
1225 435 1273 463
1275 435 1324 463
1326 435 1376 463
1378 435 1429 463
1431 435 1483 463
1485 435 1538 463
1540 435 1594 463
1596 435 1651 463
1653 435 1709 463
1 465 1 494
3 465 4 494
6 465 8 494
10 465 13 494
15 465 19 494
21 465 26 494
28 465 34 494
36 465 43 494
45 465 53 494
55 465 64 494
66 465 76 494
78 465 89 494
91 465 103 494
105 465 118 494
120 465 134 494
136 465 151 494
153 465 169 494
171 465 188 494
190 465 208 494
210 465 229 494
231 465 251 494
253 465 274 494
276 465 298 494
300 465 323 494
325 465 349 494
351 465 376 494
378 465 404 494
406 465 433 494
435 465 463 494
465 465 494 494
496 465 526 494
528 465 559 494
561 465 593 494
595 465 628 494
630 465 664 494
666 465 701 494
703 465 739 494
741 465 778 494
780 465 818 494
820 465 859 494
861 465 901 494
903 465 944 494
946 465 988 494
990 465 1033 494
1035 465 1079 494
1081 465 1126 494
1128 465 1174 494
1176 465 1223 494
1225 465 1273 494
1275 465 1324 494
1326 465 1376 494
1378 465 1429 494
1431 465 1483 494
1485 465 1538 494
1540 465 1594 494
1596 465 1651 494
1653 465 1709 494
1 496 1 526
3 496 4 526
6 496 8 526
10 496 13 526
15 496 19 526
21 496 26 526
28 496 34 526
36 496 43 526
45 496 53 526
55 496 64 526
66 496 76 526
78 496 89 526
91 496 103 526
105 496 118 526
120 496 134 526
136 496 151 526
153 496 169 526
171 496 188 526
190 496 208 526
210 496 229 526
231 496 251 526
253 496 274 526
276 496 298 526
300 496 323 526
325 496 349 526
351 496 376 526
378 496 404 526
406 496 433 526
435 496 463 526
465 496 494 526
496 496 526 526
528 496 559 526
561 496 593 526
595 496 628 526
630 496 664 526
666 496 701 526
703 496 739 526
741 496 778 526
780 496 818 526
820 496 859 526
861 496 901 526
903 496 944 526
946 496 988 526
990 496 1033 526
1035 496 1079 526
1081 496 1126 526
1128 496 1174 526
1176 496 1223 526
1225 496 1273 526
1275 496 1324 526
1326 496 1376 526
1378 496 1429 526
1431 496 1483 526
1485 496 1538 526
1540 496 1594 526
1596 496 1651 526
1653 496 1709 526
1 528 1 559
3 528 4 559
6 528 8 559
10 528 13 559
15 528 19 559
21 528 26 559
28 528 34 559
36 528 43 559
45 528 53 559
55 528 64 559
66 528 76 559
78 528 89 559
91 528 103 559
105 528 118 559
120 528 134 559
136 528 151 559
153 528 169 559
171 528 188 559
190 528 208 559
210 528 229 559
231 528 251 559
253 528 274 559
276 528 298 559
300 528 323 559
325 528 349 559
351 528 376 559
378 528 404 559
406 528 433 559
435 528 463 559
465 528 494 559
496 528 526 559
528 528 559 559
561 528 593 559
595 528 628 559
630 528 664 559
666 528 701 559
703 528 739 559
741 528 778 559
780 528 818 559
820 528 859 559
861 528 901 559
903 528 944 559
946 528 988 559
990 528 1033 559
1035 528 1079 559
1081 528 1126 559
1128 528 1174 559
1176 528 1223 559
1225 528 1273 559
1275 528 1324 559
1326 528 1376 559
1378 528 1429 559
1431 528 1483 559
1485 528 1538 559
1540 528 1594 559
1596 528 1651 559
1653 528 1709 559
1 561 1 593
3 561 4 593
6 561 8 593
10 561 13 593
15 561 19 593
21 561 26 593
28 561 34 593
36 561 43 593
45 561 53 593
55 561 64 593
66 561 76 593
78 561 89 593
91 561 103 593
105 561 118 593
120 561 134 593
136 561 151 593
153 561 169 593
171 561 188 593
190 561 208 593
210 561 229 593
231 561 251 593
253 561 274 593
276 561 298 593
300 561 323 593
325 561 349 593
351 561 376 593
378 561 404 593
406 561 433 593
435 561 463 593
465 561 494 593
496 561 526 593
528 561 559 593
561 561 593 593
595 561 628 593
630 561 664 593
666 561 701 593
703 561 739 593
741 561 778 593
780 561 818 593
820 561 859 593
861 561 901 593
903 561 944 593
946 561 988 593
990 561 1033 593
1035 561 1079 593
1081 561 1126 593
1128 561 1174 593
1176 561 1223 593
1225 561 1273 593
1275 561 1324 593
1326 561 1376 593
1378 561 1429 593
1431 561 1483 593
1485 561 1538 593
1540 561 1594 593
1596 561 1651 593
1653 561 1709 593
1 595 1 628
3 595 4 628
6 595 8 628
10 595 13 628
15 595 19 628
21 595 26 628
28 595 34 628
36 595 43 628
45 595 53 628
55 595 64 628
66 595 76 628
78 595 89 628
91 595 103 628
105 595 118 628
120 595 134 628
136 595 151 628
153 595 169 628
171 595 188 628
190 595 208 628
210 595 229 628
231 595 251 628
253 595 274 628
276 595 298 628
300 595 323 628
325 595 349 628
351 595 376 628
378 595 404 628
406 595 433 628
435 595 463 628
465 595 494 628
496 595 526 628
528 595 559 628
561 595 593 628
595 595 628 628
630 595 664 628
666 595 701 628
703 595 739 628
741 595 778 628
780 595 818 628
820 595 859 628
861 595 901 628
903 595 944 628
946 595 988 628
990 595 1033 628
1035 595 1079 628
1081 595 1126 628
1128 595 1174 628
1176 595 1223 628
1225 595 1273 628
1275 595 1324 628
1326 595 1376 628
1378 595 1429 628
1431 595 1483 628
1485 595 1538 628
1540 595 1594 628
1596 595 1651 628
1653 595 1709 628
1 630 1 664
3 630 4 664
6 630 8 664
10 630 13 664
15 630 19 664
21 630 26 664
28 630 34 664
36 630 43 664
45 630 53 664
55 630 64 664
66 630 76 664
78 630 89 664
91 630 103 664
105 630 118 664
120 630 134 664
136 630 151 664
153 630 169 664
171 630 188 664
190 630 208 664
210 630 229 664
231 630 251 664
253 630 274 664
276 630 298 664
300 630 323 664
325 630 349 664
351 630 376 664
378 630 404 664
406 630 433 664
435 630 463 664
465 630 494 664
496 630 526 664
528 630 559 664
561 630 593 664
595 630 628 664
630 630 664 664
666 630 701 664
703 630 739 664
741 630 778 664
780 630 818 664
820 630 859 664
861 630 901 664
903 630 944 664
946 630 988 664
990 630 1033 664
1035 630 1079 664
1081 630 1126 664
1128 630 1174 664
1176 630 1223 664
1225 630 1273 664
1275 630 1324 664
1326 630 1376 664
1378 630 1429 664
1431 630 1483 664
1485 630 1538 664
1540 630 1594 664
1596 630 1651 664
1653 630 1709 664
1 666 1 701
3 666 4 701
6 666 8 701
10 666 13 701
15 666 19 701
21 666 26 701
28 666 34 701
36 666 43 701
45 666 53 701
55 666 64 701
66 666 76 701
78 666 89 701
91 666 103 701
105 666 118 701
120 666 134 701
136 666 151 701
153 666 169 701
171 666 188 701
190 666 208 701
210 666 229 701
231 666 251 701
253 666 274 701
276 666 298 701
300 666 323 701
325 666 349 701
351 666 376 701
378 666 404 701
406 666 433 701
435 666 463 701
465 666 494 701
496 666 526 701
528 666 559 701
561 666 593 701
595 666 628 701
630 666 664 701
666 666 701 701
703 666 739 701
741 666 778 701
780 666 818 701
820 666 859 701
861 666 901 701
903 666 944 701
946 666 988 701
990 666 1033 701
1035 666 1079 701
1081 666 1126 701
1128 666 1174 701
1176 666 1223 701
1225 666 1273 701
1275 666 1324 701
1326 666 1376 701
1378 666 1429 701
1431 666 1483 701
1485 666 1538 701
1540 666 1594 701
1596 666 1651 701
1653 666 1709 701
1 703 1 739
3 703 4 739
6 703 8 739
10 703 13 739
15 703 19 739
21 703 26 739
28 703 34 739
36 703 43 739
45 703 53 739
55 703 64 739
66 703 76 739
78 703 89 739
91 703 103 739
105 703 118 739
120 703 134 739
136 703 151 739
153 703 169 739
171 703 188 739
190 703 208 739
210 703 229 739
231 703 251 739
253 703 274 739
276 703 298 739
300 703 323 739
325 703 349 739
351 703 376 739
378 703 404 739
406 703 433 739
435 703 463 739
465 703 494 739
496 703 526 739
528 703 559 739
561 703 593 739
595 703 628 739
630 703 664 739
666 703 701 739
703 703 739 739
741 703 778 739
780 703 818 739
820 703 859 739
861 703 901 739
903 703 944 739
946 703 988 739
990 703 1033 739
1035 703 1079 739
1081 703 1126 739
1128 703 1174 739
1176 703 1223 739
1225 703 1273 739
1275 703 1324 739
1326 703 1376 739
1378 703 1429 739
1431 703 1483 739
1485 703 1538 739
1540 703 1594 739
1596 703 1651 739
1653 703 1709 739
1 741 1 778
3 741 4 778
6 741 8 778
10 741 13 778
15 741 19 778
21 741 26 778
28 741 34 778
36 741 43 778
45 741 53 778
55 741 64 778
66 741 76 778
78 741 89 778
91 741 103 778
105 741 118 778
120 741 134 778
136 741 151 778
153 741 169 778
171 741 188 778
190 741 208 778
210 741 229 778
231 741 251 778
253 741 274 778
276 741 298 778
300 741 323 778
325 741 349 778
351 741 376 778
378 741 404 778
406 741 433 778
435 741 463 778
465 741 494 778
496 741 526 778
528 741 559 778
561 741 593 778
595 741 628 778
630 741 664 778
666 741 701 778
703 741 739 778
741 741 778 778
780 741 818 778
820 741 859 778
861 741 901 778
903 741 944 778
946 741 988 778
990 741 1033 778
1035 741 1079 778
1081 741 1126 778
1128 741 1174 778
1176 741 1223 778
1225 741 1273 778
1275 741 1324 778
1326 741 1376 778
1378 741 1429 778
1431 741 1483 778
1485 741 1538 778
1540 741 1594 778
1596 741 1651 778
1653 741 1709 778
1 780 1 818
3 780 4 818
6 780 8 818
10 780 13 818
15 780 19 818
21 780 26 818
28 780 34 818
36 780 43 818
45 780 53 818
55 780 64 818
66 780 76 818
78 780 89 818
91 780 103 818
105 780 118 818
120 780 134 818
136 780 151 818
153 780 169 818
171 780 188 818
190 780 208 818
210 780 229 818
231 780 251 818
253 780 274 818
276 780 298 818
300 780 323 818
325 780 349 818
351 780 376 818
378 780 404 818
406 780 433 818
435 780 463 818
465 780 494 818
496 780 526 818
528 780 559 818
561 780 593 818
595 780 628 818
630 780 664 818
666 780 701 818
703 780 739 818
741 780 778 818
780 780 818 818
820 780 859 818
861 780 901 818
903 780 944 818
946 780 988 818
990 780 1033 818
1035 780 1079 818
1081 780 1126 818
1128 780 1174 818
1176 780 1223 818
1225 780 1273 818
1275 780 1324 818
1326 780 1376 818
1378 780 1429 818
1431 780 1483 818
1485 780 1538 818
1540 780 1594 818
1596 780 1651 818
1653 780 1709 818
1 820 1 859
3 820 4 859
6 820 8 859
10 820 13 859
15 820 19 859
21 820 26 859
28 820 34 859
36 820 43 859
45 820 53 859
55 820 64 859
66 820 76 859
78 820 89 859
91 820 103 859
105 820 118 859
120 820 134 859
136 820 151 859
153 820 169 859
171 820 188 859
190 820 208 859
210 820 229 859
231 820 251 859
253 820 274 859
276 820 298 859
300 820 323 859
325 820 349 859
351 820 376 859
378 820 404 859
406 820 433 859
435 820 463 859
465 820 494 859
496 820 526 859
528 820 559 859
561 820 593 859
595 820 628 859
630 820 664 859
666 820 701 859
703 820 739 859
741 820 778 859
780 820 818 859
820 820 859 859
861 820 901 859
903 820 944 859
946 820 988 859
990 820 1033 859
1035 820 1079 859
1081 820 1126 859
1128 820 1174 859
1176 820 1223 859
1225 820 1273 859
1275 820 1324 859
1326 820 1376 859
1378 820 1429 859
1431 820 1483 859
1485 820 1538 859
1540 820 1594 859
1596 820 1651 859
1653 820 1709 859
1 861 1 901
3 861 4 901
6 861 8 901
10 861 13 901
15 861 19 901
21 861 26 901
28 861 34 901
36 861 43 901
45 861 53 901
55 861 64 901
66 861 76 901
78 861 89 901
91 861 103 901
105 861 118 901
120 861 134 901
136 861 151 901
153 861 169 901
171 861 188 901
190 861 208 901
210 861 229 901
231 861 251 901
253 861 274 901
276 861 298 901
300 861 323 901
325 861 349 901
351 861 376 901
378 861 404 901
406 861 433 901
435 861 463 901
465 861 494 901
496 861 526 901
528 861 559 901
561 861 593 901
595 861 628 901
630 861 664 901
666 861 701 901
703 861 739 901
741 861 778 901
780 861 818 901
820 861 859 901
861 861 901 901
903 861 944 901
946 861 988 901
990 861 1033 901
1035 861 1079 901
1081 861 1126 901
1128 861 1174 901
1176 861 1223 901
1225 861 1273 901
1275 861 1324 901
1326 861 1376 901
1378 861 1429 901
1431 861 1483 901
1485 861 1538 901
1540 861 1594 901
1596 861 1651 901
1653 861 1709 901
1 903 1 944
3 903 4 944
6 903 8 944
10 903 13 944
15 903 19 944
21 903 26 944
28 903 34 944
36 903 43 944
45 903 53 944
55 903 64 944
66 903 76 944
78 903 89 944
91 903 103 944
105 903 118 944
120 903 134 944
136 903 151 944
153 903 169 944
171 903 188 944
190 903 208 944
210 903 229 944
231 903 251 944
253 903 274 944
276 903 298 944
300 903 323 944
325 903 349 944
351 903 376 944
378 903 404 944
406 903 433 944
435 903 463 944
465 903 494 944
496 903 526 944
528 903 559 944
561 903 593 944
595 903 628 944
630 903 664 944
666 903 701 944
703 903 739 944
741 903 778 944
780 903 818 944
820 903 859 944
861 903 901 944
903 903 944 944
946 903 988 944
990 903 1033 944
1035 903 1079 944
1081 903 1126 944
1128 903 1174 944
1176 903 1223 944
1225 903 1273 944
1275 903 1324 944
1326 903 1376 944
1378 903 1429 944
1431 903 1483 944
1485 903 1538 944
1540 903 1594 944
1596 903 1651 944
1653 903 1709 944
1 946 1 988
3 946 4 988
6 946 8 988
10 946 13 988
15 946 19 988
21 946 26 988
28 946 34 988
36 946 43 988
45 946 53 988
55 946 64 988
66 946 76 988
78 946 89 988
91 946 103 988
105 946 118 988
120 946 134 988
136 946 151 988
153 946 169 988
171 946 188 988
190 946 208 988
210 946 229 988
231 946 251 988
253 946 274 988
276 946 298 988
300 946 323 988
325 946 349 988
351 946 376 988
378 946 404 988
406 946 433 988
435 946 463 988
465 946 494 988
496 946 526 988
528 946 559 988
561 946 593 988
595 946 628 988
630 946 664 988
666 946 701 988
703 946 739 988
741 946 778 988
780 946 818 988
820 946 859 988
861 946 901 988
903 946 944 988
946 946 988 988
990 946 1033 988
1035 946 1079 988
1081 946 1126 988
1128 946 1174 988
1176 946 1223 988
1225 946 1273 988
1275 946 1324 988
1326 946 1376 988
1378 946 1429 988
1431 946 1483 988
1485 946 1538 988
1540 946 1594 988
1596 946 1651 988
1653 946 1709 988
1 990 1 1033
3 990 4 1033
6 990 8 1033
10 990 13 1033
15 990 19 1033
21 990 26 1033
28 990 34 1033
36 990 43 1033
45 990 53 1033
55 990 64 1033
66 990 76 1033
78 990 89 1033
91 990 103 1033
105 990 118 1033
120 990 134 1033
136 990 151 1033
153 990 169 1033
171 990 188 1033
190 990 208 1033
210 990 229 1033
231 990 251 1033
253 990 274 1033
276 990 298 1033
300 990 323 1033
325 990 349 1033
351 990 376 1033
378 990 404 1033
406 990 433 1033
435 990 463 1033
465 990 494 1033
496 990 526 1033
528 990 559 1033
561 990 593 1033
595 990 628 1033
630 990 664 1033
666 990 701 1033
703 990 739 1033
741 990 778 1033
780 990 818 1033
820 990 859 1033
861 990 901 1033
903 990 944 1033
946 990 988 1033
990 990 1033 1033
1035 990 1079 1033
1081 990 1126 1033
1128 990 1174 1033
1176 990 1223 1033
1225 990 1273 1033
1275 990 1324 1033
1326 990 1376 1033
1378 990 1429 1033
1431 990 1483 1033
1485 990 1538 1033
1540 990 1594 1033
1596 990 1651 1033
1653 990 1709 1033
1 1035 1 1079
3 1035 4 1079
6 1035 8 1079
10 1035 13 1079
15 1035 19 1079
21 1035 26 1079
28 1035 34 1079
36 1035 43 1079
45 1035 53 1079
55 1035 64 1079
66 1035 76 1079
78 1035 89 1079
91 1035 103 1079
105 1035 118 1079
120 1035 134 1079
136 1035 151 1079
153 1035 169 1079
171 1035 188 1079
190 1035 208 1079
210 1035 229 1079
231 1035 251 1079
253 1035 274 1079
276 1035 298 1079
300 1035 323 1079
325 1035 349 1079
351 1035 376 1079
378 1035 404 1079
406 1035 433 1079
435 1035 463 1079
465 1035 494 1079
496 1035 526 1079
528 1035 559 1079
561 1035 593 1079
595 1035 628 1079
630 1035 664 1079
666 1035 701 1079
703 1035 739 1079
741 1035 778 1079
780 1035 818 1079
820 1035 859 1079
861 1035 901 1079
903 1035 944 1079
946 1035 988 1079
990 1035 1033 1079
1035 1035 1079 1079
1081 1035 1126 1079
1128 1035 1174 1079
1176 1035 1223 1079
1225 1035 1273 1079
1275 1035 1324 1079
1326 1035 1376 1079
1378 1035 1429 1079
1431 1035 1483 1079
1485 1035 1538 1079
1540 1035 1594 1079
1596 1035 1651 1079
1653 1035 1709 1079
1 1081 1 1126
3 1081 4 1126
6 1081 8 1126
10 1081 13 1126
15 1081 19 1126
21 1081 26 1126
28 1081 34 1126
36 1081 43 1126
45 1081 53 1126
55 1081 64 1126
66 1081 76 1126
78 1081 89 1126
91 1081 103 1126
105 1081 118 1126
120 1081 134 1126
136 1081 151 1126
153 1081 169 1126
171 1081 188 1126
190 1081 208 1126
210 1081 229 1126
231 1081 251 1126
253 1081 274 1126
276 1081 298 1126
300 1081 323 1126
325 1081 349 1126
351 1081 376 1126
378 1081 404 1126
406 1081 433 1126
435 1081 463 1126
465 1081 494 1126
496 1081 526 1126
528 1081 559 1126
561 1081 593 1126
595 1081 628 1126
630 1081 664 1126
666 1081 701 1126
703 1081 739 1126
741 1081 778 1126
780 1081 818 1126
820 1081 859 1126
861 1081 901 1126
903 1081 944 1126
946 1081 988 1126
990 1081 1033 1126
1035 1081 1079 1126
1081 1081 1126 1126
1128 1081 1174 1126
1176 1081 1223 1126
1225 1081 1273 1126
1275 1081 1324 1126
1326 1081 1376 1126
1378 1081 1429 1126
1431 1081 1483 1126
1485 1081 1538 1126
1540 1081 1594 1126
1596 1081 1651 1126
1653 1081 1709 1126
1 1128 1 1174
3 1128 4 1174
6 1128 8 1174
10 1128 13 1174
15 1128 19 1174
21 1128 26 1174
28 1128 34 1174
36 1128 43 1174
45 1128 53 1174
55 1128 64 1174
66 1128 76 1174
78 1128 89 1174
91 1128 103 1174
105 1128 118 1174
120 1128 134 1174
136 1128 151 1174
153 1128 169 1174
171 1128 188 1174
190 1128 208 1174
210 1128 229 1174
231 1128 251 1174
253 1128 274 1174
276 1128 298 1174
300 1128 323 1174
325 1128 349 1174
351 1128 376 1174
378 1128 404 1174
406 1128 433 1174
435 1128 463 1174
465 1128 494 1174
496 1128 526 1174
528 1128 559 1174
561 1128 593 1174
595 1128 628 1174
630 1128 664 1174
666 1128 701 1174
703 1128 739 1174
741 1128 778 1174
780 1128 818 1174
820 1128 859 1174
861 1128 901 1174
903 1128 944 1174
946 1128 988 1174
990 1128 1033 1174
1035 1128 1079 1174
1081 1128 1126 1174
1128 1128 1174 1174
1176 1128 1223 1174
1225 1128 1273 1174
1275 1128 1324 1174
1326 1128 1376 1174
1378 1128 1429 1174
1431 1128 1483 1174
1485 1128 1538 1174
1540 1128 1594 1174
1596 1128 1651 1174
1653 1128 1709 1174
1 1176 1 1223
3 1176 4 1223
6 1176 8 1223
10 1176 13 1223
15 1176 19 1223
21 1176 26 1223
28 1176 34 1223
36 1176 43 1223
45 1176 53 1223
55 1176 64 1223
66 1176 76 1223
78 1176 89 1223
91 1176 103 1223
105 1176 118 1223
120 1176 134 1223
136 1176 151 1223
153 1176 169 1223
171 1176 188 1223
190 1176 208 1223
210 1176 229 1223
231 1176 251 1223
253 1176 274 1223
276 1176 298 1223
300 1176 323 1223
325 1176 349 1223
351 1176 376 1223
378 1176 404 1223
406 1176 433 1223
435 1176 463 1223
465 1176 494 1223
496 1176 526 1223
528 1176 559 1223
561 1176 593 1223
595 1176 628 1223
630 1176 664 1223
666 1176 701 1223
703 1176 739 1223
741 1176 778 1223
780 1176 818 1223
820 1176 859 1223
861 1176 901 1223
903 1176 944 1223
946 1176 988 1223
990 1176 1033 1223
1035 1176 1079 1223
1081 1176 1126 1223
1128 1176 1174 1223
1176 1176 1223 1223
1225 1176 1273 1223
1275 1176 1324 1223
1326 1176 1376 1223
1378 1176 1429 1223
1431 1176 1483 1223
1485 1176 1538 1223
1540 1176 1594 1223
1596 1176 1651 1223
1653 1176 1709 1223
1 1225 58 1225
60 1225 118 1225
120 1225 179 1225
181 1225 241 1225
243 1225 304 1225
306 1225 368 1225
370 1225 433 1225
435 1225 499 1225
501 1225 566 1225
568 1225 634 1225
636 1225 703 1225
705 1225 773 1225
775 1225 844 1225
846 1225 916 1225
918 1225 989 1225
991 1225 1063 1225
1065 1225 1138 1225
1140 1225 1214 1225
1216 1225 1291 1225
1293 1225 1369 1225
1371 1225 1448 1225
1450 1225 1528 1225
1530 1225 1609 1225
1611 1225 1725 1225
1 1227 58 1228
60 1227 118 1228
120 1227 179 1228
181 1227 241 1228
243 1227 304 1228
306 1227 368 1228
370 1227 433 1228
435 1227 499 1228
501 1227 566 1228
568 1227 634 1228
636 1227 703 1228
705 1227 773 1228
775 1227 844 1228
846 1227 916 1228
918 1227 989 1228
991 1227 1063 1228
1065 1227 1138 1228
1140 1227 1214 1228
1216 1227 1291 1228
1293 1227 1369 1228
1371 1227 1448 1228
1450 1227 1528 1228
1530 1227 1609 1228
1611 1227 1725 1228
1 1230 58 1232
60 1230 118 1232
120 1230 179 1232
181 1230 241 1232
243 1230 304 1232
306 1230 368 1232
370 1230 433 1232
435 1230 499 1232
501 1230 566 1232
568 1230 634 1232
636 1230 703 1232
705 1230 773 1232
775 1230 844 1232
846 1230 916 1232
918 1230 989 1232
991 1230 1063 1232
1065 1230 1138 1232
1140 1230 1214 1232
1216 1230 1291 1232
1293 1230 1369 1232
1371 1230 1448 1232
1450 1230 1528 1232
1530 1230 1609 1232
1611 1230 1725 1232
1 1234 58 1237
60 1234 118 1237
120 1234 179 1237
181 1234 241 1237
243 1234 304 1237
306 1234 368 1237
370 1234 433 1237
435 1234 499 1237
501 1234 566 1237
568 1234 634 1237
636 1234 703 1237
705 1234 773 1237
775 1234 844 1237
846 1234 916 1237
918 1234 989 1237
991 1234 1063 1237
1065 1234 1138 1237
1140 1234 1214 1237
1216 1234 1291 1237
1293 1234 1369 1237
1371 1234 1448 1237
1450 1234 1528 1237
1530 1234 1609 1237
1611 1234 1725 1237
1 1239 58 1243
60 1239 118 1243
120 1239 179 1243
181 1239 241 1243
243 1239 304 1243
306 1239 368 1243
370 1239 433 1243
435 1239 499 1243
501 1239 566 1243
568 1239 634 1243
636 1239 703 1243
705 1239 773 1243
775 1239 844 1243
846 1239 916 1243
918 1239 989 1243
991 1239 1063 1243
1065 1239 1138 1243
1140 1239 1214 1243
1216 1239 1291 1243
1293 1239 1369 1243
1371 1239 1448 1243
1450 1239 1528 1243
1530 1239 1609 1243
1611 1239 1725 1243
1 1245 81 1245
83 1245 164 1245
166 1245 248 1245
250 1245 333 1245
335 1245 419 1245
421 1245 506 1245
508 1245 594 1245
596 1245 683 1245
685 1245 773 1245
775 1245 864 1245
866 1245 956 1245
958 1245 1049 1245
1051 1245 1143 1245
1145 1245 1238 1245
1240 1245 1334 1245
1336 1245 1431 1245
1433 1245 1529 1245
1531 1245 1725 1245
1 1247 81 1249
83 1247 164 1249
166 1247 248 1249
250 1247 333 1249
335 1247 419 1249
421 1247 506 1249
508 1247 594 1249
596 1247 683 1249
685 1247 773 1249
775 1247 864 1249
866 1247 956 1249
958 1247 1049 1249
1051 1247 1143 1249
1145 1247 1238 1249
1240 1247 1334 1249
1336 1247 1431 1249
1433 1247 1529 1249
1531 1247 1725 1249
1711 1 1711 49
1711 51 1711 100
1711 102 1711 152
1711 154 1711 205
1711 207 1711 259
1711 261 1711 314
1711 316 1711 370
1711 372 1711 427
1711 429 1711 485
1711 487 1711 544
1711 546 1711 604
1711 606 1711 665
1711 667 1711 727
1711 729 1711 790
1711 792 1711 854
1711 856 1711 919
1711 921 1711 985
1711 987 1711 1052
1711 1054 1711 1120
1711 1122 1711 1223
1713 1 1714 49
1713 51 1714 100
1713 102 1714 152
1713 154 1714 205
1713 207 1714 259
1713 261 1714 314
1713 316 1714 370
1713 372 1714 427
1713 429 1714 485
1713 487 1714 544
1713 546 1714 604
1713 606 1714 665
1713 667 1714 727
1713 729 1714 790
1713 792 1714 854
1713 856 1714 919
1713 921 1714 985
1713 987 1714 1052
1713 1054 1714 1120
1713 1122 1714 1223
1716 1 1718 49
1716 51 1718 100
1716 102 1718 152
1716 154 1718 205
1716 207 1718 259
1716 261 1718 314
1716 316 1718 370
1716 372 1718 427
1716 429 1718 485
1716 487 1718 544
1716 546 1718 604
1716 606 1718 665
1716 667 1718 727
1716 729 1718 790
1716 792 1718 854
1716 856 1718 919
1716 921 1718 985
1716 987 1718 1052
1716 1054 1718 1120
1716 1122 1718 1223
1720 1 1723 49
1720 51 1723 100
1720 102 1723 152
1720 154 1723 205
1720 207 1723 259
1720 261 1723 314
1720 316 1723 370
1720 372 1723 427
1720 429 1723 485
1720 487 1723 544
1720 546 1723 604
1720 606 1723 665
1720 667 1723 727
1720 729 1723 790
1720 792 1723 854
1720 856 1723 919
1720 921 1723 985
1720 987 1723 1052
1720 1054 1723 1120
1720 1122 1723 1223
1725 1 1725 68
1725 70 1725 138
1725 140 1725 209
1725 211 1725 281
1725 283 1725 354
1725 356 1725 428
1725 430 1725 503
1725 505 1725 579
1725 581 1725 656
1725 658 1725 734
1725 736 1725 813
1725 815 1725 893
1725 895 1725 974
1725 976 1725 1056
1725 1058 1725 1139
1725 1141 1725 1223
