<resultados>
	<mundos>
		<mundo nombre="mundo_0">
			<linea fila="18" compresionDeCeros="true">(1) 1 1 1 1 1 1 1 1 1 1 1 (13) 1 1 1 1 (18) 1 1 1 (22) 1 1 (25) 1 </linea>
			<linea fila="16" compresionDeCeros="true">(1) 1 1 1 1 1 1 1 1 1 1 1 (13) 1 1 1 1 (18) 1 1 1 (22) 1 1 (25) 1 </linea>
			<linea fila="15" compresionDeCeros="true">(1) 1 1 1 1 1 1 1 1 1 1 1 (13) 1 1 1 1 (18) 1 1 1 (22) 1 1 (25) 1 </linea>
			<linea fila="13" compresionDeCeros="true">(1) 1 1 1 1 1 1 1 1 1 1 1 (13) 1 1 1 1 (18) 1 1 1 (22) 1 1 (25) 1 </linea>
			<linea fila="12" compresionDeCeros="true">(1) 1 1 1 1 1 1 1 1 1 1 1 (13) 1 1 1 1 (18) 1 1 1 (22) 1 1 (25) 1 </linea>
			<linea fila="11" compresionDeCeros="true">(1) 1 1 1 1 1 1 1 1 1 1 1 (13) 1 1 1 1 (18) 1 1 1 (22) 1 1 (25) 1 </linea>
			<linea fila="9" compresionDeCeros="true">(1) 1 1 1 1 1 1 1 1 1 1 1 (13) 1 1 1 1 (18) 1 1 1 (22) 1 1 (25) 1 </linea>
			<linea fila="8" compresionDeCeros="true">(1) 1 1 1 1 1 1 1 1 1 1 1 (13) 1 1 1 1 (18) 1 1 1 (22) 1 1 (25) 1 </linea>
			<linea fila="7" compresionDeCeros="true">(1) 1 1 1 1 1 1 1 1 1 1 1 (13) 1 1 1 1 (18) 1 1 1 (22) 1 1 (25) 1 </linea>
			<linea fila="6" compresionDeCeros="true">(1) 1 1 1 1 1 1 1 1 1 1 1 (13) 1 1 1 1 (18) 1 1 1 (22) 1 1 (25) 1 </linea>
			<linea fila="4" compresionDeCeros="true">(1) 1 1 1 1 1 1 1 1 1 1 1 1 (14) 1 1 1 1 1 1 (21) 1 1 1 1 1 </linea>
			<linea fila="3" compresionDeCeros="true">(1) 1 1 1 1 1 1 1 1 1 1 1 1 (14) 1 1 1 1 1 1 (21) 1 1 1 1 1 </linea>
			<linea fila="2" compresionDeCeros="true">(1) 1 1 1 1 1 1 1 1 1 1 1 1 (14) 1 1 1 1 1 1 (21) 1 1 1 1 1 </linea>
			<linea fila="1" compresionDeCeros="true">(1) 1 1 1 1 1 1 1 1 1 1 1 1 (14) 1 1 1 1 1 1 (21) 1 1 1 1 1 </linea>
		</mundo>
	</mundos>
	<programas>
		<programa nombre="p1" resultadoEjecucion="FIN PROGRAMA"/>
	</programas>
</resultados>

